running egg_info
creating ../../build/logger/logger.egg-info
writing ../../build/logger/logger.egg-info/PKG-INFO
writing dependency_links to ../../build/logger/logger.egg-info/dependency_links.txt
writing entry points to ../../build/logger/logger.egg-info/entry_points.txt
writing requirements to ../../build/logger/logger.egg-info/requires.txt
writing top-level names to ../../build/logger/logger.egg-info/top_level.txt
writing manifest file '../../build/logger/logger.egg-info/SOURCES.txt'
reading manifest file '../../build/logger/logger.egg-info/SOURCES.txt'
writing manifest file '../../build/logger/logger.egg-info/SOURCES.txt'
running build
running build_py
creating /home/nir/Desktop/Dailybot_GUI/build/logger/build
creating /home/nir/Desktop/Dailybot_GUI/build/logger/build/lib
creating /home/nir/Desktop/Dailybot_GUI/build/logger/build/lib/logger
copying logger/__init__.py -> /home/nir/Desktop/Dailybot_GUI/build/logger/build/lib/logger
copying logger/logger.py -> /home/nir/Desktop/Dailybot_GUI/build/logger/build/lib/logger
running install
running install_lib
creating /home/nir/Desktop/Dailybot_GUI/install/logger/lib/python3.10/site-packages/logger
copying /home/nir/Desktop/Dailybot_GUI/build/logger/build/lib/logger/__init__.py -> /home/nir/Desktop/Dailybot_GUI/install/logger/lib/python3.10/site-packages/logger
copying /home/nir/Desktop/Dailybot_GUI/build/logger/build/lib/logger/logger.py -> /home/nir/Desktop/Dailybot_GUI/install/logger/lib/python3.10/site-packages/logger
byte-compiling /home/nir/Desktop/Dailybot_GUI/install/logger/lib/python3.10/site-packages/logger/__init__.py to __init__.cpython-310.pyc
byte-compiling /home/nir/Desktop/Dailybot_GUI/install/logger/lib/python3.10/site-packages/logger/logger.py to logger.cpython-310.pyc
running install_data
creating /home/nir/Desktop/Dailybot_GUI/install/logger/share/ament_index
creating /home/nir/Desktop/Dailybot_GUI/install/logger/share/ament_index/resource_index
creating /home/nir/Desktop/Dailybot_GUI/install/logger/share/ament_index/resource_index/packages
copying resource/logger -> /home/nir/Desktop/Dailybot_GUI/install/logger/share/ament_index/resource_index/packages
copying package.xml -> /home/nir/Desktop/Dailybot_GUI/install/logger/share/logger
running install_egg_info
Copying ../../build/logger/logger.egg-info to /home/nir/Desktop/Dailybot_GUI/install/logger/lib/python3.10/site-packages/logger-0.0.0-py3.10.egg-info
running install_scripts
writing list of installed files to '/home/nir/Desktop/Dailybot_GUI/build/logger/install.log'
