[1.253s] Invoking command in '/home/nir/Desktop/Dailybot_GUI/src/logger': CONDA_PROMPT_MODIFIER=(base) PYTHONPATH=/home/nir/Desktop/Dailybot_GUI/build/logger/prefix_override:/home/nir/Desktop/Dailybot_GUI/install/logger/lib/python3.10/site-packages:${PYTHONPATH} /usr/bin/python3 setup.py egg_info --egg-base ../../build/logger build --build-base /home/nir/Desktop/Dailybot_GUI/build/logger/build install --record /home/nir/Desktop/Dailybot_GUI/build/logger/install.log --single-version-externally-managed
[1.472s] running egg_info
[1.472s] creating ../../build/logger/logger.egg-info
[1.472s] writing ../../build/logger/logger.egg-info/PKG-INFO
[1.472s] writing dependency_links to ../../build/logger/logger.egg-info/dependency_links.txt
[1.472s] writing entry points to ../../build/logger/logger.egg-info/entry_points.txt
[1.472s] writing requirements to ../../build/logger/logger.egg-info/requires.txt
[1.472s] writing top-level names to ../../build/logger/logger.egg-info/top_level.txt
[1.473s] writing manifest file '../../build/logger/logger.egg-info/SOURCES.txt'
[1.473s] reading manifest file '../../build/logger/logger.egg-info/SOURCES.txt'
[1.474s] writing manifest file '../../build/logger/logger.egg-info/SOURCES.txt'
[1.474s] running build
[1.474s] running build_py
[1.474s] creating /home/nir/Desktop/Dailybot_GUI/build/logger/build
[1.474s] creating /home/nir/Desktop/Dailybot_GUI/build/logger/build/lib
[1.474s] creating /home/nir/Desktop/Dailybot_GUI/build/logger/build/lib/logger
[1.474s] copying logger/__init__.py -> /home/nir/Desktop/Dailybot_GUI/build/logger/build/lib/logger
[1.474s] copying logger/logger.py -> /home/nir/Desktop/Dailybot_GUI/build/logger/build/lib/logger
[1.474s] running install
[1.474s] running install_lib
[1.475s] creating /home/nir/Desktop/Dailybot_GUI/install/logger/lib/python3.10/site-packages/logger
[1.475s] copying /home/nir/Desktop/Dailybot_GUI/build/logger/build/lib/logger/__init__.py -> /home/nir/Desktop/Dailybot_GUI/install/logger/lib/python3.10/site-packages/logger
[1.475s] copying /home/nir/Desktop/Dailybot_GUI/build/logger/build/lib/logger/logger.py -> /home/nir/Desktop/Dailybot_GUI/install/logger/lib/python3.10/site-packages/logger
[1.475s] byte-compiling /home/nir/Desktop/Dailybot_GUI/install/logger/lib/python3.10/site-packages/logger/__init__.py to __init__.cpython-310.pyc
[1.476s] byte-compiling /home/nir/Desktop/Dailybot_GUI/install/logger/lib/python3.10/site-packages/logger/logger.py to logger.cpython-310.pyc
[1.476s] running install_data
[1.476s] creating /home/nir/Desktop/Dailybot_GUI/install/logger/share/ament_index
[1.476s] creating /home/nir/Desktop/Dailybot_GUI/install/logger/share/ament_index/resource_index
[1.476s] creating /home/nir/Desktop/Dailybot_GUI/install/logger/share/ament_index/resource_index/packages
[1.476s] copying resource/logger -> /home/nir/Desktop/Dailybot_GUI/install/logger/share/ament_index/resource_index/packages
[1.476s] copying package.xml -> /home/nir/Desktop/Dailybot_GUI/install/logger/share/logger
[1.476s] running install_egg_info
[1.477s] Copying ../../build/logger/logger.egg-info to /home/nir/Desktop/Dailybot_GUI/install/logger/lib/python3.10/site-packages/logger-0.0.0-py3.10.egg-info
[1.478s] running install_scripts
[1.492s] writing list of installed files to '/home/nir/Desktop/Dailybot_GUI/build/logger/install.log'
[1.520s] Invoked command in '/home/nir/Desktop/Dailybot_GUI/src/logger' returned '0': CONDA_PROMPT_MODIFIER=(base) PYTHONPATH=/home/nir/Desktop/Dailybot_GUI/build/logger/prefix_override:/home/nir/Desktop/Dailybot_GUI/install/logger/lib/python3.10/site-packages:${PYTHONPATH} /usr/bin/python3 setup.py egg_info --egg-base ../../build/logger build --build-base /home/nir/Desktop/Dailybot_GUI/build/logger/build install --record /home/nir/Desktop/Dailybot_GUI/build/logger/install.log --single-version-externally-managed
