running egg_info
creating ../../build/process_data/process_data.egg-info
writing ../../build/process_data/process_data.egg-info/PKG-INFO
writing dependency_links to ../../build/process_data/process_data.egg-info/dependency_links.txt
writing entry points to ../../build/process_data/process_data.egg-info/entry_points.txt
writing requirements to ../../build/process_data/process_data.egg-info/requires.txt
writing top-level names to ../../build/process_data/process_data.egg-info/top_level.txt
writing manifest file '../../build/process_data/process_data.egg-info/SOURCES.txt'
reading manifest file '../../build/process_data/process_data.egg-info/SOURCES.txt'
writing manifest file '../../build/process_data/process_data.egg-info/SOURCES.txt'
running build
running build_py
creating /home/nir/Desktop/Dailybot_GUI/build/process_data/build
creating /home/nir/Desktop/Dailybot_GUI/build/process_data/build/lib
creating /home/nir/Desktop/Dailybot_GUI/build/process_data/build/lib/process_data
copying process_data/__init__.py -> /home/nir/Desktop/Dailybot_GUI/build/process_data/build/lib/process_data
copying process_data/process_data.py -> /home/nir/Desktop/Dailybot_GUI/build/process_data/build/lib/process_data
running install
running install_lib
creating /home/nir/Desktop/Dailybot_GUI/install/process_data/lib/python3.10/site-packages/process_data
copying /home/nir/Desktop/Dailybot_GUI/build/process_data/build/lib/process_data/__init__.py -> /home/nir/Desktop/Dailybot_GUI/install/process_data/lib/python3.10/site-packages/process_data
copying /home/nir/Desktop/Dailybot_GUI/build/process_data/build/lib/process_data/process_data.py -> /home/nir/Desktop/Dailybot_GUI/install/process_data/lib/python3.10/site-packages/process_data
byte-compiling /home/nir/Desktop/Dailybot_GUI/install/process_data/lib/python3.10/site-packages/process_data/__init__.py to __init__.cpython-310.pyc
byte-compiling /home/nir/Desktop/Dailybot_GUI/install/process_data/lib/python3.10/site-packages/process_data/process_data.py to process_data.cpython-310.pyc
running install_data
creating /home/nir/Desktop/Dailybot_GUI/install/process_data/share/ament_index
creating /home/nir/Desktop/Dailybot_GUI/install/process_data/share/ament_index/resource_index
creating /home/nir/Desktop/Dailybot_GUI/install/process_data/share/ament_index/resource_index/packages
copying resource/process_data -> /home/nir/Desktop/Dailybot_GUI/install/process_data/share/ament_index/resource_index/packages
copying package.xml -> /home/nir/Desktop/Dailybot_GUI/install/process_data/share/process_data
running install_egg_info
Copying ../../build/process_data/process_data.egg-info to /home/nir/Desktop/Dailybot_GUI/install/process_data/lib/python3.10/site-packages/process_data-0.0.0-py3.10.egg-info
running install_scripts
Installing process_data script to /home/nir/Desktop/Dailybot_GUI/install/process_data/lib/process_data
writing list of installed files to '/home/nir/Desktop/Dailybot_GUI/build/process_data/install.log'
