[0.998s] Invoking command in '/home/nir/Desktop/Dailybot_GUI/src/process_data': CONDA_PROMPT_MODIFIER=(base) PYTHONPATH=/home/nir/Desktop/Dailybot_GUI/build/process_data/prefix_override:/home/nir/Desktop/Dailybot_GUI/install/process_data/lib/python3.10/site-packages:${PYTHONPATH} /usr/bin/python3 setup.py egg_info --egg-base ../../build/process_data build --build-base /home/nir/Desktop/Dailybot_GUI/build/process_data/build install --record /home/nir/Desktop/Dailybot_GUI/build/process_data/install.log --single-version-externally-managed
[1.167s] running egg_info
[1.168s] creating ../../build/process_data/process_data.egg-info
[1.168s] writing ../../build/process_data/process_data.egg-info/PKG-INFO
[1.168s] writing dependency_links to ../../build/process_data/process_data.egg-info/dependency_links.txt
[1.168s] writing entry points to ../../build/process_data/process_data.egg-info/entry_points.txt
[1.169s] writing requirements to ../../build/process_data/process_data.egg-info/requires.txt
[1.169s] writing top-level names to ../../build/process_data/process_data.egg-info/top_level.txt
[1.169s] writing manifest file '../../build/process_data/process_data.egg-info/SOURCES.txt'
[1.169s] reading manifest file '../../build/process_data/process_data.egg-info/SOURCES.txt'
[1.170s] writing manifest file '../../build/process_data/process_data.egg-info/SOURCES.txt'
[1.170s] running build
[1.170s] running build_py
[1.171s] creating /home/nir/Desktop/Dailybot_GUI/build/process_data/build
[1.171s] creating /home/nir/Desktop/Dailybot_GUI/build/process_data/build/lib
[1.171s] creating /home/nir/Desktop/Dailybot_GUI/build/process_data/build/lib/process_data
[1.171s] copying process_data/__init__.py -> /home/nir/Desktop/Dailybot_GUI/build/process_data/build/lib/process_data
[1.171s] copying process_data/process_data.py -> /home/nir/Desktop/Dailybot_GUI/build/process_data/build/lib/process_data
[1.171s] running install
[1.171s] running install_lib
[1.171s] creating /home/nir/Desktop/Dailybot_GUI/install/process_data/lib/python3.10/site-packages/process_data
[1.172s] copying /home/nir/Desktop/Dailybot_GUI/build/process_data/build/lib/process_data/__init__.py -> /home/nir/Desktop/Dailybot_GUI/install/process_data/lib/python3.10/site-packages/process_data
[1.172s] copying /home/nir/Desktop/Dailybot_GUI/build/process_data/build/lib/process_data/process_data.py -> /home/nir/Desktop/Dailybot_GUI/install/process_data/lib/python3.10/site-packages/process_data
[1.172s] byte-compiling /home/nir/Desktop/Dailybot_GUI/install/process_data/lib/python3.10/site-packages/process_data/__init__.py to __init__.cpython-310.pyc
[1.172s] byte-compiling /home/nir/Desktop/Dailybot_GUI/install/process_data/lib/python3.10/site-packages/process_data/process_data.py to process_data.cpython-310.pyc
[1.172s] running install_data
[1.173s] creating /home/nir/Desktop/Dailybot_GUI/install/process_data/share/ament_index
[1.173s] creating /home/nir/Desktop/Dailybot_GUI/install/process_data/share/ament_index/resource_index
[1.173s] creating /home/nir/Desktop/Dailybot_GUI/install/process_data/share/ament_index/resource_index/packages
[1.173s] copying resource/process_data -> /home/nir/Desktop/Dailybot_GUI/install/process_data/share/ament_index/resource_index/packages
[1.173s] copying package.xml -> /home/nir/Desktop/Dailybot_GUI/install/process_data/share/process_data
[1.173s] running install_egg_info
[1.174s] Copying ../../build/process_data/process_data.egg-info to /home/nir/Desktop/Dailybot_GUI/install/process_data/lib/python3.10/site-packages/process_data-0.0.0-py3.10.egg-info
[1.174s] running install_scripts
[1.189s] Installing process_data script to /home/nir/Desktop/Dailybot_GUI/install/process_data/lib/process_data
[1.189s] writing list of installed files to '/home/nir/Desktop/Dailybot_GUI/build/process_data/install.log'
[1.216s] Invoked command in '/home/nir/Desktop/Dailybot_GUI/src/process_data' returned '0': CONDA_PROMPT_MODIFIER=(base) PYTHONPATH=/home/nir/Desktop/Dailybot_GUI/build/process_data/prefix_override:/home/nir/Desktop/Dailybot_GUI/install/process_data/lib/python3.10/site-packages:${PYTHONPATH} /usr/bin/python3 setup.py egg_info --egg-base ../../build/process_data build --build-base /home/nir/Desktop/Dailybot_GUI/build/process_data/build install --record /home/nir/Desktop/Dailybot_GUI/build/process_data/install.log --single-version-externally-managed
