[1.110s] Invoking command in '/home/nir/Desktop/Dailybot_GUI/src/gui': CONDA_PROMPT_MODIFIER=(base) PYTHONPATH=/home/nir/Desktop/Dailybot_GUI/build/gui/prefix_override:/home/nir/Desktop/Dailybot_GUI/install/gui/lib/python3.10/site-packages:${PYTHONPATH} /usr/bin/python3 setup.py egg_info --egg-base ../../build/gui build --build-base /home/nir/Desktop/Dailybot_GUI/build/gui/build install --record /home/nir/Desktop/Dailybot_GUI/build/gui/install.log --single-version-externally-managed
[1.282s] running egg_info
[1.282s] writing ../../build/gui/gui.egg-info/PKG-INFO
[1.283s] writing dependency_links to ../../build/gui/gui.egg-info/dependency_links.txt
[1.283s] writing entry points to ../../build/gui/gui.egg-info/entry_points.txt
[1.283s] writing requirements to ../../build/gui/gui.egg-info/requires.txt
[1.283s] writing top-level names to ../../build/gui/gui.egg-info/top_level.txt
[1.285s] reading manifest file '../../build/gui/gui.egg-info/SOURCES.txt'
[1.286s] writing manifest file '../../build/gui/gui.egg-info/SOURCES.txt'
[1.286s] running build
[1.286s] running build_py
[1.286s] copying gui/logg.py -> /home/nir/Desktop/Dailybot_GUI/build/gui/build/lib/gui
[1.286s] copying gui/cameras.py -> /home/nir/Desktop/Dailybot_GUI/build/gui/build/lib/gui
[1.289s] running install
[1.289s] running install_lib
[1.289s] copying /home/nir/Desktop/Dailybot_GUI/build/gui/build/lib/gui/logg.py -> /home/nir/Desktop/Dailybot_GUI/install/gui/lib/python3.10/site-packages/gui
[1.290s] copying /home/nir/Desktop/Dailybot_GUI/build/gui/build/lib/gui/cameras.py -> /home/nir/Desktop/Dailybot_GUI/install/gui/lib/python3.10/site-packages/gui
[1.291s] byte-compiling /home/nir/Desktop/Dailybot_GUI/install/gui/lib/python3.10/site-packages/gui/logg.py to logg.cpython-310.pyc
[1.292s] byte-compiling /home/nir/Desktop/Dailybot_GUI/install/gui/lib/python3.10/site-packages/gui/cameras.py to cameras.cpython-310.pyc
[1.294s] running install_data
[1.294s] running install_egg_info
[1.295s] removing '/home/nir/Desktop/Dailybot_GUI/install/gui/lib/python3.10/site-packages/gui-0.0.0-py3.10.egg-info' (and everything under it)
[1.295s] Copying ../../build/gui/gui.egg-info to /home/nir/Desktop/Dailybot_GUI/install/gui/lib/python3.10/site-packages/gui-0.0.0-py3.10.egg-info
[1.296s] running install_scripts
[1.310s] Installing run_gui script to /home/nir/Desktop/Dailybot_GUI/install/gui/lib/gui
[1.311s] writing list of installed files to '/home/nir/Desktop/Dailybot_GUI/build/gui/install.log'
[1.351s] Invoked command in '/home/nir/Desktop/Dailybot_GUI/src/gui' returned '0': CONDA_PROMPT_MODIFIER=(base) PYTHONPATH=/home/nir/Desktop/Dailybot_GUI/build/gui/prefix_override:/home/nir/Desktop/Dailybot_GUI/install/gui/lib/python3.10/site-packages:${PYTHONPATH} /usr/bin/python3 setup.py egg_info --egg-base ../../build/gui build --build-base /home/nir/Desktop/Dailybot_GUI/build/gui/build install --record /home/nir/Desktop/Dailybot_GUI/build/gui/install.log --single-version-externally-managed
