[0.690s] Invoking command in '/home/nir/Desktop/Dailybot_GUI/src/fake_data': CONDA_PROMPT_MODIFIER=(base) PYTHONPATH=/home/nir/Desktop/Dailybot_GUI/build/fake_data/prefix_override:/home/nir/Desktop/Dailybot_GUI/install/fake_data/lib/python3.10/site-packages:${PYTHONPATH} /usr/bin/python3 setup.py egg_info --egg-base ../../build/fake_data build --build-base /home/nir/Desktop/Dailybot_GUI/build/fake_data/build install --record /home/nir/Desktop/Dailybot_GUI/build/fake_data/install.log --single-version-externally-managed
[0.856s] running egg_info
[0.856s] writing ../../build/fake_data/fake_data.egg-info/PKG-INFO
[0.856s] writing dependency_links to ../../build/fake_data/fake_data.egg-info/dependency_links.txt
[0.857s] writing entry points to ../../build/fake_data/fake_data.egg-info/entry_points.txt
[0.857s] writing requirements to ../../build/fake_data/fake_data.egg-info/requires.txt
[0.857s] writing top-level names to ../../build/fake_data/fake_data.egg-info/top_level.txt
[0.857s] reading manifest file '../../build/fake_data/fake_data.egg-info/SOURCES.txt'
[0.859s] writing manifest file '../../build/fake_data/fake_data.egg-info/SOURCES.txt'
[0.859s] running build
[0.859s] running build_py
[0.859s] running install
[0.859s] running install_lib
[0.860s] running install_data
[0.860s] running install_egg_info
[0.862s] removing '/home/nir/Desktop/Dailybot_GUI/install/fake_data/lib/python3.10/site-packages/fake_data-0.0.0-py3.10.egg-info' (and everything under it)
[0.862s] Copying ../../build/fake_data/fake_data.egg-info to /home/nir/Desktop/Dailybot_GUI/install/fake_data/lib/python3.10/site-packages/fake_data-0.0.0-py3.10.egg-info
[0.862s] running install_scripts
[0.876s] Installing publish_fake_data script to /home/nir/Desktop/Dailybot_GUI/install/fake_data/lib/fake_data
[0.876s] writing list of installed files to '/home/nir/Desktop/Dailybot_GUI/build/fake_data/install.log'
[0.892s] Invoked command in '/home/nir/Desktop/Dailybot_GUI/src/fake_data' returned '0': CONDA_PROMPT_MODIFIER=(base) PYTHONPATH=/home/nir/Desktop/Dailybot_GUI/build/fake_data/prefix_override:/home/nir/Desktop/Dailybot_GUI/install/fake_data/lib/python3.10/site-packages:${PYTHONPATH} /usr/bin/python3 setup.py egg_info --egg-base ../../build/fake_data build --build-base /home/nir/Desktop/Dailybot_GUI/build/fake_data/build install --record /home/nir/Desktop/Dailybot_GUI/build/fake_data/install.log --single-version-externally-managed
