[0.290s] DEBUG:colcon:Command line arguments: ['/usr/bin/colcon', 'build']
[0.290s] DEBUG:colcon:Parsed command line arguments: Namespace(log_base=None, log_level=None, verb_name='build', build_base='build', install_base='install', merge_install=False, symlink_install=False, test_result_base=None, continue_on_error=False, executor='parallel', parallel_workers=20, event_handlers=None, ignore_user_meta=False, metas=['./colcon.meta'], base_paths=['.'], packages_ignore=None, packages_ignore_regex=None, paths=None, packages_up_to=None, packages_up_to_regex=None, packages_above=None, packages_above_and_dependencies=None, packages_above_depth=None, packages_select_by_dep=None, packages_skip_by_dep=None, packages_skip_up_to=None, packages_select_build_failed=False, packages_skip_build_finished=False, packages_select_test_failures=False, packages_skip_test_passed=False, packages_select=None, packages_skip=None, packages_select_regex=None, packages_skip_regex=None, packages_start=None, packages_end=None, allow_overriding=[], cmake_args=None, cmake_target=None, cmake_target_skip_unavailable=False, cmake_clean_cache=False, cmake_clean_first=False, cmake_force_configure=False, ament_cmake_args=None, catkin_cmake_args=None, catkin_skip_building_tests=False, verb_parser=<colcon_defaults.argument_parser.defaults.DefaultArgumentsDecorator object at 0x7fe5eb6bb370>, verb_extension=<colcon_core.verb.build.BuildVerb object at 0x7fe5eb6bae00>, main=<bound method BuildVerb.main of <colcon_core.verb.build.BuildVerb object at 0x7fe5eb6bae00>>)
[0.318s] Level 1:colcon.colcon_core.package_discovery:discover_packages(colcon_meta) check parameters
[0.318s] Level 1:colcon.colcon_core.package_discovery:discover_packages(recursive) check parameters
[0.318s] Level 1:colcon.colcon_core.package_discovery:discover_packages(ignore) check parameters
[0.318s] Level 1:colcon.colcon_core.package_discovery:discover_packages(path) check parameters
[0.318s] Level 1:colcon.colcon_core.package_discovery:discover_packages(colcon_meta) discover
[0.318s] Level 1:colcon.colcon_core.package_discovery:discover_packages(recursive) discover
[0.318s] INFO:colcon.colcon_core.package_discovery:Crawling recursively for packages in '/home/nir/Desktop/Dailybot_GUI'
[0.318s] Level 1:colcon.colcon_core.package_identification:_identify(.) by extensions ['ignore', 'ignore_ament_install']
[0.318s] Level 1:colcon.colcon_core.package_identification:_identify(.) by extension 'ignore'
[0.318s] Level 1:colcon.colcon_core.package_identification:_identify(.) by extension 'ignore_ament_install'
[0.318s] Level 1:colcon.colcon_core.package_identification:_identify(.) by extensions ['colcon_pkg']
[0.318s] Level 1:colcon.colcon_core.package_identification:_identify(.) by extension 'colcon_pkg'
[0.318s] Level 1:colcon.colcon_core.package_identification:_identify(.) by extensions ['colcon_meta']
[0.319s] Level 1:colcon.colcon_core.package_identification:_identify(.) by extension 'colcon_meta'
[0.319s] Level 1:colcon.colcon_core.package_identification:_identify(.) by extensions ['ros']
[0.319s] Level 1:colcon.colcon_core.package_identification:_identify(.) by extension 'ros'
[0.331s] Level 1:colcon.colcon_core.package_identification:_identify(.) by extensions ['cmake', 'python']
[0.331s] Level 1:colcon.colcon_core.package_identification:_identify(.) by extension 'cmake'
[0.331s] Level 1:colcon.colcon_core.package_identification:_identify(.) by extension 'python'
[0.331s] Level 1:colcon.colcon_core.package_identification:_identify(.) by extensions ['python_setup_py']
[0.331s] Level 1:colcon.colcon_core.package_identification:_identify(.) by extension 'python_setup_py'
[0.331s] Level 1:colcon.colcon_core.package_identification:_identify(build) by extensions ['ignore', 'ignore_ament_install']
[0.331s] Level 1:colcon.colcon_core.package_identification:_identify(build) by extension 'ignore'
[0.331s] Level 1:colcon.colcon_core.package_identification:_identify(build) ignored
[0.332s] Level 1:colcon.colcon_core.package_identification:_identify(install) by extensions ['ignore', 'ignore_ament_install']
[0.332s] Level 1:colcon.colcon_core.package_identification:_identify(install) by extension 'ignore'
[0.332s] Level 1:colcon.colcon_core.package_identification:_identify(install) ignored
[0.332s] Level 1:colcon.colcon_core.package_identification:_identify(log) by extensions ['ignore', 'ignore_ament_install']
[0.332s] Level 1:colcon.colcon_core.package_identification:_identify(log) by extension 'ignore'
[0.332s] Level 1:colcon.colcon_core.package_identification:_identify(log) ignored
[0.332s] Level 1:colcon.colcon_core.package_identification:_identify(logs) by extensions ['ignore', 'ignore_ament_install']
[0.332s] Level 1:colcon.colcon_core.package_identification:_identify(logs) by extension 'ignore'
[0.332s] Level 1:colcon.colcon_core.package_identification:_identify(logs) by extension 'ignore_ament_install'
[0.332s] Level 1:colcon.colcon_core.package_identification:_identify(logs) by extensions ['colcon_pkg']
[0.332s] Level 1:colcon.colcon_core.package_identification:_identify(logs) by extension 'colcon_pkg'
[0.332s] Level 1:colcon.colcon_core.package_identification:_identify(logs) by extensions ['colcon_meta']
[0.332s] Level 1:colcon.colcon_core.package_identification:_identify(logs) by extension 'colcon_meta'
[0.332s] Level 1:colcon.colcon_core.package_identification:_identify(logs) by extensions ['ros']
[0.332s] Level 1:colcon.colcon_core.package_identification:_identify(logs) by extension 'ros'
[0.332s] Level 1:colcon.colcon_core.package_identification:_identify(logs) by extensions ['cmake', 'python']
[0.332s] Level 1:colcon.colcon_core.package_identification:_identify(logs) by extension 'cmake'
[0.332s] Level 1:colcon.colcon_core.package_identification:_identify(logs) by extension 'python'
[0.332s] Level 1:colcon.colcon_core.package_identification:_identify(logs) by extensions ['python_setup_py']
[0.332s] Level 1:colcon.colcon_core.package_identification:_identify(logs) by extension 'python_setup_py'
[0.332s] Level 1:colcon.colcon_core.package_identification:_identify(src) by extensions ['ignore', 'ignore_ament_install']
[0.332s] Level 1:colcon.colcon_core.package_identification:_identify(src) by extension 'ignore'
[0.332s] Level 1:colcon.colcon_core.package_identification:_identify(src) by extension 'ignore_ament_install'
[0.332s] Level 1:colcon.colcon_core.package_identification:_identify(src) by extensions ['colcon_pkg']
[0.332s] Level 1:colcon.colcon_core.package_identification:_identify(src) by extension 'colcon_pkg'
[0.332s] Level 1:colcon.colcon_core.package_identification:_identify(src) by extensions ['colcon_meta']
[0.332s] Level 1:colcon.colcon_core.package_identification:_identify(src) by extension 'colcon_meta'
[0.332s] Level 1:colcon.colcon_core.package_identification:_identify(src) by extensions ['ros']
[0.332s] Level 1:colcon.colcon_core.package_identification:_identify(src) by extension 'ros'
[0.332s] Level 1:colcon.colcon_core.package_identification:_identify(src) by extensions ['cmake', 'python']
[0.332s] Level 1:colcon.colcon_core.package_identification:_identify(src) by extension 'cmake'
[0.333s] Level 1:colcon.colcon_core.package_identification:_identify(src) by extension 'python'
[0.333s] Level 1:colcon.colcon_core.package_identification:_identify(src) by extensions ['python_setup_py']
[0.333s] Level 1:colcon.colcon_core.package_identification:_identify(src) by extension 'python_setup_py'
[0.333s] Level 1:colcon.colcon_core.package_identification:_identify(src/fake_data) by extensions ['ignore', 'ignore_ament_install']
[0.333s] Level 1:colcon.colcon_core.package_identification:_identify(src/fake_data) by extension 'ignore'
[0.333s] Level 1:colcon.colcon_core.package_identification:_identify(src/fake_data) by extension 'ignore_ament_install'
[0.333s] Level 1:colcon.colcon_core.package_identification:_identify(src/fake_data) by extensions ['colcon_pkg']
[0.333s] Level 1:colcon.colcon_core.package_identification:_identify(src/fake_data) by extension 'colcon_pkg'
[0.333s] Level 1:colcon.colcon_core.package_identification:_identify(src/fake_data) by extensions ['colcon_meta']
[0.333s] Level 1:colcon.colcon_core.package_identification:_identify(src/fake_data) by extension 'colcon_meta'
[0.333s] Level 1:colcon.colcon_core.package_identification:_identify(src/fake_data) by extensions ['ros']
[0.333s] Level 1:colcon.colcon_core.package_identification:_identify(src/fake_data) by extension 'ros'
[0.335s] DEBUG:colcon.colcon_core.package_identification:Package 'src/fake_data' with type 'ros.ament_python' and name 'fake_data'
[0.335s] Level 1:colcon.colcon_core.package_identification:_identify(src/gui) by extensions ['ignore', 'ignore_ament_install']
[0.335s] Level 1:colcon.colcon_core.package_identification:_identify(src/gui) by extension 'ignore'
[0.335s] Level 1:colcon.colcon_core.package_identification:_identify(src/gui) by extension 'ignore_ament_install'
[0.335s] Level 1:colcon.colcon_core.package_identification:_identify(src/gui) by extensions ['colcon_pkg']
[0.335s] Level 1:colcon.colcon_core.package_identification:_identify(src/gui) by extension 'colcon_pkg'
[0.335s] Level 1:colcon.colcon_core.package_identification:_identify(src/gui) by extensions ['colcon_meta']
[0.335s] Level 1:colcon.colcon_core.package_identification:_identify(src/gui) by extension 'colcon_meta'
[0.335s] Level 1:colcon.colcon_core.package_identification:_identify(src/gui) by extensions ['ros']
[0.335s] Level 1:colcon.colcon_core.package_identification:_identify(src/gui) by extension 'ros'
[0.336s] DEBUG:colcon.colcon_core.package_identification:Package 'src/gui' with type 'ros.ament_python' and name 'gui'
[0.336s] Level 1:colcon.colcon_core.package_identification:_identify(src/logger) by extensions ['ignore', 'ignore_ament_install']
[0.336s] Level 1:colcon.colcon_core.package_identification:_identify(src/logger) by extension 'ignore'
[0.336s] Level 1:colcon.colcon_core.package_identification:_identify(src/logger) by extension 'ignore_ament_install'
[0.337s] Level 1:colcon.colcon_core.package_identification:_identify(src/logger) by extensions ['colcon_pkg']
[0.337s] Level 1:colcon.colcon_core.package_identification:_identify(src/logger) by extension 'colcon_pkg'
[0.337s] Level 1:colcon.colcon_core.package_identification:_identify(src/logger) by extensions ['colcon_meta']
[0.337s] Level 1:colcon.colcon_core.package_identification:_identify(src/logger) by extension 'colcon_meta'
[0.337s] Level 1:colcon.colcon_core.package_identification:_identify(src/logger) by extensions ['ros']
[0.337s] Level 1:colcon.colcon_core.package_identification:_identify(src/logger) by extension 'ros'
[0.337s] DEBUG:colcon.colcon_core.package_identification:Package 'src/logger' with type 'ros.ament_python' and name 'logger'
[0.337s] Level 1:colcon.colcon_core.package_identification:_identify(src/process_data) by extensions ['ignore', 'ignore_ament_install']
[0.337s] Level 1:colcon.colcon_core.package_identification:_identify(src/process_data) by extension 'ignore'
[0.337s] Level 1:colcon.colcon_core.package_identification:_identify(src/process_data) by extension 'ignore_ament_install'
[0.337s] Level 1:colcon.colcon_core.package_identification:_identify(src/process_data) by extensions ['colcon_pkg']
[0.337s] Level 1:colcon.colcon_core.package_identification:_identify(src/process_data) by extension 'colcon_pkg'
[0.337s] Level 1:colcon.colcon_core.package_identification:_identify(src/process_data) by extensions ['colcon_meta']
[0.337s] Level 1:colcon.colcon_core.package_identification:_identify(src/process_data) by extension 'colcon_meta'
[0.337s] Level 1:colcon.colcon_core.package_identification:_identify(src/process_data) by extensions ['ros']
[0.337s] Level 1:colcon.colcon_core.package_identification:_identify(src/process_data) by extension 'ros'
[0.338s] DEBUG:colcon.colcon_core.package_identification:Package 'src/process_data' with type 'ros.ament_python' and name 'process_data'
[0.338s] Level 1:colcon.colcon_core.package_discovery:discover_packages(recursive) using defaults
[0.338s] Level 1:colcon.colcon_core.package_discovery:discover_packages(ignore) discover
[0.338s] Level 1:colcon.colcon_core.package_discovery:discover_packages(ignore) using defaults
[0.338s] Level 1:colcon.colcon_core.package_discovery:discover_packages(path) discover
[0.338s] Level 1:colcon.colcon_core.package_discovery:discover_packages(path) using defaults
[0.357s] Level 1:colcon.colcon_core.package_discovery:discover_packages(prefix_path) check parameters
[0.357s] Level 1:colcon.colcon_core.package_discovery:discover_packages(prefix_path) discover
[0.359s] DEBUG:colcon.colcon_installed_package_information.package_discovery:Found 3 installed packages in /home/nir/Desktop/Dailybot_GUI/install
[0.361s] DEBUG:colcon.colcon_installed_package_information.package_discovery:Found 423 installed packages in /opt/ros/humble
[0.363s] Level 1:colcon.colcon_core.package_discovery:discover_packages(prefix_path) using defaults
[0.409s] Level 5:colcon.colcon_core.verb:set package 'fake_data' build argument 'cmake_args' from command line to 'None'
[0.409s] Level 5:colcon.colcon_core.verb:set package 'fake_data' build argument 'cmake_target' from command line to 'None'
[0.409s] Level 5:colcon.colcon_core.verb:set package 'fake_data' build argument 'cmake_target_skip_unavailable' from command line to 'False'
[0.409s] Level 5:colcon.colcon_core.verb:set package 'fake_data' build argument 'cmake_clean_cache' from command line to 'False'
[0.409s] Level 5:colcon.colcon_core.verb:set package 'fake_data' build argument 'cmake_clean_first' from command line to 'False'
[0.409s] Level 5:colcon.colcon_core.verb:set package 'fake_data' build argument 'cmake_force_configure' from command line to 'False'
[0.409s] Level 5:colcon.colcon_core.verb:set package 'fake_data' build argument 'ament_cmake_args' from command line to 'None'
[0.409s] Level 5:colcon.colcon_core.verb:set package 'fake_data' build argument 'catkin_cmake_args' from command line to 'None'
[0.409s] Level 5:colcon.colcon_core.verb:set package 'fake_data' build argument 'catkin_skip_building_tests' from command line to 'False'
[0.409s] DEBUG:colcon.colcon_core.verb:Building package 'fake_data' with the following arguments: {'ament_cmake_args': None, 'build_base': '/home/nir/Desktop/Dailybot_GUI/build/fake_data', 'catkin_cmake_args': None, 'catkin_skip_building_tests': False, 'cmake_args': None, 'cmake_clean_cache': False, 'cmake_clean_first': False, 'cmake_force_configure': False, 'cmake_target': None, 'cmake_target_skip_unavailable': False, 'install_base': '/home/nir/Desktop/Dailybot_GUI/install/fake_data', 'merge_install': False, 'path': '/home/nir/Desktop/Dailybot_GUI/src/fake_data', 'symlink_install': False, 'test_result_base': None}
[0.410s] Level 5:colcon.colcon_core.verb:set package 'gui' build argument 'cmake_args' from command line to 'None'
[0.410s] Level 5:colcon.colcon_core.verb:set package 'gui' build argument 'cmake_target' from command line to 'None'
[0.410s] Level 5:colcon.colcon_core.verb:set package 'gui' build argument 'cmake_target_skip_unavailable' from command line to 'False'
[0.410s] Level 5:colcon.colcon_core.verb:set package 'gui' build argument 'cmake_clean_cache' from command line to 'False'
[0.410s] Level 5:colcon.colcon_core.verb:set package 'gui' build argument 'cmake_clean_first' from command line to 'False'
[0.410s] Level 5:colcon.colcon_core.verb:set package 'gui' build argument 'cmake_force_configure' from command line to 'False'
[0.410s] Level 5:colcon.colcon_core.verb:set package 'gui' build argument 'ament_cmake_args' from command line to 'None'
[0.410s] Level 5:colcon.colcon_core.verb:set package 'gui' build argument 'catkin_cmake_args' from command line to 'None'
[0.410s] Level 5:colcon.colcon_core.verb:set package 'gui' build argument 'catkin_skip_building_tests' from command line to 'False'
[0.410s] DEBUG:colcon.colcon_core.verb:Building package 'gui' with the following arguments: {'ament_cmake_args': None, 'build_base': '/home/nir/Desktop/Dailybot_GUI/build/gui', 'catkin_cmake_args': None, 'catkin_skip_building_tests': False, 'cmake_args': None, 'cmake_clean_cache': False, 'cmake_clean_first': False, 'cmake_force_configure': False, 'cmake_target': None, 'cmake_target_skip_unavailable': False, 'install_base': '/home/nir/Desktop/Dailybot_GUI/install/gui', 'merge_install': False, 'path': '/home/nir/Desktop/Dailybot_GUI/src/gui', 'symlink_install': False, 'test_result_base': None}
[0.411s] Level 5:colcon.colcon_core.verb:set package 'logger' build argument 'cmake_args' from command line to 'None'
[0.411s] Level 5:colcon.colcon_core.verb:set package 'logger' build argument 'cmake_target' from command line to 'None'
[0.411s] Level 5:colcon.colcon_core.verb:set package 'logger' build argument 'cmake_target_skip_unavailable' from command line to 'False'
[0.411s] Level 5:colcon.colcon_core.verb:set package 'logger' build argument 'cmake_clean_cache' from command line to 'False'
[0.411s] Level 5:colcon.colcon_core.verb:set package 'logger' build argument 'cmake_clean_first' from command line to 'False'
[0.411s] Level 5:colcon.colcon_core.verb:set package 'logger' build argument 'cmake_force_configure' from command line to 'False'
[0.411s] Level 5:colcon.colcon_core.verb:set package 'logger' build argument 'ament_cmake_args' from command line to 'None'
[0.411s] Level 5:colcon.colcon_core.verb:set package 'logger' build argument 'catkin_cmake_args' from command line to 'None'
[0.411s] Level 5:colcon.colcon_core.verb:set package 'logger' build argument 'catkin_skip_building_tests' from command line to 'False'
[0.411s] DEBUG:colcon.colcon_core.verb:Building package 'logger' with the following arguments: {'ament_cmake_args': None, 'build_base': '/home/nir/Desktop/Dailybot_GUI/build/logger', 'catkin_cmake_args': None, 'catkin_skip_building_tests': False, 'cmake_args': None, 'cmake_clean_cache': False, 'cmake_clean_first': False, 'cmake_force_configure': False, 'cmake_target': None, 'cmake_target_skip_unavailable': False, 'install_base': '/home/nir/Desktop/Dailybot_GUI/install/logger', 'merge_install': False, 'path': '/home/nir/Desktop/Dailybot_GUI/src/logger', 'symlink_install': False, 'test_result_base': None}
[0.412s] Level 5:colcon.colcon_core.verb:set package 'process_data' build argument 'cmake_args' from command line to 'None'
[0.412s] Level 5:colcon.colcon_core.verb:set package 'process_data' build argument 'cmake_target' from command line to 'None'
[0.412s] Level 5:colcon.colcon_core.verb:set package 'process_data' build argument 'cmake_target_skip_unavailable' from command line to 'False'
[0.412s] Level 5:colcon.colcon_core.verb:set package 'process_data' build argument 'cmake_clean_cache' from command line to 'False'
[0.412s] Level 5:colcon.colcon_core.verb:set package 'process_data' build argument 'cmake_clean_first' from command line to 'False'
[0.412s] Level 5:colcon.colcon_core.verb:set package 'process_data' build argument 'cmake_force_configure' from command line to 'False'
[0.412s] Level 5:colcon.colcon_core.verb:set package 'process_data' build argument 'ament_cmake_args' from command line to 'None'
[0.412s] Level 5:colcon.colcon_core.verb:set package 'process_data' build argument 'catkin_cmake_args' from command line to 'None'
[0.412s] Level 5:colcon.colcon_core.verb:set package 'process_data' build argument 'catkin_skip_building_tests' from command line to 'False'
[0.412s] DEBUG:colcon.colcon_core.verb:Building package 'process_data' with the following arguments: {'ament_cmake_args': None, 'build_base': '/home/nir/Desktop/Dailybot_GUI/build/process_data', 'catkin_cmake_args': None, 'catkin_skip_building_tests': False, 'cmake_args': None, 'cmake_clean_cache': False, 'cmake_clean_first': False, 'cmake_force_configure': False, 'cmake_target': None, 'cmake_target_skip_unavailable': False, 'install_base': '/home/nir/Desktop/Dailybot_GUI/install/process_data', 'merge_install': False, 'path': '/home/nir/Desktop/Dailybot_GUI/src/process_data', 'symlink_install': False, 'test_result_base': None}
[0.412s] INFO:colcon.colcon_core.executor:Executing jobs using 'parallel' executor
[0.414s] DEBUG:colcon.colcon_parallel_executor.executor.parallel:run_until_complete
[0.414s] INFO:colcon.colcon_ros.task.ament_python.build:Building ROS package in '/home/nir/Desktop/Dailybot_GUI/src/fake_data' with build type 'ament_python'
[0.415s] Level 1:colcon.colcon_core.shell:create_environment_hook('fake_data', 'ament_prefix_path')
[0.419s] INFO:colcon.colcon_core.plugin_system:Skipping extension 'colcon_core.shell.bat': Not used on non-Windows systems
[0.419s] INFO:colcon.colcon_core.shell:Creating environment hook '/home/nir/Desktop/Dailybot_GUI/install/fake_data/share/fake_data/hook/ament_prefix_path.ps1'
[0.420s] INFO:colcon.colcon_core.shell:Creating environment descriptor '/home/nir/Desktop/Dailybot_GUI/install/fake_data/share/fake_data/hook/ament_prefix_path.dsv'
[0.420s] INFO:colcon.colcon_core.shell:Creating environment hook '/home/nir/Desktop/Dailybot_GUI/install/fake_data/share/fake_data/hook/ament_prefix_path.sh'
[0.422s] INFO:colcon.colcon_core.shell:Skip shell extension 'powershell' for command environment: Not usable outside of PowerShell
[0.422s] DEBUG:colcon.colcon_core.shell:Skip shell extension 'dsv' for command environment
[0.425s] INFO:colcon.colcon_ros.task.ament_python.build:Building ROS package in '/home/nir/Desktop/Dailybot_GUI/src/gui' with build type 'ament_python'
[0.425s] Level 1:colcon.colcon_core.shell:create_environment_hook('gui', 'ament_prefix_path')
[0.426s] INFO:colcon.colcon_core.shell:Creating environment hook '/home/nir/Desktop/Dailybot_GUI/install/gui/share/gui/hook/ament_prefix_path.ps1'
[0.426s] INFO:colcon.colcon_core.shell:Creating environment descriptor '/home/nir/Desktop/Dailybot_GUI/install/gui/share/gui/hook/ament_prefix_path.dsv'
[0.427s] INFO:colcon.colcon_core.shell:Creating environment hook '/home/nir/Desktop/Dailybot_GUI/install/gui/share/gui/hook/ament_prefix_path.sh'
[0.427s] INFO:colcon.colcon_core.shell:Skip shell extension 'powershell' for command environment: Not usable outside of PowerShell
[0.428s] DEBUG:colcon.colcon_core.shell:Skip shell extension 'dsv' for command environment
[0.431s] INFO:colcon.colcon_ros.task.ament_python.build:Building ROS package in '/home/nir/Desktop/Dailybot_GUI/src/logger' with build type 'ament_python'
[0.431s] Level 1:colcon.colcon_core.shell:create_environment_hook('logger', 'ament_prefix_path')
[0.432s] INFO:colcon.colcon_core.shell:Creating environment hook '/home/nir/Desktop/Dailybot_GUI/install/logger/share/logger/hook/ament_prefix_path.ps1'
[0.433s] INFO:colcon.colcon_core.shell:Creating environment descriptor '/home/nir/Desktop/Dailybot_GUI/install/logger/share/logger/hook/ament_prefix_path.dsv'
[0.433s] INFO:colcon.colcon_core.shell:Creating environment hook '/home/nir/Desktop/Dailybot_GUI/install/logger/share/logger/hook/ament_prefix_path.sh'
[0.435s] INFO:colcon.colcon_core.shell:Skip shell extension 'powershell' for command environment: Not usable outside of PowerShell
[0.435s] DEBUG:colcon.colcon_core.shell:Skip shell extension 'dsv' for command environment
[0.438s] INFO:colcon.colcon_ros.task.ament_python.build:Building ROS package in '/home/nir/Desktop/Dailybot_GUI/src/process_data' with build type 'ament_python'
[0.438s] Level 1:colcon.colcon_core.shell:create_environment_hook('process_data', 'ament_prefix_path')
[0.439s] INFO:colcon.colcon_core.shell:Creating environment hook '/home/nir/Desktop/Dailybot_GUI/install/process_data/share/process_data/hook/ament_prefix_path.ps1'
[0.440s] INFO:colcon.colcon_core.shell:Creating environment descriptor '/home/nir/Desktop/Dailybot_GUI/install/process_data/share/process_data/hook/ament_prefix_path.dsv'
[0.440s] INFO:colcon.colcon_core.shell:Creating environment hook '/home/nir/Desktop/Dailybot_GUI/install/process_data/share/process_data/hook/ament_prefix_path.sh'
[0.441s] INFO:colcon.colcon_core.shell:Skip shell extension 'powershell' for command environment: Not usable outside of PowerShell
[0.441s] DEBUG:colcon.colcon_core.shell:Skip shell extension 'dsv' for command environment
[0.641s] INFO:colcon.colcon_core.task.python.build:Building Python package in '/home/nir/Desktop/Dailybot_GUI/src/fake_data'
[0.642s] INFO:colcon.colcon_core.shell:Skip shell extension 'powershell' for command environment: Not usable outside of PowerShell
[0.642s] DEBUG:colcon.colcon_core.shell:Skip shell extension 'dsv' for command environment
[0.834s] INFO:colcon.colcon_core.task.python.build:Building Python package in '/home/nir/Desktop/Dailybot_GUI/src/gui'
[0.835s] INFO:colcon.colcon_core.shell:Skip shell extension 'powershell' for command environment: Not usable outside of PowerShell
[0.835s] DEBUG:colcon.colcon_core.shell:Skip shell extension 'dsv' for command environment
[1.038s] INFO:colcon.colcon_core.task.python.build:Building Python package in '/home/nir/Desktop/Dailybot_GUI/src/logger'
[1.039s] INFO:colcon.colcon_core.shell:Skip shell extension 'powershell' for command environment: Not usable outside of PowerShell
[1.039s] DEBUG:colcon.colcon_core.shell:Skip shell extension 'dsv' for command environment
[1.239s] INFO:colcon.colcon_core.task.python.build:Building Python package in '/home/nir/Desktop/Dailybot_GUI/src/process_data'
[1.240s] INFO:colcon.colcon_core.shell:Skip shell extension 'powershell' for command environment: Not usable outside of PowerShell
[1.240s] DEBUG:colcon.colcon_core.shell:Skip shell extension 'dsv' for command environment
[1.685s] DEBUG:colcon.colcon_core.event_handler.log_command:Invoking command in '/home/nir/Desktop/Dailybot_GUI/src/logger': CONDA_PROMPT_MODIFIER=(base) PYTHONPATH=/home/nir/Desktop/Dailybot_GUI/build/logger/prefix_override:/home/nir/Desktop/Dailybot_GUI/install/logger/lib/python3.10/site-packages:${PYTHONPATH} /usr/bin/python3 setup.py egg_info --egg-base ../../build/logger build --build-base /home/nir/Desktop/Dailybot_GUI/build/logger/build install --record /home/nir/Desktop/Dailybot_GUI/build/logger/install.log --single-version-externally-managed
[1.699s] DEBUG:colcon.colcon_core.event_handler.log_command:Invoking command in '/home/nir/Desktop/Dailybot_GUI/src/gui': CONDA_PROMPT_MODIFIER=(base) PYTHONPATH=/home/nir/Desktop/Dailybot_GUI/build/gui/prefix_override:/home/nir/Desktop/Dailybot_GUI/install/gui/lib/python3.10/site-packages:${PYTHONPATH} /usr/bin/python3 setup.py egg_info --egg-base ../../build/gui build --build-base /home/nir/Desktop/Dailybot_GUI/build/gui/build install --record /home/nir/Desktop/Dailybot_GUI/build/gui/install.log --single-version-externally-managed
[1.708s] DEBUG:colcon.colcon_core.event_handler.log_command:Invoking command in '/home/nir/Desktop/Dailybot_GUI/src/process_data': CONDA_PROMPT_MODIFIER=(base) PYTHONPATH=/home/nir/Desktop/Dailybot_GUI/build/process_data/prefix_override:/home/nir/Desktop/Dailybot_GUI/install/process_data/lib/python3.10/site-packages:${PYTHONPATH} /usr/bin/python3 setup.py egg_info --egg-base ../../build/process_data build --build-base /home/nir/Desktop/Dailybot_GUI/build/process_data/build install --record /home/nir/Desktop/Dailybot_GUI/build/process_data/install.log --single-version-externally-managed
[1.746s] DEBUG:colcon.colcon_core.event_handler.log_command:Invoking command in '/home/nir/Desktop/Dailybot_GUI/src/fake_data': CONDA_PROMPT_MODIFIER=(base) PYTHONPATH=/home/nir/Desktop/Dailybot_GUI/build/fake_data/prefix_override:/home/nir/Desktop/Dailybot_GUI/install/fake_data/lib/python3.10/site-packages:${PYTHONPATH} /usr/bin/python3 setup.py egg_info --egg-base ../../build/fake_data build --build-base /home/nir/Desktop/Dailybot_GUI/build/fake_data/build install --record /home/nir/Desktop/Dailybot_GUI/build/fake_data/install.log --single-version-externally-managed
[1.951s] DEBUG:colcon.colcon_core.event_handler.log_command:Invoked command in '/home/nir/Desktop/Dailybot_GUI/src/logger' returned '0': CONDA_PROMPT_MODIFIER=(base) PYTHONPATH=/home/nir/Desktop/Dailybot_GUI/build/logger/prefix_override:/home/nir/Desktop/Dailybot_GUI/install/logger/lib/python3.10/site-packages:${PYTHONPATH} /usr/bin/python3 setup.py egg_info --egg-base ../../build/logger build --build-base /home/nir/Desktop/Dailybot_GUI/build/logger/build install --record /home/nir/Desktop/Dailybot_GUI/build/logger/install.log --single-version-externally-managed
[1.956s] Level 1:colcon.colcon_core.environment:checking '/home/nir/Desktop/Dailybot_GUI/install/logger' for CMake module files
[1.956s] Level 1:colcon.colcon_core.environment:checking '/home/nir/Desktop/Dailybot_GUI/install/logger' for CMake config files
[1.957s] Level 1:colcon.colcon_core.environment:checking '/home/nir/Desktop/Dailybot_GUI/install/logger/lib'
[1.957s] Level 1:colcon.colcon_core.environment:checking '/home/nir/Desktop/Dailybot_GUI/install/logger/bin'
[1.957s] Level 1:colcon.colcon_core.environment:checking '/home/nir/Desktop/Dailybot_GUI/install/logger/lib/pkgconfig/logger.pc'
[1.958s] Level 1:colcon.colcon_core.environment:checking '/home/nir/Desktop/Dailybot_GUI/install/logger/lib/python3.10/site-packages'
[1.958s] Level 1:colcon.colcon_core.shell:create_environment_hook('logger', 'pythonpath')
[1.959s] INFO:colcon.colcon_core.shell:Creating environment hook '/home/nir/Desktop/Dailybot_GUI/install/logger/share/logger/hook/pythonpath.ps1'
[1.959s] INFO:colcon.colcon_core.shell:Creating environment descriptor '/home/nir/Desktop/Dailybot_GUI/install/logger/share/logger/hook/pythonpath.dsv'
[1.959s] INFO:colcon.colcon_core.shell:Creating environment hook '/home/nir/Desktop/Dailybot_GUI/install/logger/share/logger/hook/pythonpath.sh'
[1.960s] Level 1:colcon.colcon_core.environment:checking '/home/nir/Desktop/Dailybot_GUI/install/logger/bin'
[1.960s] Level 1:colcon.colcon_core.environment:create_environment_scripts_only(logger)
[1.961s] INFO:colcon.colcon_core.shell:Creating package script '/home/nir/Desktop/Dailybot_GUI/install/logger/share/logger/package.ps1'
[1.962s] INFO:colcon.colcon_core.shell:Creating package descriptor '/home/nir/Desktop/Dailybot_GUI/install/logger/share/logger/package.dsv'
[1.962s] INFO:colcon.colcon_core.shell:Creating package script '/home/nir/Desktop/Dailybot_GUI/install/logger/share/logger/package.sh'
[1.963s] INFO:colcon.colcon_core.shell:Creating package script '/home/nir/Desktop/Dailybot_GUI/install/logger/share/logger/package.bash'
[1.963s] INFO:colcon.colcon_core.shell:Creating package script '/home/nir/Desktop/Dailybot_GUI/install/logger/share/logger/package.zsh'
[1.964s] Level 1:colcon.colcon_core.environment:create_file_with_runtime_dependencies(/home/nir/Desktop/Dailybot_GUI/install/logger/share/colcon-core/packages/logger)
[1.965s] Level 1:colcon.colcon_core.environment:checking '/home/nir/Desktop/Dailybot_GUI/install/process_data' for CMake module files
[1.966s] DEBUG:colcon.colcon_core.event_handler.log_command:Invoked command in '/home/nir/Desktop/Dailybot_GUI/src/process_data' returned '0': CONDA_PROMPT_MODIFIER=(base) PYTHONPATH=/home/nir/Desktop/Dailybot_GUI/build/process_data/prefix_override:/home/nir/Desktop/Dailybot_GUI/install/process_data/lib/python3.10/site-packages:${PYTHONPATH} /usr/bin/python3 setup.py egg_info --egg-base ../../build/process_data build --build-base /home/nir/Desktop/Dailybot_GUI/build/process_data/build install --record /home/nir/Desktop/Dailybot_GUI/build/process_data/install.log --single-version-externally-managed
[1.967s] Level 1:colcon.colcon_core.environment:checking '/home/nir/Desktop/Dailybot_GUI/install/process_data' for CMake config files
[1.968s] Level 1:colcon.colcon_core.environment:checking '/home/nir/Desktop/Dailybot_GUI/install/process_data/lib'
[1.968s] Level 1:colcon.colcon_core.environment:checking '/home/nir/Desktop/Dailybot_GUI/install/process_data/bin'
[1.968s] Level 1:colcon.colcon_core.environment:checking '/home/nir/Desktop/Dailybot_GUI/install/process_data/lib/pkgconfig/process_data.pc'
[1.968s] Level 1:colcon.colcon_core.environment:checking '/home/nir/Desktop/Dailybot_GUI/install/process_data/lib/python3.10/site-packages'
[1.968s] Level 1:colcon.colcon_core.shell:create_environment_hook('process_data', 'pythonpath')
[1.969s] INFO:colcon.colcon_core.shell:Creating environment hook '/home/nir/Desktop/Dailybot_GUI/install/process_data/share/process_data/hook/pythonpath.ps1'
[1.969s] INFO:colcon.colcon_core.shell:Creating environment descriptor '/home/nir/Desktop/Dailybot_GUI/install/process_data/share/process_data/hook/pythonpath.dsv'
[1.969s] INFO:colcon.colcon_core.shell:Creating environment hook '/home/nir/Desktop/Dailybot_GUI/install/process_data/share/process_data/hook/pythonpath.sh'
[1.970s] Level 1:colcon.colcon_core.environment:checking '/home/nir/Desktop/Dailybot_GUI/install/process_data/bin'
[1.970s] Level 1:colcon.colcon_core.environment:create_environment_scripts_only(process_data)
[1.971s] INFO:colcon.colcon_core.shell:Creating package script '/home/nir/Desktop/Dailybot_GUI/install/process_data/share/process_data/package.ps1'
[1.971s] INFO:colcon.colcon_core.shell:Creating package descriptor '/home/nir/Desktop/Dailybot_GUI/install/process_data/share/process_data/package.dsv'
[1.972s] INFO:colcon.colcon_core.shell:Creating package script '/home/nir/Desktop/Dailybot_GUI/install/process_data/share/process_data/package.sh'
[1.972s] INFO:colcon.colcon_core.shell:Creating package script '/home/nir/Desktop/Dailybot_GUI/install/process_data/share/process_data/package.bash'
[1.972s] INFO:colcon.colcon_core.shell:Creating package script '/home/nir/Desktop/Dailybot_GUI/install/process_data/share/process_data/package.zsh'
[1.972s] Level 1:colcon.colcon_core.environment:create_file_with_runtime_dependencies(/home/nir/Desktop/Dailybot_GUI/install/process_data/share/colcon-core/packages/process_data)
[1.974s] Level 1:colcon.colcon_core.environment:checking '/home/nir/Desktop/Dailybot_GUI/install/gui' for CMake module files
[1.975s] DEBUG:colcon.colcon_core.event_handler.log_command:Invoked command in '/home/nir/Desktop/Dailybot_GUI/src/gui' returned '0': CONDA_PROMPT_MODIFIER=(base) PYTHONPATH=/home/nir/Desktop/Dailybot_GUI/build/gui/prefix_override:/home/nir/Desktop/Dailybot_GUI/install/gui/lib/python3.10/site-packages:${PYTHONPATH} /usr/bin/python3 setup.py egg_info --egg-base ../../build/gui build --build-base /home/nir/Desktop/Dailybot_GUI/build/gui/build install --record /home/nir/Desktop/Dailybot_GUI/build/gui/install.log --single-version-externally-managed
[1.975s] Level 1:colcon.colcon_core.environment:checking '/home/nir/Desktop/Dailybot_GUI/install/gui' for CMake config files
[1.976s] Level 1:colcon.colcon_core.environment:checking '/home/nir/Desktop/Dailybot_GUI/install/gui/lib'
[1.977s] Level 1:colcon.colcon_core.environment:checking '/home/nir/Desktop/Dailybot_GUI/install/gui/bin'
[1.977s] Level 1:colcon.colcon_core.environment:checking '/home/nir/Desktop/Dailybot_GUI/install/gui/lib/pkgconfig/gui.pc'
[1.977s] Level 1:colcon.colcon_core.environment:checking '/home/nir/Desktop/Dailybot_GUI/install/gui/lib/python3.10/site-packages'
[1.977s] Level 1:colcon.colcon_core.shell:create_environment_hook('gui', 'pythonpath')
[1.978s] INFO:colcon.colcon_core.shell:Creating environment hook '/home/nir/Desktop/Dailybot_GUI/install/gui/share/gui/hook/pythonpath.ps1'
[1.978s] INFO:colcon.colcon_core.shell:Creating environment descriptor '/home/nir/Desktop/Dailybot_GUI/install/gui/share/gui/hook/pythonpath.dsv'
[1.978s] INFO:colcon.colcon_core.shell:Creating environment hook '/home/nir/Desktop/Dailybot_GUI/install/gui/share/gui/hook/pythonpath.sh'
[1.978s] Level 1:colcon.colcon_core.environment:checking '/home/nir/Desktop/Dailybot_GUI/install/gui/bin'
[1.979s] Level 1:colcon.colcon_core.environment:create_environment_scripts_only(gui)
[1.979s] INFO:colcon.colcon_core.shell:Creating package script '/home/nir/Desktop/Dailybot_GUI/install/gui/share/gui/package.ps1'
[1.980s] INFO:colcon.colcon_core.shell:Creating package descriptor '/home/nir/Desktop/Dailybot_GUI/install/gui/share/gui/package.dsv'
[1.980s] INFO:colcon.colcon_core.shell:Creating package script '/home/nir/Desktop/Dailybot_GUI/install/gui/share/gui/package.sh'
[1.980s] INFO:colcon.colcon_core.shell:Creating package script '/home/nir/Desktop/Dailybot_GUI/install/gui/share/gui/package.bash'
[1.980s] INFO:colcon.colcon_core.shell:Creating package script '/home/nir/Desktop/Dailybot_GUI/install/gui/share/gui/package.zsh'
[1.981s] Level 1:colcon.colcon_core.environment:create_file_with_runtime_dependencies(/home/nir/Desktop/Dailybot_GUI/install/gui/share/colcon-core/packages/gui)
[1.982s] Level 1:colcon.colcon_core.environment:checking '/home/nir/Desktop/Dailybot_GUI/install/fake_data' for CMake module files
[1.983s] Level 1:colcon.colcon_core.environment:checking '/home/nir/Desktop/Dailybot_GUI/install/fake_data' for CMake config files
[1.983s] DEBUG:colcon.colcon_core.event_handler.log_command:Invoked command in '/home/nir/Desktop/Dailybot_GUI/src/fake_data' returned '0': CONDA_PROMPT_MODIFIER=(base) PYTHONPATH=/home/nir/Desktop/Dailybot_GUI/build/fake_data/prefix_override:/home/nir/Desktop/Dailybot_GUI/install/fake_data/lib/python3.10/site-packages:${PYTHONPATH} /usr/bin/python3 setup.py egg_info --egg-base ../../build/fake_data build --build-base /home/nir/Desktop/Dailybot_GUI/build/fake_data/build install --record /home/nir/Desktop/Dailybot_GUI/build/fake_data/install.log --single-version-externally-managed
[1.984s] Level 1:colcon.colcon_core.environment:checking '/home/nir/Desktop/Dailybot_GUI/install/fake_data/lib'
[1.984s] Level 1:colcon.colcon_core.environment:checking '/home/nir/Desktop/Dailybot_GUI/install/fake_data/bin'
[1.984s] Level 1:colcon.colcon_core.environment:checking '/home/nir/Desktop/Dailybot_GUI/install/fake_data/lib/pkgconfig/fake_data.pc'
[1.984s] Level 1:colcon.colcon_core.environment:checking '/home/nir/Desktop/Dailybot_GUI/install/fake_data/lib/python3.10/site-packages'
[1.984s] Level 1:colcon.colcon_core.shell:create_environment_hook('fake_data', 'pythonpath')
[1.985s] INFO:colcon.colcon_core.shell:Creating environment hook '/home/nir/Desktop/Dailybot_GUI/install/fake_data/share/fake_data/hook/pythonpath.ps1'
[1.986s] INFO:colcon.colcon_core.shell:Creating environment descriptor '/home/nir/Desktop/Dailybot_GUI/install/fake_data/share/fake_data/hook/pythonpath.dsv'
[1.986s] INFO:colcon.colcon_core.shell:Creating environment hook '/home/nir/Desktop/Dailybot_GUI/install/fake_data/share/fake_data/hook/pythonpath.sh'
[1.986s] Level 1:colcon.colcon_core.environment:checking '/home/nir/Desktop/Dailybot_GUI/install/fake_data/bin'
[1.986s] Level 1:colcon.colcon_core.environment:create_environment_scripts_only(fake_data)
[1.987s] INFO:colcon.colcon_core.shell:Creating package script '/home/nir/Desktop/Dailybot_GUI/install/fake_data/share/fake_data/package.ps1'
[1.987s] INFO:colcon.colcon_core.shell:Creating package descriptor '/home/nir/Desktop/Dailybot_GUI/install/fake_data/share/fake_data/package.dsv'
[1.988s] INFO:colcon.colcon_core.shell:Creating package script '/home/nir/Desktop/Dailybot_GUI/install/fake_data/share/fake_data/package.sh'
[1.988s] INFO:colcon.colcon_core.shell:Creating package script '/home/nir/Desktop/Dailybot_GUI/install/fake_data/share/fake_data/package.bash'
[1.988s] INFO:colcon.colcon_core.shell:Creating package script '/home/nir/Desktop/Dailybot_GUI/install/fake_data/share/fake_data/package.zsh'
[1.988s] Level 1:colcon.colcon_core.environment:create_file_with_runtime_dependencies(/home/nir/Desktop/Dailybot_GUI/install/fake_data/share/colcon-core/packages/fake_data)
[1.988s] DEBUG:colcon.colcon_parallel_executor.executor.parallel:closing loop
[1.989s] DEBUG:colcon.colcon_parallel_executor.executor.parallel:loop closed
[1.989s] DEBUG:colcon.colcon_parallel_executor.executor.parallel:run_until_complete finished with '0'
[1.989s] DEBUG:colcon.colcon_core.event_reactor:joining thread
[1.999s] INFO:colcon.colcon_core.plugin_system:Skipping extension 'colcon_notification.desktop_notification.terminal_notifier': Not used on non-Darwin systems
[1.999s] INFO:colcon.colcon_core.plugin_system:Skipping extension 'colcon_notification.desktop_notification.win32': Not used on non-Windows systems
[1.999s] INFO:colcon.colcon_notification.desktop_notification:Sending desktop notification using 'notify2'
[2.010s] DEBUG:colcon.colcon_core.event_reactor:joined thread
[2.012s] INFO:colcon.colcon_core.shell:Creating prefix script '/home/nir/Desktop/Dailybot_GUI/install/local_setup.ps1'
[2.013s] INFO:colcon.colcon_core.shell:Creating prefix util module '/home/nir/Desktop/Dailybot_GUI/install/_local_setup_util_ps1.py'
[2.015s] INFO:colcon.colcon_core.shell:Creating prefix chain script '/home/nir/Desktop/Dailybot_GUI/install/setup.ps1'
[2.016s] INFO:colcon.colcon_core.shell:Creating prefix script '/home/nir/Desktop/Dailybot_GUI/install/local_setup.sh'
[2.016s] INFO:colcon.colcon_core.shell:Creating prefix util module '/home/nir/Desktop/Dailybot_GUI/install/_local_setup_util_sh.py'
[2.016s] INFO:colcon.colcon_core.shell:Creating prefix chain script '/home/nir/Desktop/Dailybot_GUI/install/setup.sh'
[2.017s] INFO:colcon.colcon_core.shell:Creating prefix script '/home/nir/Desktop/Dailybot_GUI/install/local_setup.bash'
[2.018s] INFO:colcon.colcon_core.shell:Creating prefix chain script '/home/nir/Desktop/Dailybot_GUI/install/setup.bash'
[2.019s] INFO:colcon.colcon_core.shell:Creating prefix script '/home/nir/Desktop/Dailybot_GUI/install/local_setup.zsh'
[2.019s] INFO:colcon.colcon_core.shell:Creating prefix chain script '/home/nir/Desktop/Dailybot_GUI/install/setup.zsh'
