/home/nir/Desktop/Dailybot_GUI/install/gui/lib/python3.10/site-packages/gui/dashboards.py
/home/nir/Desktop/Dailybot_GUI/install/gui/lib/python3.10/site-packages/gui/model_testing.py
/home/nir/Desktop/Dailybot_GUI/install/gui/lib/python3.10/site-packages/gui/logg.py
/home/nir/Desktop/Dailybot_GUI/install/gui/lib/python3.10/site-packages/gui/__init__.py
/home/nir/Desktop/Dailybot_GUI/install/gui/lib/python3.10/site-packages/gui/Gripper.py
/home/nir/Desktop/Dailybot_GUI/install/gui/lib/python3.10/site-packages/gui/cameras.py
/home/nir/Desktop/Dailybot_GUI/install/gui/lib/python3.10/site-packages/gui/cutter.py
/home/nir/Desktop/Dailybot_GUI/install/gui/lib/python3.10/site-packages/gui/gui.py
/home/nir/Desktop/Dailybot_GUI/install/gui/lib/python3.10/site-packages/gui/settings.py
/home/nir/Desktop/Dailybot_GUI/install/gui/lib/python3.10/site-packages/gui/xarm/version.py
/home/nir/Desktop/Dailybot_GUI/install/gui/lib/python3.10/site-packages/gui/xarm/__init__.py
/home/nir/Desktop/Dailybot_GUI/install/gui/lib/python3.10/site-packages/gui/xarm/__init__ copy.py
/home/nir/Desktop/Dailybot_GUI/install/gui/lib/python3.10/site-packages/gui/xarm/x3/track.py
/home/nir/Desktop/Dailybot_GUI/install/gui/lib/python3.10/site-packages/gui/xarm/x3/grammar_coroutine.py
/home/nir/Desktop/Dailybot_GUI/install/gui/lib/python3.10/site-packages/gui/xarm/x3/ft_sensor.py
/home/nir/Desktop/Dailybot_GUI/install/gui/lib/python3.10/site-packages/gui/xarm/x3/report.py
/home/nir/Desktop/Dailybot_GUI/install/gui/lib/python3.10/site-packages/gui/xarm/x3/decorator.py
/home/nir/Desktop/Dailybot_GUI/install/gui/lib/python3.10/site-packages/gui/xarm/x3/code.py
/home/nir/Desktop/Dailybot_GUI/install/gui/lib/python3.10/site-packages/gui/xarm/x3/parse.py
/home/nir/Desktop/Dailybot_GUI/install/gui/lib/python3.10/site-packages/gui/xarm/x3/__init__.py
/home/nir/Desktop/Dailybot_GUI/install/gui/lib/python3.10/site-packages/gui/xarm/x3/utils.py
/home/nir/Desktop/Dailybot_GUI/install/gui/lib/python3.10/site-packages/gui/xarm/x3/robotiq.py
/home/nir/Desktop/Dailybot_GUI/install/gui/lib/python3.10/site-packages/gui/xarm/x3/gripper.py
/home/nir/Desktop/Dailybot_GUI/install/gui/lib/python3.10/site-packages/gui/xarm/x3/modbus_tcp.py
/home/nir/Desktop/Dailybot_GUI/install/gui/lib/python3.10/site-packages/gui/xarm/x3/grammar_async.py
/home/nir/Desktop/Dailybot_GUI/install/gui/lib/python3.10/site-packages/gui/xarm/x3/base.py
/home/nir/Desktop/Dailybot_GUI/install/gui/lib/python3.10/site-packages/gui/xarm/x3/servo.py
/home/nir/Desktop/Dailybot_GUI/install/gui/lib/python3.10/site-packages/gui/xarm/x3/xarm.py
/home/nir/Desktop/Dailybot_GUI/install/gui/lib/python3.10/site-packages/gui/xarm/x3/gpio.py
/home/nir/Desktop/Dailybot_GUI/install/gui/lib/python3.10/site-packages/gui/xarm/x3/base_board.py
/home/nir/Desktop/Dailybot_GUI/install/gui/lib/python3.10/site-packages/gui/xarm/x3/studio.py
/home/nir/Desktop/Dailybot_GUI/install/gui/lib/python3.10/site-packages/gui/xarm/x3/record.py
/home/nir/Desktop/Dailybot_GUI/install/gui/lib/python3.10/site-packages/gui/xarm/x3/events.py
/home/nir/Desktop/Dailybot_GUI/install/gui/lib/python3.10/site-packages/gui/xarm/wrapper/xarm_api.py
/home/nir/Desktop/Dailybot_GUI/install/gui/lib/python3.10/site-packages/gui/xarm/wrapper/__init__.py
/home/nir/Desktop/Dailybot_GUI/install/gui/lib/python3.10/site-packages/gui/xarm/wrapper/studio_api.py
/home/nir/Desktop/Dailybot_GUI/install/gui/lib/python3.10/site-packages/gui/xarm/tools/blockly_tool.py
/home/nir/Desktop/Dailybot_GUI/install/gui/lib/python3.10/site-packages/gui/xarm/tools/list_ports.py
/home/nir/Desktop/Dailybot_GUI/install/gui/lib/python3.10/site-packages/gui/xarm/tools/threads.py
/home/nir/Desktop/Dailybot_GUI/install/gui/lib/python3.10/site-packages/gui/xarm/tools/__init__.py
/home/nir/Desktop/Dailybot_GUI/install/gui/lib/python3.10/site-packages/gui/xarm/tools/utils.py
/home/nir/Desktop/Dailybot_GUI/install/gui/lib/python3.10/site-packages/gui/xarm/core/version.py
/home/nir/Desktop/Dailybot_GUI/install/gui/lib/python3.10/site-packages/gui/xarm/core/__init__.py
/home/nir/Desktop/Dailybot_GUI/install/gui/lib/python3.10/site-packages/gui/xarm/tools/blockly/_blockly_node.py
/home/nir/Desktop/Dailybot_GUI/install/gui/lib/python3.10/site-packages/gui/xarm/tools/blockly/_blockly_tool.py
/home/nir/Desktop/Dailybot_GUI/install/gui/lib/python3.10/site-packages/gui/xarm/tools/blockly/_blockly_highlight.py
/home/nir/Desktop/Dailybot_GUI/install/gui/lib/python3.10/site-packages/gui/xarm/tools/blockly/_blockly_handler.py
/home/nir/Desktop/Dailybot_GUI/install/gui/lib/python3.10/site-packages/gui/xarm/tools/blockly/__init__.py
/home/nir/Desktop/Dailybot_GUI/install/gui/lib/python3.10/site-packages/gui/xarm/tools/blockly/_blockly_base.py
/home/nir/Desktop/Dailybot_GUI/install/gui/lib/python3.10/site-packages/gui/xarm/core/wrapper/__init__.py
/home/nir/Desktop/Dailybot_GUI/install/gui/lib/python3.10/site-packages/gui/xarm/core/wrapper/uxbus_cmd_tcp.py
/home/nir/Desktop/Dailybot_GUI/install/gui/lib/python3.10/site-packages/gui/xarm/core/wrapper/uxbus_cmd_ser.py
/home/nir/Desktop/Dailybot_GUI/install/gui/lib/python3.10/site-packages/gui/xarm/core/wrapper/uxbus_cmd.py
/home/nir/Desktop/Dailybot_GUI/install/gui/lib/python3.10/site-packages/gui/xarm/core/utils/debug_print.py
/home/nir/Desktop/Dailybot_GUI/install/gui/lib/python3.10/site-packages/gui/xarm/core/utils/convert.py
/home/nir/Desktop/Dailybot_GUI/install/gui/lib/python3.10/site-packages/gui/xarm/core/utils/__init__.py
/home/nir/Desktop/Dailybot_GUI/install/gui/lib/python3.10/site-packages/gui/xarm/core/utils/crc16.py
/home/nir/Desktop/Dailybot_GUI/install/gui/lib/python3.10/site-packages/gui/xarm/core/utils/log.py
/home/nir/Desktop/Dailybot_GUI/install/gui/lib/python3.10/site-packages/gui/xarm/core/comm/uxbus_cmd_protocol.py
/home/nir/Desktop/Dailybot_GUI/install/gui/lib/python3.10/site-packages/gui/xarm/core/comm/socket_port.py
/home/nir/Desktop/Dailybot_GUI/install/gui/lib/python3.10/site-packages/gui/xarm/core/comm/serial_port.py
/home/nir/Desktop/Dailybot_GUI/install/gui/lib/python3.10/site-packages/gui/xarm/core/comm/__init__.py
/home/nir/Desktop/Dailybot_GUI/install/gui/lib/python3.10/site-packages/gui/xarm/core/comm/base.py
/home/nir/Desktop/Dailybot_GUI/install/gui/lib/python3.10/site-packages/gui/xarm/core/config/x_config.py
/home/nir/Desktop/Dailybot_GUI/install/gui/lib/python3.10/site-packages/gui/xarm/core/config/__init__.py
/home/nir/Desktop/Dailybot_GUI/install/gui/lib/python3.10/site-packages/gui/xarm/core/config/x_code.py
/home/nir/Desktop/Dailybot_GUI/install/gui/lib/python3.10/site-packages/gui/__pycache__/dashboards.cpython-310.pyc
/home/nir/Desktop/Dailybot_GUI/install/gui/lib/python3.10/site-packages/gui/__pycache__/model_testing.cpython-310.pyc
/home/nir/Desktop/Dailybot_GUI/install/gui/lib/python3.10/site-packages/gui/__pycache__/logg.cpython-310.pyc
/home/nir/Desktop/Dailybot_GUI/install/gui/lib/python3.10/site-packages/gui/__pycache__/__init__.cpython-310.pyc
/home/nir/Desktop/Dailybot_GUI/install/gui/lib/python3.10/site-packages/gui/__pycache__/Gripper.cpython-310.pyc
/home/nir/Desktop/Dailybot_GUI/install/gui/lib/python3.10/site-packages/gui/__pycache__/cameras.cpython-310.pyc
/home/nir/Desktop/Dailybot_GUI/install/gui/lib/python3.10/site-packages/gui/__pycache__/cutter.cpython-310.pyc
/home/nir/Desktop/Dailybot_GUI/install/gui/lib/python3.10/site-packages/gui/__pycache__/gui.cpython-310.pyc
/home/nir/Desktop/Dailybot_GUI/install/gui/lib/python3.10/site-packages/gui/__pycache__/settings.cpython-310.pyc
/home/nir/Desktop/Dailybot_GUI/install/gui/lib/python3.10/site-packages/gui/xarm/__pycache__/version.cpython-310.pyc
/home/nir/Desktop/Dailybot_GUI/install/gui/lib/python3.10/site-packages/gui/xarm/__pycache__/__init__.cpython-310.pyc
/home/nir/Desktop/Dailybot_GUI/install/gui/lib/python3.10/site-packages/gui/xarm/__pycache__/__init__ copy.cpython-310.pyc
/home/nir/Desktop/Dailybot_GUI/install/gui/lib/python3.10/site-packages/gui/xarm/x3/__pycache__/track.cpython-310.pyc
/home/nir/Desktop/Dailybot_GUI/install/gui/lib/python3.10/site-packages/gui/xarm/x3/__pycache__/grammar_coroutine.cpython-310.pyc
/home/nir/Desktop/Dailybot_GUI/install/gui/lib/python3.10/site-packages/gui/xarm/x3/__pycache__/ft_sensor.cpython-310.pyc
/home/nir/Desktop/Dailybot_GUI/install/gui/lib/python3.10/site-packages/gui/xarm/x3/__pycache__/report.cpython-310.pyc
/home/nir/Desktop/Dailybot_GUI/install/gui/lib/python3.10/site-packages/gui/xarm/x3/__pycache__/decorator.cpython-310.pyc
/home/nir/Desktop/Dailybot_GUI/install/gui/lib/python3.10/site-packages/gui/xarm/x3/__pycache__/code.cpython-310.pyc
/home/nir/Desktop/Dailybot_GUI/install/gui/lib/python3.10/site-packages/gui/xarm/x3/__pycache__/parse.cpython-310.pyc
/home/nir/Desktop/Dailybot_GUI/install/gui/lib/python3.10/site-packages/gui/xarm/x3/__pycache__/__init__.cpython-310.pyc
/home/nir/Desktop/Dailybot_GUI/install/gui/lib/python3.10/site-packages/gui/xarm/x3/__pycache__/utils.cpython-310.pyc
/home/nir/Desktop/Dailybot_GUI/install/gui/lib/python3.10/site-packages/gui/xarm/x3/__pycache__/robotiq.cpython-310.pyc
/home/nir/Desktop/Dailybot_GUI/install/gui/lib/python3.10/site-packages/gui/xarm/x3/__pycache__/gripper.cpython-310.pyc
/home/nir/Desktop/Dailybot_GUI/install/gui/lib/python3.10/site-packages/gui/xarm/x3/__pycache__/modbus_tcp.cpython-310.pyc
/home/nir/Desktop/Dailybot_GUI/install/gui/lib/python3.10/site-packages/gui/xarm/x3/__pycache__/grammar_async.cpython-310.pyc
/home/nir/Desktop/Dailybot_GUI/install/gui/lib/python3.10/site-packages/gui/xarm/x3/__pycache__/base.cpython-310.pyc
/home/nir/Desktop/Dailybot_GUI/install/gui/lib/python3.10/site-packages/gui/xarm/x3/__pycache__/servo.cpython-310.pyc
/home/nir/Desktop/Dailybot_GUI/install/gui/lib/python3.10/site-packages/gui/xarm/x3/__pycache__/xarm.cpython-310.pyc
/home/nir/Desktop/Dailybot_GUI/install/gui/lib/python3.10/site-packages/gui/xarm/x3/__pycache__/gpio.cpython-310.pyc
/home/nir/Desktop/Dailybot_GUI/install/gui/lib/python3.10/site-packages/gui/xarm/x3/__pycache__/base_board.cpython-310.pyc
/home/nir/Desktop/Dailybot_GUI/install/gui/lib/python3.10/site-packages/gui/xarm/x3/__pycache__/studio.cpython-310.pyc
/home/nir/Desktop/Dailybot_GUI/install/gui/lib/python3.10/site-packages/gui/xarm/x3/__pycache__/record.cpython-310.pyc
/home/nir/Desktop/Dailybot_GUI/install/gui/lib/python3.10/site-packages/gui/xarm/x3/__pycache__/events.cpython-310.pyc
/home/nir/Desktop/Dailybot_GUI/install/gui/lib/python3.10/site-packages/gui/xarm/wrapper/__pycache__/xarm_api.cpython-310.pyc
/home/nir/Desktop/Dailybot_GUI/install/gui/lib/python3.10/site-packages/gui/xarm/wrapper/__pycache__/__init__.cpython-310.pyc
/home/nir/Desktop/Dailybot_GUI/install/gui/lib/python3.10/site-packages/gui/xarm/wrapper/__pycache__/studio_api.cpython-310.pyc
/home/nir/Desktop/Dailybot_GUI/install/gui/lib/python3.10/site-packages/gui/xarm/tools/__pycache__/blockly_tool.cpython-310.pyc
/home/nir/Desktop/Dailybot_GUI/install/gui/lib/python3.10/site-packages/gui/xarm/tools/__pycache__/list_ports.cpython-310.pyc
/home/nir/Desktop/Dailybot_GUI/install/gui/lib/python3.10/site-packages/gui/xarm/tools/__pycache__/threads.cpython-310.pyc
/home/nir/Desktop/Dailybot_GUI/install/gui/lib/python3.10/site-packages/gui/xarm/tools/__pycache__/__init__.cpython-310.pyc
/home/nir/Desktop/Dailybot_GUI/install/gui/lib/python3.10/site-packages/gui/xarm/tools/__pycache__/utils.cpython-310.pyc
/home/nir/Desktop/Dailybot_GUI/install/gui/lib/python3.10/site-packages/gui/xarm/core/__pycache__/version.cpython-310.pyc
/home/nir/Desktop/Dailybot_GUI/install/gui/lib/python3.10/site-packages/gui/xarm/core/__pycache__/__init__.cpython-310.pyc
/home/nir/Desktop/Dailybot_GUI/install/gui/lib/python3.10/site-packages/gui/xarm/tools/blockly/__pycache__/_blockly_node.cpython-310.pyc
/home/nir/Desktop/Dailybot_GUI/install/gui/lib/python3.10/site-packages/gui/xarm/tools/blockly/__pycache__/_blockly_tool.cpython-310.pyc
/home/nir/Desktop/Dailybot_GUI/install/gui/lib/python3.10/site-packages/gui/xarm/tools/blockly/__pycache__/_blockly_highlight.cpython-310.pyc
/home/nir/Desktop/Dailybot_GUI/install/gui/lib/python3.10/site-packages/gui/xarm/tools/blockly/__pycache__/_blockly_handler.cpython-310.pyc
/home/nir/Desktop/Dailybot_GUI/install/gui/lib/python3.10/site-packages/gui/xarm/tools/blockly/__pycache__/__init__.cpython-310.pyc
/home/nir/Desktop/Dailybot_GUI/install/gui/lib/python3.10/site-packages/gui/xarm/tools/blockly/__pycache__/_blockly_base.cpython-310.pyc
/home/nir/Desktop/Dailybot_GUI/install/gui/lib/python3.10/site-packages/gui/xarm/core/wrapper/__pycache__/__init__.cpython-310.pyc
/home/nir/Desktop/Dailybot_GUI/install/gui/lib/python3.10/site-packages/gui/xarm/core/wrapper/__pycache__/uxbus_cmd_tcp.cpython-310.pyc
/home/nir/Desktop/Dailybot_GUI/install/gui/lib/python3.10/site-packages/gui/xarm/core/wrapper/__pycache__/uxbus_cmd_ser.cpython-310.pyc
/home/nir/Desktop/Dailybot_GUI/install/gui/lib/python3.10/site-packages/gui/xarm/core/wrapper/__pycache__/uxbus_cmd.cpython-310.pyc
/home/nir/Desktop/Dailybot_GUI/install/gui/lib/python3.10/site-packages/gui/xarm/core/utils/__pycache__/debug_print.cpython-310.pyc
/home/nir/Desktop/Dailybot_GUI/install/gui/lib/python3.10/site-packages/gui/xarm/core/utils/__pycache__/convert.cpython-310.pyc
/home/nir/Desktop/Dailybot_GUI/install/gui/lib/python3.10/site-packages/gui/xarm/core/utils/__pycache__/__init__.cpython-310.pyc
/home/nir/Desktop/Dailybot_GUI/install/gui/lib/python3.10/site-packages/gui/xarm/core/utils/__pycache__/crc16.cpython-310.pyc
/home/nir/Desktop/Dailybot_GUI/install/gui/lib/python3.10/site-packages/gui/xarm/core/utils/__pycache__/log.cpython-310.pyc
/home/nir/Desktop/Dailybot_GUI/install/gui/lib/python3.10/site-packages/gui/xarm/core/comm/__pycache__/uxbus_cmd_protocol.cpython-310.pyc
/home/nir/Desktop/Dailybot_GUI/install/gui/lib/python3.10/site-packages/gui/xarm/core/comm/__pycache__/socket_port.cpython-310.pyc
/home/nir/Desktop/Dailybot_GUI/install/gui/lib/python3.10/site-packages/gui/xarm/core/comm/__pycache__/serial_port.cpython-310.pyc
/home/nir/Desktop/Dailybot_GUI/install/gui/lib/python3.10/site-packages/gui/xarm/core/comm/__pycache__/__init__.cpython-310.pyc
/home/nir/Desktop/Dailybot_GUI/install/gui/lib/python3.10/site-packages/gui/xarm/core/comm/__pycache__/base.cpython-310.pyc
/home/nir/Desktop/Dailybot_GUI/install/gui/lib/python3.10/site-packages/gui/xarm/core/config/__pycache__/x_config.cpython-310.pyc
/home/nir/Desktop/Dailybot_GUI/install/gui/lib/python3.10/site-packages/gui/xarm/core/config/__pycache__/__init__.cpython-310.pyc
/home/nir/Desktop/Dailybot_GUI/install/gui/lib/python3.10/site-packages/gui/xarm/core/config/__pycache__/x_code.cpython-310.pyc
/home/nir/Desktop/Dailybot_GUI/install/gui/share/ament_index/resource_index/packages/gui
/home/nir/Desktop/Dailybot_GUI/install/gui/share/gui/package.xml
/home/nir/Desktop/Dailybot_GUI/install/gui/share/gui/launch
/home/nir/Desktop/Dailybot_GUI/install/gui/lib/python3.10/site-packages/gui-0.0.0-py3.10.egg-info/requires.txt
/home/nir/Desktop/Dailybot_GUI/install/gui/lib/python3.10/site-packages/gui-0.0.0-py3.10.egg-info/dependency_links.txt
/home/nir/Desktop/Dailybot_GUI/install/gui/lib/python3.10/site-packages/gui-0.0.0-py3.10.egg-info/zip-safe
/home/nir/Desktop/Dailybot_GUI/install/gui/lib/python3.10/site-packages/gui-0.0.0-py3.10.egg-info/SOURCES.txt
/home/nir/Desktop/Dailybot_GUI/install/gui/lib/python3.10/site-packages/gui-0.0.0-py3.10.egg-info/PKG-INFO
/home/nir/Desktop/Dailybot_GUI/install/gui/lib/python3.10/site-packages/gui-0.0.0-py3.10.egg-info/top_level.txt
/home/nir/Desktop/Dailybot_GUI/install/gui/lib/python3.10/site-packages/gui-0.0.0-py3.10.egg-info/entry_points.txt
/home/nir/Desktop/Dailybot_GUI/install/gui/lib/gui/run_gui
