[0.635s] Invoking command in '/home/nir/Desktop/Dailybot_GUI/src/gui': CONDA_PROMPT_MODIFIER=(base) PYTHONPATH=/home/nir/Desktop/Dailybot_GUI/build/gui/prefix_override:/home/nir/Desktop/Dailybot_GUI/install/gui/lib/python3.10/site-packages:${PYTHONPATH} /usr/bin/python3 setup.py egg_info --egg-base ../../build/gui build --build-base /home/nir/Desktop/Dailybot_GUI/build/gui/build install --record /home/nir/Desktop/Dailybot_GUI/build/gui/install.log --single-version-externally-managed
[0.796s] running egg_info
[0.796s] creating ../../build/gui/gui.egg-info
[0.796s] writing ../../build/gui/gui.egg-info/PKG-INFO
[0.797s] writing dependency_links to ../../build/gui/gui.egg-info/dependency_links.txt
[0.797s] writing entry points to ../../build/gui/gui.egg-info/entry_points.txt
[0.797s] writing requirements to ../../build/gui/gui.egg-info/requires.txt
[0.797s] writing top-level names to ../../build/gui/gui.egg-info/top_level.txt
[0.797s] writing manifest file '../../build/gui/gui.egg-info/SOURCES.txt'
[0.798s] reading manifest file '../../build/gui/gui.egg-info/SOURCES.txt'
[0.799s] writing manifest file '../../build/gui/gui.egg-info/SOURCES.txt'
[0.799s] running build
[0.799s] running build_py
[0.799s] creating /home/nir/Desktop/Dailybot_GUI/build/gui/build
[0.799s] creating /home/nir/Desktop/Dailybot_GUI/build/gui/build/lib
[0.799s] creating /home/nir/Desktop/Dailybot_GUI/build/gui/build/lib/gui
[0.799s] copying gui/__init__.py -> /home/nir/Desktop/Dailybot_GUI/build/gui/build/lib/gui
[0.799s] copying gui/gui.py -> /home/nir/Desktop/Dailybot_GUI/build/gui/build/lib/gui
[0.800s] creating /home/nir/Desktop/Dailybot_GUI/build/gui/build/lib/gui/xarm
[0.800s] copying gui/xarm/version.py -> /home/nir/Desktop/Dailybot_GUI/build/gui/build/lib/gui/xarm
[0.800s] copying gui/xarm/__init__.py -> /home/nir/Desktop/Dailybot_GUI/build/gui/build/lib/gui/xarm
[0.800s] copying gui/xarm/__init__ copy.py -> /home/nir/Desktop/Dailybot_GUI/build/gui/build/lib/gui/xarm
[0.800s] creating /home/nir/Desktop/Dailybot_GUI/build/gui/build/lib/gui/xarm/x3
[0.800s] copying gui/xarm/x3/track.py -> /home/nir/Desktop/Dailybot_GUI/build/gui/build/lib/gui/xarm/x3
[0.800s] copying gui/xarm/x3/grammar_coroutine.py -> /home/nir/Desktop/Dailybot_GUI/build/gui/build/lib/gui/xarm/x3
[0.800s] copying gui/xarm/x3/ft_sensor.py -> /home/nir/Desktop/Dailybot_GUI/build/gui/build/lib/gui/xarm/x3
[0.800s] copying gui/xarm/x3/report.py -> /home/nir/Desktop/Dailybot_GUI/build/gui/build/lib/gui/xarm/x3
[0.800s] copying gui/xarm/x3/decorator.py -> /home/nir/Desktop/Dailybot_GUI/build/gui/build/lib/gui/xarm/x3
[0.800s] copying gui/xarm/x3/code.py -> /home/nir/Desktop/Dailybot_GUI/build/gui/build/lib/gui/xarm/x3
[0.800s] copying gui/xarm/x3/parse.py -> /home/nir/Desktop/Dailybot_GUI/build/gui/build/lib/gui/xarm/x3
[0.800s] copying gui/xarm/x3/__init__.py -> /home/nir/Desktop/Dailybot_GUI/build/gui/build/lib/gui/xarm/x3
[0.800s] copying gui/xarm/x3/utils.py -> /home/nir/Desktop/Dailybot_GUI/build/gui/build/lib/gui/xarm/x3
[0.800s] copying gui/xarm/x3/robotiq.py -> /home/nir/Desktop/Dailybot_GUI/build/gui/build/lib/gui/xarm/x3
[0.801s] copying gui/xarm/x3/gripper.py -> /home/nir/Desktop/Dailybot_GUI/build/gui/build/lib/gui/xarm/x3
[0.801s] copying gui/xarm/x3/modbus_tcp.py -> /home/nir/Desktop/Dailybot_GUI/build/gui/build/lib/gui/xarm/x3
[0.801s] copying gui/xarm/x3/grammar_async.py -> /home/nir/Desktop/Dailybot_GUI/build/gui/build/lib/gui/xarm/x3
[0.801s] copying gui/xarm/x3/base.py -> /home/nir/Desktop/Dailybot_GUI/build/gui/build/lib/gui/xarm/x3
[0.801s] copying gui/xarm/x3/servo.py -> /home/nir/Desktop/Dailybot_GUI/build/gui/build/lib/gui/xarm/x3
[0.801s] copying gui/xarm/x3/xarm.py -> /home/nir/Desktop/Dailybot_GUI/build/gui/build/lib/gui/xarm/x3
[0.801s] copying gui/xarm/x3/gpio.py -> /home/nir/Desktop/Dailybot_GUI/build/gui/build/lib/gui/xarm/x3
[0.801s] copying gui/xarm/x3/base_board.py -> /home/nir/Desktop/Dailybot_GUI/build/gui/build/lib/gui/xarm/x3
[0.801s] copying gui/xarm/x3/studio.py -> /home/nir/Desktop/Dailybot_GUI/build/gui/build/lib/gui/xarm/x3
[0.801s] copying gui/xarm/x3/record.py -> /home/nir/Desktop/Dailybot_GUI/build/gui/build/lib/gui/xarm/x3
[0.801s] copying gui/xarm/x3/events.py -> /home/nir/Desktop/Dailybot_GUI/build/gui/build/lib/gui/xarm/x3
[0.801s] creating /home/nir/Desktop/Dailybot_GUI/build/gui/build/lib/gui/xarm/wrapper
[0.801s] copying gui/xarm/wrapper/xarm_api.py -> /home/nir/Desktop/Dailybot_GUI/build/gui/build/lib/gui/xarm/wrapper
[0.801s] copying gui/xarm/wrapper/__init__.py -> /home/nir/Desktop/Dailybot_GUI/build/gui/build/lib/gui/xarm/wrapper
[0.801s] copying gui/xarm/wrapper/studio_api.py -> /home/nir/Desktop/Dailybot_GUI/build/gui/build/lib/gui/xarm/wrapper
[0.801s] creating /home/nir/Desktop/Dailybot_GUI/build/gui/build/lib/gui/xarm/tools
[0.801s] copying gui/xarm/tools/blockly_tool.py -> /home/nir/Desktop/Dailybot_GUI/build/gui/build/lib/gui/xarm/tools
[0.801s] copying gui/xarm/tools/list_ports.py -> /home/nir/Desktop/Dailybot_GUI/build/gui/build/lib/gui/xarm/tools
[0.802s] copying gui/xarm/tools/threads.py -> /home/nir/Desktop/Dailybot_GUI/build/gui/build/lib/gui/xarm/tools
[0.802s] copying gui/xarm/tools/__init__.py -> /home/nir/Desktop/Dailybot_GUI/build/gui/build/lib/gui/xarm/tools
[0.802s] copying gui/xarm/tools/utils.py -> /home/nir/Desktop/Dailybot_GUI/build/gui/build/lib/gui/xarm/tools
[0.802s] creating /home/nir/Desktop/Dailybot_GUI/build/gui/build/lib/gui/xarm/core
[0.802s] copying gui/xarm/core/version.py -> /home/nir/Desktop/Dailybot_GUI/build/gui/build/lib/gui/xarm/core
[0.802s] copying gui/xarm/core/__init__.py -> /home/nir/Desktop/Dailybot_GUI/build/gui/build/lib/gui/xarm/core
[0.802s] creating /home/nir/Desktop/Dailybot_GUI/build/gui/build/lib/gui/xarm/tools/blockly
[0.802s] copying gui/xarm/tools/blockly/_blockly_node.py -> /home/nir/Desktop/Dailybot_GUI/build/gui/build/lib/gui/xarm/tools/blockly
[0.802s] copying gui/xarm/tools/blockly/_blockly_tool.py -> /home/nir/Desktop/Dailybot_GUI/build/gui/build/lib/gui/xarm/tools/blockly
[0.802s] copying gui/xarm/tools/blockly/_blockly_highlight.py -> /home/nir/Desktop/Dailybot_GUI/build/gui/build/lib/gui/xarm/tools/blockly
[0.802s] copying gui/xarm/tools/blockly/_blockly_handler.py -> /home/nir/Desktop/Dailybot_GUI/build/gui/build/lib/gui/xarm/tools/blockly
[0.802s] copying gui/xarm/tools/blockly/__init__.py -> /home/nir/Desktop/Dailybot_GUI/build/gui/build/lib/gui/xarm/tools/blockly
[0.802s] copying gui/xarm/tools/blockly/_blockly_base.py -> /home/nir/Desktop/Dailybot_GUI/build/gui/build/lib/gui/xarm/tools/blockly
[0.802s] creating /home/nir/Desktop/Dailybot_GUI/build/gui/build/lib/gui/xarm/core/wrapper
[0.803s] copying gui/xarm/core/wrapper/__init__.py -> /home/nir/Desktop/Dailybot_GUI/build/gui/build/lib/gui/xarm/core/wrapper
[0.803s] copying gui/xarm/core/wrapper/uxbus_cmd_tcp.py -> /home/nir/Desktop/Dailybot_GUI/build/gui/build/lib/gui/xarm/core/wrapper
[0.803s] copying gui/xarm/core/wrapper/uxbus_cmd_ser.py -> /home/nir/Desktop/Dailybot_GUI/build/gui/build/lib/gui/xarm/core/wrapper
[0.803s] copying gui/xarm/core/wrapper/uxbus_cmd.py -> /home/nir/Desktop/Dailybot_GUI/build/gui/build/lib/gui/xarm/core/wrapper
[0.803s] creating /home/nir/Desktop/Dailybot_GUI/build/gui/build/lib/gui/xarm/core/utils
[0.803s] copying gui/xarm/core/utils/debug_print.py -> /home/nir/Desktop/Dailybot_GUI/build/gui/build/lib/gui/xarm/core/utils
[0.803s] copying gui/xarm/core/utils/convert.py -> /home/nir/Desktop/Dailybot_GUI/build/gui/build/lib/gui/xarm/core/utils
[0.803s] copying gui/xarm/core/utils/__init__.py -> /home/nir/Desktop/Dailybot_GUI/build/gui/build/lib/gui/xarm/core/utils
[0.803s] copying gui/xarm/core/utils/crc16.py -> /home/nir/Desktop/Dailybot_GUI/build/gui/build/lib/gui/xarm/core/utils
[0.803s] copying gui/xarm/core/utils/log.py -> /home/nir/Desktop/Dailybot_GUI/build/gui/build/lib/gui/xarm/core/utils
[0.803s] creating /home/nir/Desktop/Dailybot_GUI/build/gui/build/lib/gui/xarm/core/comm
[0.803s] copying gui/xarm/core/comm/uxbus_cmd_protocol.py -> /home/nir/Desktop/Dailybot_GUI/build/gui/build/lib/gui/xarm/core/comm
[0.803s] copying gui/xarm/core/comm/socket_port.py -> /home/nir/Desktop/Dailybot_GUI/build/gui/build/lib/gui/xarm/core/comm
[0.803s] copying gui/xarm/core/comm/serial_port.py -> /home/nir/Desktop/Dailybot_GUI/build/gui/build/lib/gui/xarm/core/comm
[0.803s] copying gui/xarm/core/comm/__init__.py -> /home/nir/Desktop/Dailybot_GUI/build/gui/build/lib/gui/xarm/core/comm
[0.803s] copying gui/xarm/core/comm/base.py -> /home/nir/Desktop/Dailybot_GUI/build/gui/build/lib/gui/xarm/core/comm
[0.803s] creating /home/nir/Desktop/Dailybot_GUI/build/gui/build/lib/gui/xarm/core/config
[0.803s] copying gui/xarm/core/config/x_config.py -> /home/nir/Desktop/Dailybot_GUI/build/gui/build/lib/gui/xarm/core/config
[0.803s] copying gui/xarm/core/config/__init__.py -> /home/nir/Desktop/Dailybot_GUI/build/gui/build/lib/gui/xarm/core/config
[0.803s] copying gui/xarm/core/config/x_code.py -> /home/nir/Desktop/Dailybot_GUI/build/gui/build/lib/gui/xarm/core/config
[0.804s] running install
[0.804s] running install_lib
[0.805s] creating /home/nir/Desktop/Dailybot_GUI/install/gui/lib/python3.10/site-packages/gui
[0.805s] copying /home/nir/Desktop/Dailybot_GUI/build/gui/build/lib/gui/__init__.py -> /home/nir/Desktop/Dailybot_GUI/install/gui/lib/python3.10/site-packages/gui
[0.805s] creating /home/nir/Desktop/Dailybot_GUI/install/gui/lib/python3.10/site-packages/gui/xarm
[0.805s] creating /home/nir/Desktop/Dailybot_GUI/install/gui/lib/python3.10/site-packages/gui/xarm/x3
[0.805s] copying /home/nir/Desktop/Dailybot_GUI/build/gui/build/lib/gui/xarm/x3/track.py -> /home/nir/Desktop/Dailybot_GUI/install/gui/lib/python3.10/site-packages/gui/xarm/x3
[0.805s] copying /home/nir/Desktop/Dailybot_GUI/build/gui/build/lib/gui/xarm/x3/grammar_coroutine.py -> /home/nir/Desktop/Dailybot_GUI/install/gui/lib/python3.10/site-packages/gui/xarm/x3
[0.805s] copying /home/nir/Desktop/Dailybot_GUI/build/gui/build/lib/gui/xarm/x3/ft_sensor.py -> /home/nir/Desktop/Dailybot_GUI/install/gui/lib/python3.10/site-packages/gui/xarm/x3
[0.805s] copying /home/nir/Desktop/Dailybot_GUI/build/gui/build/lib/gui/xarm/x3/report.py -> /home/nir/Desktop/Dailybot_GUI/install/gui/lib/python3.10/site-packages/gui/xarm/x3
[0.805s] copying /home/nir/Desktop/Dailybot_GUI/build/gui/build/lib/gui/xarm/x3/decorator.py -> /home/nir/Desktop/Dailybot_GUI/install/gui/lib/python3.10/site-packages/gui/xarm/x3
[0.805s] copying /home/nir/Desktop/Dailybot_GUI/build/gui/build/lib/gui/xarm/x3/code.py -> /home/nir/Desktop/Dailybot_GUI/install/gui/lib/python3.10/site-packages/gui/xarm/x3
[0.805s] copying /home/nir/Desktop/Dailybot_GUI/build/gui/build/lib/gui/xarm/x3/parse.py -> /home/nir/Desktop/Dailybot_GUI/install/gui/lib/python3.10/site-packages/gui/xarm/x3
[0.806s] copying /home/nir/Desktop/Dailybot_GUI/build/gui/build/lib/gui/xarm/x3/__init__.py -> /home/nir/Desktop/Dailybot_GUI/install/gui/lib/python3.10/site-packages/gui/xarm/x3
[0.806s] copying /home/nir/Desktop/Dailybot_GUI/build/gui/build/lib/gui/xarm/x3/utils.py -> /home/nir/Desktop/Dailybot_GUI/install/gui/lib/python3.10/site-packages/gui/xarm/x3
[0.806s] copying /home/nir/Desktop/Dailybot_GUI/build/gui/build/lib/gui/xarm/x3/robotiq.py -> /home/nir/Desktop/Dailybot_GUI/install/gui/lib/python3.10/site-packages/gui/xarm/x3
[0.806s] copying /home/nir/Desktop/Dailybot_GUI/build/gui/build/lib/gui/xarm/x3/gripper.py -> /home/nir/Desktop/Dailybot_GUI/install/gui/lib/python3.10/site-packages/gui/xarm/x3
[0.806s] copying /home/nir/Desktop/Dailybot_GUI/build/gui/build/lib/gui/xarm/x3/modbus_tcp.py -> /home/nir/Desktop/Dailybot_GUI/install/gui/lib/python3.10/site-packages/gui/xarm/x3
[0.806s] copying /home/nir/Desktop/Dailybot_GUI/build/gui/build/lib/gui/xarm/x3/grammar_async.py -> /home/nir/Desktop/Dailybot_GUI/install/gui/lib/python3.10/site-packages/gui/xarm/x3
[0.806s] copying /home/nir/Desktop/Dailybot_GUI/build/gui/build/lib/gui/xarm/x3/base.py -> /home/nir/Desktop/Dailybot_GUI/install/gui/lib/python3.10/site-packages/gui/xarm/x3
[0.806s] copying /home/nir/Desktop/Dailybot_GUI/build/gui/build/lib/gui/xarm/x3/servo.py -> /home/nir/Desktop/Dailybot_GUI/install/gui/lib/python3.10/site-packages/gui/xarm/x3
[0.806s] copying /home/nir/Desktop/Dailybot_GUI/build/gui/build/lib/gui/xarm/x3/xarm.py -> /home/nir/Desktop/Dailybot_GUI/install/gui/lib/python3.10/site-packages/gui/xarm/x3
[0.806s] copying /home/nir/Desktop/Dailybot_GUI/build/gui/build/lib/gui/xarm/x3/gpio.py -> /home/nir/Desktop/Dailybot_GUI/install/gui/lib/python3.10/site-packages/gui/xarm/x3
[0.806s] copying /home/nir/Desktop/Dailybot_GUI/build/gui/build/lib/gui/xarm/x3/base_board.py -> /home/nir/Desktop/Dailybot_GUI/install/gui/lib/python3.10/site-packages/gui/xarm/x3
[0.806s] copying /home/nir/Desktop/Dailybot_GUI/build/gui/build/lib/gui/xarm/x3/studio.py -> /home/nir/Desktop/Dailybot_GUI/install/gui/lib/python3.10/site-packages/gui/xarm/x3
[0.806s] copying /home/nir/Desktop/Dailybot_GUI/build/gui/build/lib/gui/xarm/x3/record.py -> /home/nir/Desktop/Dailybot_GUI/install/gui/lib/python3.10/site-packages/gui/xarm/x3
[0.806s] copying /home/nir/Desktop/Dailybot_GUI/build/gui/build/lib/gui/xarm/x3/events.py -> /home/nir/Desktop/Dailybot_GUI/install/gui/lib/python3.10/site-packages/gui/xarm/x3
[0.806s] creating /home/nir/Desktop/Dailybot_GUI/install/gui/lib/python3.10/site-packages/gui/xarm/wrapper
[0.806s] copying /home/nir/Desktop/Dailybot_GUI/build/gui/build/lib/gui/xarm/wrapper/xarm_api.py -> /home/nir/Desktop/Dailybot_GUI/install/gui/lib/python3.10/site-packages/gui/xarm/wrapper
[0.806s] copying /home/nir/Desktop/Dailybot_GUI/build/gui/build/lib/gui/xarm/wrapper/__init__.py -> /home/nir/Desktop/Dailybot_GUI/install/gui/lib/python3.10/site-packages/gui/xarm/wrapper
[0.806s] copying /home/nir/Desktop/Dailybot_GUI/build/gui/build/lib/gui/xarm/wrapper/studio_api.py -> /home/nir/Desktop/Dailybot_GUI/install/gui/lib/python3.10/site-packages/gui/xarm/wrapper
[0.807s] copying /home/nir/Desktop/Dailybot_GUI/build/gui/build/lib/gui/xarm/version.py -> /home/nir/Desktop/Dailybot_GUI/install/gui/lib/python3.10/site-packages/gui/xarm
[0.807s] copying /home/nir/Desktop/Dailybot_GUI/build/gui/build/lib/gui/xarm/__init__.py -> /home/nir/Desktop/Dailybot_GUI/install/gui/lib/python3.10/site-packages/gui/xarm
[0.807s] creating /home/nir/Desktop/Dailybot_GUI/install/gui/lib/python3.10/site-packages/gui/xarm/tools
[0.807s] copying /home/nir/Desktop/Dailybot_GUI/build/gui/build/lib/gui/xarm/tools/blockly_tool.py -> /home/nir/Desktop/Dailybot_GUI/install/gui/lib/python3.10/site-packages/gui/xarm/tools
[0.807s] copying /home/nir/Desktop/Dailybot_GUI/build/gui/build/lib/gui/xarm/tools/list_ports.py -> /home/nir/Desktop/Dailybot_GUI/install/gui/lib/python3.10/site-packages/gui/xarm/tools
[0.807s] copying /home/nir/Desktop/Dailybot_GUI/build/gui/build/lib/gui/xarm/tools/threads.py -> /home/nir/Desktop/Dailybot_GUI/install/gui/lib/python3.10/site-packages/gui/xarm/tools
[0.807s] copying /home/nir/Desktop/Dailybot_GUI/build/gui/build/lib/gui/xarm/tools/__init__.py -> /home/nir/Desktop/Dailybot_GUI/install/gui/lib/python3.10/site-packages/gui/xarm/tools
[0.807s] copying /home/nir/Desktop/Dailybot_GUI/build/gui/build/lib/gui/xarm/tools/utils.py -> /home/nir/Desktop/Dailybot_GUI/install/gui/lib/python3.10/site-packages/gui/xarm/tools
[0.807s] creating /home/nir/Desktop/Dailybot_GUI/install/gui/lib/python3.10/site-packages/gui/xarm/tools/blockly
[0.807s] copying /home/nir/Desktop/Dailybot_GUI/build/gui/build/lib/gui/xarm/tools/blockly/_blockly_node.py -> /home/nir/Desktop/Dailybot_GUI/install/gui/lib/python3.10/site-packages/gui/xarm/tools/blockly
[0.807s] copying /home/nir/Desktop/Dailybot_GUI/build/gui/build/lib/gui/xarm/tools/blockly/_blockly_tool.py -> /home/nir/Desktop/Dailybot_GUI/install/gui/lib/python3.10/site-packages/gui/xarm/tools/blockly
[0.807s] copying /home/nir/Desktop/Dailybot_GUI/build/gui/build/lib/gui/xarm/tools/blockly/_blockly_highlight.py -> /home/nir/Desktop/Dailybot_GUI/install/gui/lib/python3.10/site-packages/gui/xarm/tools/blockly
[0.807s] copying /home/nir/Desktop/Dailybot_GUI/build/gui/build/lib/gui/xarm/tools/blockly/_blockly_handler.py -> /home/nir/Desktop/Dailybot_GUI/install/gui/lib/python3.10/site-packages/gui/xarm/tools/blockly
[0.807s] copying /home/nir/Desktop/Dailybot_GUI/build/gui/build/lib/gui/xarm/tools/blockly/__init__.py -> /home/nir/Desktop/Dailybot_GUI/install/gui/lib/python3.10/site-packages/gui/xarm/tools/blockly
[0.807s] copying /home/nir/Desktop/Dailybot_GUI/build/gui/build/lib/gui/xarm/tools/blockly/_blockly_base.py -> /home/nir/Desktop/Dailybot_GUI/install/gui/lib/python3.10/site-packages/gui/xarm/tools/blockly
[0.807s] copying /home/nir/Desktop/Dailybot_GUI/build/gui/build/lib/gui/xarm/__init__ copy.py -> /home/nir/Desktop/Dailybot_GUI/install/gui/lib/python3.10/site-packages/gui/xarm
[0.807s] creating /home/nir/Desktop/Dailybot_GUI/install/gui/lib/python3.10/site-packages/gui/xarm/core
[0.807s] creating /home/nir/Desktop/Dailybot_GUI/install/gui/lib/python3.10/site-packages/gui/xarm/core/wrapper
[0.808s] copying /home/nir/Desktop/Dailybot_GUI/build/gui/build/lib/gui/xarm/core/wrapper/__init__.py -> /home/nir/Desktop/Dailybot_GUI/install/gui/lib/python3.10/site-packages/gui/xarm/core/wrapper
[0.808s] copying /home/nir/Desktop/Dailybot_GUI/build/gui/build/lib/gui/xarm/core/wrapper/uxbus_cmd_tcp.py -> /home/nir/Desktop/Dailybot_GUI/install/gui/lib/python3.10/site-packages/gui/xarm/core/wrapper
[0.808s] copying /home/nir/Desktop/Dailybot_GUI/build/gui/build/lib/gui/xarm/core/wrapper/uxbus_cmd_ser.py -> /home/nir/Desktop/Dailybot_GUI/install/gui/lib/python3.10/site-packages/gui/xarm/core/wrapper
[0.808s] copying /home/nir/Desktop/Dailybot_GUI/build/gui/build/lib/gui/xarm/core/wrapper/uxbus_cmd.py -> /home/nir/Desktop/Dailybot_GUI/install/gui/lib/python3.10/site-packages/gui/xarm/core/wrapper
[0.808s] creating /home/nir/Desktop/Dailybot_GUI/install/gui/lib/python3.10/site-packages/gui/xarm/core/utils
[0.808s] copying /home/nir/Desktop/Dailybot_GUI/build/gui/build/lib/gui/xarm/core/utils/debug_print.py -> /home/nir/Desktop/Dailybot_GUI/install/gui/lib/python3.10/site-packages/gui/xarm/core/utils
[0.808s] copying /home/nir/Desktop/Dailybot_GUI/build/gui/build/lib/gui/xarm/core/utils/convert.py -> /home/nir/Desktop/Dailybot_GUI/install/gui/lib/python3.10/site-packages/gui/xarm/core/utils
[0.808s] copying /home/nir/Desktop/Dailybot_GUI/build/gui/build/lib/gui/xarm/core/utils/__init__.py -> /home/nir/Desktop/Dailybot_GUI/install/gui/lib/python3.10/site-packages/gui/xarm/core/utils
[0.808s] copying /home/nir/Desktop/Dailybot_GUI/build/gui/build/lib/gui/xarm/core/utils/crc16.py -> /home/nir/Desktop/Dailybot_GUI/install/gui/lib/python3.10/site-packages/gui/xarm/core/utils
[0.808s] copying /home/nir/Desktop/Dailybot_GUI/build/gui/build/lib/gui/xarm/core/utils/log.py -> /home/nir/Desktop/Dailybot_GUI/install/gui/lib/python3.10/site-packages/gui/xarm/core/utils
[0.808s] creating /home/nir/Desktop/Dailybot_GUI/install/gui/lib/python3.10/site-packages/gui/xarm/core/comm
[0.808s] copying /home/nir/Desktop/Dailybot_GUI/build/gui/build/lib/gui/xarm/core/comm/uxbus_cmd_protocol.py -> /home/nir/Desktop/Dailybot_GUI/install/gui/lib/python3.10/site-packages/gui/xarm/core/comm
[0.808s] copying /home/nir/Desktop/Dailybot_GUI/build/gui/build/lib/gui/xarm/core/comm/socket_port.py -> /home/nir/Desktop/Dailybot_GUI/install/gui/lib/python3.10/site-packages/gui/xarm/core/comm
[0.808s] copying /home/nir/Desktop/Dailybot_GUI/build/gui/build/lib/gui/xarm/core/comm/serial_port.py -> /home/nir/Desktop/Dailybot_GUI/install/gui/lib/python3.10/site-packages/gui/xarm/core/comm
[0.808s] copying /home/nir/Desktop/Dailybot_GUI/build/gui/build/lib/gui/xarm/core/comm/__init__.py -> /home/nir/Desktop/Dailybot_GUI/install/gui/lib/python3.10/site-packages/gui/xarm/core/comm
[0.808s] copying /home/nir/Desktop/Dailybot_GUI/build/gui/build/lib/gui/xarm/core/comm/base.py -> /home/nir/Desktop/Dailybot_GUI/install/gui/lib/python3.10/site-packages/gui/xarm/core/comm
[0.808s] copying /home/nir/Desktop/Dailybot_GUI/build/gui/build/lib/gui/xarm/core/version.py -> /home/nir/Desktop/Dailybot_GUI/install/gui/lib/python3.10/site-packages/gui/xarm/core
[0.808s] copying /home/nir/Desktop/Dailybot_GUI/build/gui/build/lib/gui/xarm/core/__init__.py -> /home/nir/Desktop/Dailybot_GUI/install/gui/lib/python3.10/site-packages/gui/xarm/core
[0.808s] creating /home/nir/Desktop/Dailybot_GUI/install/gui/lib/python3.10/site-packages/gui/xarm/core/config
[0.808s] copying /home/nir/Desktop/Dailybot_GUI/build/gui/build/lib/gui/xarm/core/config/x_config.py -> /home/nir/Desktop/Dailybot_GUI/install/gui/lib/python3.10/site-packages/gui/xarm/core/config
[0.809s] copying /home/nir/Desktop/Dailybot_GUI/build/gui/build/lib/gui/xarm/core/config/__init__.py -> /home/nir/Desktop/Dailybot_GUI/install/gui/lib/python3.10/site-packages/gui/xarm/core/config
[0.809s] copying /home/nir/Desktop/Dailybot_GUI/build/gui/build/lib/gui/xarm/core/config/x_code.py -> /home/nir/Desktop/Dailybot_GUI/install/gui/lib/python3.10/site-packages/gui/xarm/core/config
[0.809s] copying /home/nir/Desktop/Dailybot_GUI/build/gui/build/lib/gui/gui.py -> /home/nir/Desktop/Dailybot_GUI/install/gui/lib/python3.10/site-packages/gui
[0.809s] byte-compiling /home/nir/Desktop/Dailybot_GUI/install/gui/lib/python3.10/site-packages/gui/__init__.py to __init__.cpython-310.pyc
[0.809s] byte-compiling /home/nir/Desktop/Dailybot_GUI/install/gui/lib/python3.10/site-packages/gui/xarm/x3/track.py to track.cpython-310.pyc
[0.812s] byte-compiling /home/nir/Desktop/Dailybot_GUI/install/gui/lib/python3.10/site-packages/gui/xarm/x3/grammar_coroutine.py to grammar_coroutine.cpython-310.pyc
[0.812s] byte-compiling /home/nir/Desktop/Dailybot_GUI/install/gui/lib/python3.10/site-packages/gui/xarm/x3/ft_sensor.py to ft_sensor.cpython-310.pyc
[0.814s] byte-compiling /home/nir/Desktop/Dailybot_GUI/install/gui/lib/python3.10/site-packages/gui/xarm/x3/report.py to report.cpython-310.pyc
[0.815s] byte-compiling /home/nir/Desktop/Dailybot_GUI/install/gui/lib/python3.10/site-packages/gui/xarm/x3/decorator.py to decorator.cpython-310.pyc
[0.815s] byte-compiling /home/nir/Desktop/Dailybot_GUI/install/gui/lib/python3.10/site-packages/gui/xarm/x3/code.py to code.cpython-310.pyc
[0.815s] byte-compiling /home/nir/Desktop/Dailybot_GUI/install/gui/lib/python3.10/site-packages/gui/xarm/x3/parse.py to parse.cpython-310.pyc
[0.816s] byte-compiling /home/nir/Desktop/Dailybot_GUI/install/gui/lib/python3.10/site-packages/gui/xarm/x3/__init__.py to __init__.cpython-310.pyc
[0.816s] byte-compiling /home/nir/Desktop/Dailybot_GUI/install/gui/lib/python3.10/site-packages/gui/xarm/x3/utils.py to utils.cpython-310.pyc
[0.816s] byte-compiling /home/nir/Desktop/Dailybot_GUI/install/gui/lib/python3.10/site-packages/gui/xarm/x3/robotiq.py to robotiq.cpython-310.pyc
[0.818s] byte-compiling /home/nir/Desktop/Dailybot_GUI/install/gui/lib/python3.10/site-packages/gui/xarm/x3/gripper.py to gripper.cpython-310.pyc
[0.821s] byte-compiling /home/nir/Desktop/Dailybot_GUI/install/gui/lib/python3.10/site-packages/gui/xarm/x3/modbus_tcp.py to modbus_tcp.cpython-310.pyc
[0.821s] byte-compiling /home/nir/Desktop/Dailybot_GUI/install/gui/lib/python3.10/site-packages/gui/xarm/x3/grammar_async.py to grammar_async.cpython-310.pyc
[0.821s] byte-compiling /home/nir/Desktop/Dailybot_GUI/install/gui/lib/python3.10/site-packages/gui/xarm/x3/base.py to base.cpython-310.pyc
[0.834s] byte-compiling /home/nir/Desktop/Dailybot_GUI/install/gui/lib/python3.10/site-packages/gui/xarm/x3/servo.py to servo.cpython-310.pyc
[0.835s] byte-compiling /home/nir/Desktop/Dailybot_GUI/install/gui/lib/python3.10/site-packages/gui/xarm/x3/xarm.py to xarm.cpython-310.pyc
[0.844s] byte-compiling /home/nir/Desktop/Dailybot_GUI/install/gui/lib/python3.10/site-packages/gui/xarm/x3/gpio.py to gpio.cpython-310.pyc
[0.845s] byte-compiling /home/nir/Desktop/Dailybot_GUI/install/gui/lib/python3.10/site-packages/gui/xarm/x3/base_board.py to base_board.cpython-310.pyc
[0.846s] byte-compiling /home/nir/Desktop/Dailybot_GUI/install/gui/lib/python3.10/site-packages/gui/xarm/x3/studio.py to studio.cpython-310.pyc
[0.847s] byte-compiling /home/nir/Desktop/Dailybot_GUI/install/gui/lib/python3.10/site-packages/gui/xarm/x3/record.py to record.cpython-310.pyc
[0.848s] byte-compiling /home/nir/Desktop/Dailybot_GUI/install/gui/lib/python3.10/site-packages/gui/xarm/x3/events.py to events.cpython-310.pyc
[0.848s] byte-compiling /home/nir/Desktop/Dailybot_GUI/install/gui/lib/python3.10/site-packages/gui/xarm/wrapper/xarm_api.py to xarm_api.cpython-310.pyc
[0.853s] byte-compiling /home/nir/Desktop/Dailybot_GUI/install/gui/lib/python3.10/site-packages/gui/xarm/wrapper/__init__.py to __init__.cpython-310.pyc
[0.853s] byte-compiling /home/nir/Desktop/Dailybot_GUI/install/gui/lib/python3.10/site-packages/gui/xarm/wrapper/studio_api.py to studio_api.cpython-310.pyc
[0.854s] byte-compiling /home/nir/Desktop/Dailybot_GUI/install/gui/lib/python3.10/site-packages/gui/xarm/version.py to version.cpython-310.pyc
[0.854s] byte-compiling /home/nir/Desktop/Dailybot_GUI/install/gui/lib/python3.10/site-packages/gui/xarm/__init__.py to __init__.cpython-310.pyc
[0.854s] byte-compiling /home/nir/Desktop/Dailybot_GUI/install/gui/lib/python3.10/site-packages/gui/xarm/tools/blockly_tool.py to blockly_tool.cpython-310.pyc
[0.863s] byte-compiling /home/nir/Desktop/Dailybot_GUI/install/gui/lib/python3.10/site-packages/gui/xarm/tools/list_ports.py to list_ports.cpython-310.pyc
[0.863s] byte-compiling /home/nir/Desktop/Dailybot_GUI/install/gui/lib/python3.10/site-packages/gui/xarm/tools/threads.py to threads.cpython-310.pyc
[0.864s] byte-compiling /home/nir/Desktop/Dailybot_GUI/install/gui/lib/python3.10/site-packages/gui/xarm/tools/__init__.py to __init__.cpython-310.pyc
[0.864s] byte-compiling /home/nir/Desktop/Dailybot_GUI/install/gui/lib/python3.10/site-packages/gui/xarm/tools/utils.py to utils.cpython-310.pyc
[0.864s] byte-compiling /home/nir/Desktop/Dailybot_GUI/install/gui/lib/python3.10/site-packages/gui/xarm/tools/blockly/_blockly_node.py to _blockly_node.cpython-310.pyc
[0.864s] byte-compiling /home/nir/Desktop/Dailybot_GUI/install/gui/lib/python3.10/site-packages/gui/xarm/tools/blockly/_blockly_tool.py to _blockly_tool.cpython-310.pyc
[0.866s] byte-compiling /home/nir/Desktop/Dailybot_GUI/install/gui/lib/python3.10/site-packages/gui/xarm/tools/blockly/_blockly_highlight.py to _blockly_highlight.cpython-310.pyc
[0.866s] byte-compiling /home/nir/Desktop/Dailybot_GUI/install/gui/lib/python3.10/site-packages/gui/xarm/tools/blockly/_blockly_handler.py to _blockly_handler.cpython-310.pyc
[0.872s] byte-compiling /home/nir/Desktop/Dailybot_GUI/install/gui/lib/python3.10/site-packages/gui/xarm/tools/blockly/__init__.py to __init__.cpython-310.pyc
[0.872s] byte-compiling /home/nir/Desktop/Dailybot_GUI/install/gui/lib/python3.10/site-packages/gui/xarm/tools/blockly/_blockly_base.py to _blockly_base.cpython-310.pyc
[0.874s] byte-compiling /home/nir/Desktop/Dailybot_GUI/install/gui/lib/python3.10/site-packages/gui/xarm/__init__ copy.py to __init__ copy.cpython-310.pyc
[0.874s] byte-compiling /home/nir/Desktop/Dailybot_GUI/install/gui/lib/python3.10/site-packages/gui/xarm/core/wrapper/__init__.py to __init__.cpython-310.pyc
[0.874s] byte-compiling /home/nir/Desktop/Dailybot_GUI/install/gui/lib/python3.10/site-packages/gui/xarm/core/wrapper/uxbus_cmd_tcp.py to uxbus_cmd_tcp.cpython-310.pyc
[0.875s] byte-compiling /home/nir/Desktop/Dailybot_GUI/install/gui/lib/python3.10/site-packages/gui/xarm/core/wrapper/uxbus_cmd_ser.py to uxbus_cmd_ser.cpython-310.pyc
[0.875s] byte-compiling /home/nir/Desktop/Dailybot_GUI/install/gui/lib/python3.10/site-packages/gui/xarm/core/wrapper/uxbus_cmd.py to uxbus_cmd.cpython-310.pyc
[0.883s] byte-compiling /home/nir/Desktop/Dailybot_GUI/install/gui/lib/python3.10/site-packages/gui/xarm/core/utils/debug_print.py to debug_print.cpython-310.pyc
[0.883s] byte-compiling /home/nir/Desktop/Dailybot_GUI/install/gui/lib/python3.10/site-packages/gui/xarm/core/utils/convert.py to convert.cpython-310.pyc
[0.883s] byte-compiling /home/nir/Desktop/Dailybot_GUI/install/gui/lib/python3.10/site-packages/gui/xarm/core/utils/__init__.py to __init__.cpython-310.pyc
[0.883s] byte-compiling /home/nir/Desktop/Dailybot_GUI/install/gui/lib/python3.10/site-packages/gui/xarm/core/utils/crc16.py to crc16.cpython-310.pyc
[0.884s] byte-compiling /home/nir/Desktop/Dailybot_GUI/install/gui/lib/python3.10/site-packages/gui/xarm/core/utils/log.py to log.cpython-310.pyc
[0.884s] byte-compiling /home/nir/Desktop/Dailybot_GUI/install/gui/lib/python3.10/site-packages/gui/xarm/core/comm/uxbus_cmd_protocol.py to uxbus_cmd_protocol.cpython-310.pyc
[0.885s] byte-compiling /home/nir/Desktop/Dailybot_GUI/install/gui/lib/python3.10/site-packages/gui/xarm/core/comm/socket_port.py to socket_port.cpython-310.pyc
[0.885s] byte-compiling /home/nir/Desktop/Dailybot_GUI/install/gui/lib/python3.10/site-packages/gui/xarm/core/comm/serial_port.py to serial_port.cpython-310.pyc
[0.885s] byte-compiling /home/nir/Desktop/Dailybot_GUI/install/gui/lib/python3.10/site-packages/gui/xarm/core/comm/__init__.py to __init__.cpython-310.pyc
[0.886s] byte-compiling /home/nir/Desktop/Dailybot_GUI/install/gui/lib/python3.10/site-packages/gui/xarm/core/comm/base.py to base.cpython-310.pyc
[0.886s] byte-compiling /home/nir/Desktop/Dailybot_GUI/install/gui/lib/python3.10/site-packages/gui/xarm/core/version.py to version.cpython-310.pyc
[0.887s] byte-compiling /home/nir/Desktop/Dailybot_GUI/install/gui/lib/python3.10/site-packages/gui/xarm/core/__init__.py to __init__.cpython-310.pyc
[0.887s] byte-compiling /home/nir/Desktop/Dailybot_GUI/install/gui/lib/python3.10/site-packages/gui/xarm/core/config/x_config.py to x_config.cpython-310.pyc
[0.888s] byte-compiling /home/nir/Desktop/Dailybot_GUI/install/gui/lib/python3.10/site-packages/gui/xarm/core/config/__init__.py to __init__.cpython-310.pyc
[0.888s] byte-compiling /home/nir/Desktop/Dailybot_GUI/install/gui/lib/python3.10/site-packages/gui/xarm/core/config/x_code.py to x_code.cpython-310.pyc
[0.890s] byte-compiling /home/nir/Desktop/Dailybot_GUI/install/gui/lib/python3.10/site-packages/gui/gui.py to gui.cpython-310.pyc
[0.895s] running install_data
[0.896s] creating /home/nir/Desktop/Dailybot_GUI/install/gui/share/ament_index
[0.896s] creating /home/nir/Desktop/Dailybot_GUI/install/gui/share/ament_index/resource_index
[0.896s] creating /home/nir/Desktop/Dailybot_GUI/install/gui/share/ament_index/resource_index/packages
[0.896s] copying resource/gui -> /home/nir/Desktop/Dailybot_GUI/install/gui/share/ament_index/resource_index/packages
[0.896s] copying package.xml -> /home/nir/Desktop/Dailybot_GUI/install/gui/share/gui
[0.896s] creating /home/nir/Desktop/Dailybot_GUI/install/gui/share/gui/launch
[0.896s] running install_egg_info
[0.897s] Copying ../../build/gui/gui.egg-info to /home/nir/Desktop/Dailybot_GUI/install/gui/lib/python3.10/site-packages/gui-0.0.0-py3.10.egg-info
[0.898s] running install_scripts
[0.911s] Installing run_gui script to /home/nir/Desktop/Dailybot_GUI/install/gui/lib/gui
[0.912s] writing list of installed files to '/home/nir/Desktop/Dailybot_GUI/build/gui/install.log'
[0.932s] Invoked command in '/home/nir/Desktop/Dailybot_GUI/src/gui' returned '0': CONDA_PROMPT_MODIFIER=(base) PYTHONPATH=/home/nir/Desktop/Dailybot_GUI/build/gui/prefix_override:/home/nir/Desktop/Dailybot_GUI/install/gui/lib/python3.10/site-packages:${PYTHONPATH} /usr/bin/python3 setup.py egg_info --egg-base ../../build/gui build --build-base /home/nir/Desktop/Dailybot_GUI/build/gui/build install --record /home/nir/Desktop/Dailybot_GUI/build/gui/install.log --single-version-externally-managed
