[0.211s] DEBUG:colcon:Command line arguments: ['/usr/bin/colcon', 'build']
[0.211s] DEBUG:colcon:Parsed command line arguments: Namespace(log_base=None, log_level=None, verb_name='build', build_base='build', install_base='install', merge_install=False, symlink_install=False, test_result_base=None, continue_on_error=False, executor='parallel', parallel_workers=20, event_handlers=None, ignore_user_meta=False, metas=['./colcon.meta'], base_paths=['.'], packages_ignore=None, packages_ignore_regex=None, paths=None, packages_up_to=None, packages_up_to_regex=None, packages_above=None, packages_above_and_dependencies=None, packages_above_depth=None, packages_select_by_dep=None, packages_skip_by_dep=None, packages_skip_up_to=None, packages_select_build_failed=False, packages_skip_build_finished=False, packages_select_test_failures=False, packages_skip_test_passed=False, packages_select=None, packages_skip=None, packages_select_regex=None, packages_skip_regex=None, packages_start=None, packages_end=None, allow_overriding=[], cmake_args=None, cmake_target=None, cmake_target_skip_unavailable=False, cmake_clean_cache=False, cmake_clean_first=False, cmake_force_configure=False, ament_cmake_args=None, catkin_cmake_args=None, catkin_skip_building_tests=False, verb_parser=<colcon_defaults.argument_parser.defaults.DefaultArgumentsDecorator object at 0x7f4574af7850>, verb_extension=<colcon_core.verb.build.BuildVerb object at 0x7f4574af72e0>, main=<bound method BuildVerb.main of <colcon_core.verb.build.BuildVerb object at 0x7f4574af72e0>>)
[0.226s] Level 1:colcon.colcon_core.package_discovery:discover_packages(colcon_meta) check parameters
[0.226s] Level 1:colcon.colcon_core.package_discovery:discover_packages(recursive) check parameters
[0.226s] Level 1:colcon.colcon_core.package_discovery:discover_packages(ignore) check parameters
[0.226s] Level 1:colcon.colcon_core.package_discovery:discover_packages(path) check parameters
[0.226s] Level 1:colcon.colcon_core.package_discovery:discover_packages(colcon_meta) discover
[0.226s] Level 1:colcon.colcon_core.package_discovery:discover_packages(recursive) discover
[0.226s] INFO:colcon.colcon_core.package_discovery:Crawling recursively for packages in '/home/nir/Desktop/Dailybot_GUI'
[0.226s] Level 1:colcon.colcon_core.package_identification:_identify(.) by extensions ['ignore', 'ignore_ament_install']
[0.227s] Level 1:colcon.colcon_core.package_identification:_identify(.) by extension 'ignore'
[0.227s] Level 1:colcon.colcon_core.package_identification:_identify(.) by extension 'ignore_ament_install'
[0.227s] Level 1:colcon.colcon_core.package_identification:_identify(.) by extensions ['colcon_pkg']
[0.227s] Level 1:colcon.colcon_core.package_identification:_identify(.) by extension 'colcon_pkg'
[0.227s] Level 1:colcon.colcon_core.package_identification:_identify(.) by extensions ['colcon_meta']
[0.227s] Level 1:colcon.colcon_core.package_identification:_identify(.) by extension 'colcon_meta'
[0.227s] Level 1:colcon.colcon_core.package_identification:_identify(.) by extensions ['ros']
[0.227s] Level 1:colcon.colcon_core.package_identification:_identify(.) by extension 'ros'
[0.235s] Level 1:colcon.colcon_core.package_identification:_identify(.) by extensions ['cmake', 'python']
[0.235s] Level 1:colcon.colcon_core.package_identification:_identify(.) by extension 'cmake'
[0.235s] Level 1:colcon.colcon_core.package_identification:_identify(.) by extension 'python'
[0.235s] Level 1:colcon.colcon_core.package_identification:_identify(.) by extensions ['python_setup_py']
[0.235s] Level 1:colcon.colcon_core.package_identification:_identify(.) by extension 'python_setup_py'
[0.235s] Level 1:colcon.colcon_core.package_identification:_identify(build) by extensions ['ignore', 'ignore_ament_install']
[0.235s] Level 1:colcon.colcon_core.package_identification:_identify(build) by extension 'ignore'
[0.235s] Level 1:colcon.colcon_core.package_identification:_identify(build) ignored
[0.235s] Level 1:colcon.colcon_core.package_identification:_identify(install) by extensions ['ignore', 'ignore_ament_install']
[0.235s] Level 1:colcon.colcon_core.package_identification:_identify(install) by extension 'ignore'
[0.235s] Level 1:colcon.colcon_core.package_identification:_identify(install) ignored
[0.235s] Level 1:colcon.colcon_core.package_identification:_identify(log) by extensions ['ignore', 'ignore_ament_install']
[0.235s] Level 1:colcon.colcon_core.package_identification:_identify(log) by extension 'ignore'
[0.235s] Level 1:colcon.colcon_core.package_identification:_identify(log) ignored
[0.235s] Level 1:colcon.colcon_core.package_identification:_identify(src) by extensions ['ignore', 'ignore_ament_install']
[0.235s] Level 1:colcon.colcon_core.package_identification:_identify(src) by extension 'ignore'
[0.235s] Level 1:colcon.colcon_core.package_identification:_identify(src) by extension 'ignore_ament_install'
[0.235s] Level 1:colcon.colcon_core.package_identification:_identify(src) by extensions ['colcon_pkg']
[0.235s] Level 1:colcon.colcon_core.package_identification:_identify(src) by extension 'colcon_pkg'
[0.235s] Level 1:colcon.colcon_core.package_identification:_identify(src) by extensions ['colcon_meta']
[0.235s] Level 1:colcon.colcon_core.package_identification:_identify(src) by extension 'colcon_meta'
[0.235s] Level 1:colcon.colcon_core.package_identification:_identify(src) by extensions ['ros']
[0.235s] Level 1:colcon.colcon_core.package_identification:_identify(src) by extension 'ros'
[0.235s] Level 1:colcon.colcon_core.package_identification:_identify(src) by extensions ['cmake', 'python']
[0.235s] Level 1:colcon.colcon_core.package_identification:_identify(src) by extension 'cmake'
[0.235s] Level 1:colcon.colcon_core.package_identification:_identify(src) by extension 'python'
[0.235s] Level 1:colcon.colcon_core.package_identification:_identify(src) by extensions ['python_setup_py']
[0.235s] Level 1:colcon.colcon_core.package_identification:_identify(src) by extension 'python_setup_py'
[0.235s] Level 1:colcon.colcon_core.package_identification:_identify(src/fake_data) by extensions ['ignore', 'ignore_ament_install']
[0.236s] Level 1:colcon.colcon_core.package_identification:_identify(src/fake_data) by extension 'ignore'
[0.236s] Level 1:colcon.colcon_core.package_identification:_identify(src/fake_data) by extension 'ignore_ament_install'
[0.236s] Level 1:colcon.colcon_core.package_identification:_identify(src/fake_data) by extensions ['colcon_pkg']
[0.236s] Level 1:colcon.colcon_core.package_identification:_identify(src/fake_data) by extension 'colcon_pkg'
[0.236s] Level 1:colcon.colcon_core.package_identification:_identify(src/fake_data) by extensions ['colcon_meta']
[0.236s] Level 1:colcon.colcon_core.package_identification:_identify(src/fake_data) by extension 'colcon_meta'
[0.236s] Level 1:colcon.colcon_core.package_identification:_identify(src/fake_data) by extensions ['ros']
[0.236s] Level 1:colcon.colcon_core.package_identification:_identify(src/fake_data) by extension 'ros'
[0.237s] DEBUG:colcon.colcon_core.package_identification:Package 'src/fake_data' with type 'ros.ament_python' and name 'fake_data'
[0.237s] Level 1:colcon.colcon_core.package_identification:_identify(src/gui) by extensions ['ignore', 'ignore_ament_install']
[0.237s] Level 1:colcon.colcon_core.package_identification:_identify(src/gui) by extension 'ignore'
[0.237s] Level 1:colcon.colcon_core.package_identification:_identify(src/gui) by extension 'ignore_ament_install'
[0.238s] Level 1:colcon.colcon_core.package_identification:_identify(src/gui) by extensions ['colcon_pkg']
[0.238s] Level 1:colcon.colcon_core.package_identification:_identify(src/gui) by extension 'colcon_pkg'
[0.238s] Level 1:colcon.colcon_core.package_identification:_identify(src/gui) by extensions ['colcon_meta']
[0.238s] Level 1:colcon.colcon_core.package_identification:_identify(src/gui) by extension 'colcon_meta'
[0.238s] Level 1:colcon.colcon_core.package_identification:_identify(src/gui) by extensions ['ros']
[0.238s] Level 1:colcon.colcon_core.package_identification:_identify(src/gui) by extension 'ros'
[0.238s] DEBUG:colcon.colcon_core.package_identification:Package 'src/gui' with type 'ros.ament_python' and name 'gui'
[0.238s] Level 1:colcon.colcon_core.package_discovery:discover_packages(recursive) using defaults
[0.238s] Level 1:colcon.colcon_core.package_discovery:discover_packages(ignore) discover
[0.238s] Level 1:colcon.colcon_core.package_discovery:discover_packages(ignore) using defaults
[0.238s] Level 1:colcon.colcon_core.package_discovery:discover_packages(path) discover
[0.238s] Level 1:colcon.colcon_core.package_discovery:discover_packages(path) using defaults
[0.253s] Level 1:colcon.colcon_core.package_discovery:discover_packages(prefix_path) check parameters
[0.253s] Level 1:colcon.colcon_core.package_discovery:discover_packages(prefix_path) discover
[0.254s] WARNING:colcon.colcon_ros.prefix_path.ament:The path '/home/nir/Desktop/Dailybot_GUI/install/gui' in the environment variable AMENT_PREFIX_PATH doesn't exist
[0.254s] WARNING:colcon.colcon_ros.prefix_path.ament:The path '/home/nir/Desktop/Dailybot_GUI/install/fake_data' in the environment variable AMENT_PREFIX_PATH doesn't exist
[0.255s] DEBUG:colcon.colcon_installed_package_information.package_discovery:Found 0 installed packages in /home/nir/Desktop/Dailybot_GUI/install
[0.256s] DEBUG:colcon.colcon_installed_package_information.package_discovery:Found 423 installed packages in /opt/ros/humble
[0.258s] Level 1:colcon.colcon_core.package_discovery:discover_packages(prefix_path) using defaults
[0.303s] Level 5:colcon.colcon_core.verb:set package 'fake_data' build argument 'cmake_args' from command line to 'None'
[0.303s] Level 5:colcon.colcon_core.verb:set package 'fake_data' build argument 'cmake_target' from command line to 'None'
[0.303s] Level 5:colcon.colcon_core.verb:set package 'fake_data' build argument 'cmake_target_skip_unavailable' from command line to 'False'
[0.303s] Level 5:colcon.colcon_core.verb:set package 'fake_data' build argument 'cmake_clean_cache' from command line to 'False'
[0.303s] Level 5:colcon.colcon_core.verb:set package 'fake_data' build argument 'cmake_clean_first' from command line to 'False'
[0.303s] Level 5:colcon.colcon_core.verb:set package 'fake_data' build argument 'cmake_force_configure' from command line to 'False'
[0.303s] Level 5:colcon.colcon_core.verb:set package 'fake_data' build argument 'ament_cmake_args' from command line to 'None'
[0.303s] Level 5:colcon.colcon_core.verb:set package 'fake_data' build argument 'catkin_cmake_args' from command line to 'None'
[0.303s] Level 5:colcon.colcon_core.verb:set package 'fake_data' build argument 'catkin_skip_building_tests' from command line to 'False'
[0.303s] DEBUG:colcon.colcon_core.verb:Building package 'fake_data' with the following arguments: {'ament_cmake_args': None, 'build_base': '/home/nir/Desktop/Dailybot_GUI/build/fake_data', 'catkin_cmake_args': None, 'catkin_skip_building_tests': False, 'cmake_args': None, 'cmake_clean_cache': False, 'cmake_clean_first': False, 'cmake_force_configure': False, 'cmake_target': None, 'cmake_target_skip_unavailable': False, 'install_base': '/home/nir/Desktop/Dailybot_GUI/install/fake_data', 'merge_install': False, 'path': '/home/nir/Desktop/Dailybot_GUI/src/fake_data', 'symlink_install': False, 'test_result_base': None}
[0.303s] Level 5:colcon.colcon_core.verb:set package 'gui' build argument 'cmake_args' from command line to 'None'
[0.303s] Level 5:colcon.colcon_core.verb:set package 'gui' build argument 'cmake_target' from command line to 'None'
[0.304s] Level 5:colcon.colcon_core.verb:set package 'gui' build argument 'cmake_target_skip_unavailable' from command line to 'False'
[0.304s] Level 5:colcon.colcon_core.verb:set package 'gui' build argument 'cmake_clean_cache' from command line to 'False'
[0.304s] Level 5:colcon.colcon_core.verb:set package 'gui' build argument 'cmake_clean_first' from command line to 'False'
[0.304s] Level 5:colcon.colcon_core.verb:set package 'gui' build argument 'cmake_force_configure' from command line to 'False'
[0.304s] Level 5:colcon.colcon_core.verb:set package 'gui' build argument 'ament_cmake_args' from command line to 'None'
[0.304s] Level 5:colcon.colcon_core.verb:set package 'gui' build argument 'catkin_cmake_args' from command line to 'None'
[0.304s] Level 5:colcon.colcon_core.verb:set package 'gui' build argument 'catkin_skip_building_tests' from command line to 'False'
[0.304s] DEBUG:colcon.colcon_core.verb:Building package 'gui' with the following arguments: {'ament_cmake_args': None, 'build_base': '/home/nir/Desktop/Dailybot_GUI/build/gui', 'catkin_cmake_args': None, 'catkin_skip_building_tests': False, 'cmake_args': None, 'cmake_clean_cache': False, 'cmake_clean_first': False, 'cmake_force_configure': False, 'cmake_target': None, 'cmake_target_skip_unavailable': False, 'install_base': '/home/nir/Desktop/Dailybot_GUI/install/gui', 'merge_install': False, 'path': '/home/nir/Desktop/Dailybot_GUI/src/gui', 'symlink_install': False, 'test_result_base': None}
[0.304s] INFO:colcon.colcon_core.executor:Executing jobs using 'parallel' executor
[0.306s] DEBUG:colcon.colcon_parallel_executor.executor.parallel:run_until_complete
[0.306s] INFO:colcon.colcon_ros.task.ament_python.build:Building ROS package in '/home/nir/Desktop/Dailybot_GUI/src/fake_data' with build type 'ament_python'
[0.306s] Level 1:colcon.colcon_core.shell:create_environment_hook('fake_data', 'ament_prefix_path')
[0.309s] INFO:colcon.colcon_core.plugin_system:Skipping extension 'colcon_core.shell.bat': Not used on non-Windows systems
[0.309s] INFO:colcon.colcon_core.shell:Creating environment hook '/home/nir/Desktop/Dailybot_GUI/install/fake_data/share/fake_data/hook/ament_prefix_path.ps1'
[0.310s] INFO:colcon.colcon_core.shell:Creating environment descriptor '/home/nir/Desktop/Dailybot_GUI/install/fake_data/share/fake_data/hook/ament_prefix_path.dsv'
[0.310s] INFO:colcon.colcon_core.shell:Creating environment hook '/home/nir/Desktop/Dailybot_GUI/install/fake_data/share/fake_data/hook/ament_prefix_path.sh'
[0.311s] INFO:colcon.colcon_core.shell:Skip shell extension 'powershell' for command environment: Not usable outside of PowerShell
[0.311s] DEBUG:colcon.colcon_core.shell:Skip shell extension 'dsv' for command environment
[0.314s] INFO:colcon.colcon_ros.task.ament_python.build:Building ROS package in '/home/nir/Desktop/Dailybot_GUI/src/gui' with build type 'ament_python'
[0.314s] Level 1:colcon.colcon_core.shell:create_environment_hook('gui', 'ament_prefix_path')
[0.315s] INFO:colcon.colcon_core.shell:Creating environment hook '/home/nir/Desktop/Dailybot_GUI/install/gui/share/gui/hook/ament_prefix_path.ps1'
[0.315s] INFO:colcon.colcon_core.shell:Creating environment descriptor '/home/nir/Desktop/Dailybot_GUI/install/gui/share/gui/hook/ament_prefix_path.dsv'
[0.315s] INFO:colcon.colcon_core.shell:Creating environment hook '/home/nir/Desktop/Dailybot_GUI/install/gui/share/gui/hook/ament_prefix_path.sh'
[0.316s] INFO:colcon.colcon_core.shell:Skip shell extension 'powershell' for command environment: Not usable outside of PowerShell
[0.316s] DEBUG:colcon.colcon_core.shell:Skip shell extension 'dsv' for command environment
[0.490s] INFO:colcon.colcon_core.task.python.build:Building Python package in '/home/nir/Desktop/Dailybot_GUI/src/fake_data'
[0.491s] INFO:colcon.colcon_core.shell:Skip shell extension 'powershell' for command environment: Not usable outside of PowerShell
[0.491s] DEBUG:colcon.colcon_core.shell:Skip shell extension 'dsv' for command environment
[0.667s] INFO:colcon.colcon_core.task.python.build:Building Python package in '/home/nir/Desktop/Dailybot_GUI/src/gui'
[0.668s] INFO:colcon.colcon_core.shell:Skip shell extension 'powershell' for command environment: Not usable outside of PowerShell
[0.668s] DEBUG:colcon.colcon_core.shell:Skip shell extension 'dsv' for command environment
[0.949s] DEBUG:colcon.colcon_core.event_handler.log_command:Invoking command in '/home/nir/Desktop/Dailybot_GUI/src/fake_data': CONDA_PROMPT_MODIFIER=(base) PYTHONPATH=/home/nir/Desktop/Dailybot_GUI/build/fake_data/prefix_override:/home/nir/Desktop/Dailybot_GUI/install/fake_data/lib/python3.10/site-packages:${PYTHONPATH} /usr/bin/python3 setup.py egg_info --egg-base ../../build/fake_data build --build-base /home/nir/Desktop/Dailybot_GUI/build/fake_data/build install --record /home/nir/Desktop/Dailybot_GUI/build/fake_data/install.log --single-version-externally-managed
[0.950s] DEBUG:colcon.colcon_core.event_handler.log_command:Invoking command in '/home/nir/Desktop/Dailybot_GUI/src/gui': CONDA_PROMPT_MODIFIER=(base) PYTHONPATH=/home/nir/Desktop/Dailybot_GUI/build/gui/prefix_override:/home/nir/Desktop/Dailybot_GUI/install/gui/lib/python3.10/site-packages:${PYTHONPATH} /usr/bin/python3 setup.py egg_info --egg-base ../../build/gui build --build-base /home/nir/Desktop/Dailybot_GUI/build/gui/build install --record /home/nir/Desktop/Dailybot_GUI/build/gui/install.log --single-version-externally-managed
[1.146s] DEBUG:colcon.colcon_core.event_handler.log_command:Invoked command in '/home/nir/Desktop/Dailybot_GUI/src/fake_data' returned '0': CONDA_PROMPT_MODIFIER=(base) PYTHONPATH=/home/nir/Desktop/Dailybot_GUI/build/fake_data/prefix_override:/home/nir/Desktop/Dailybot_GUI/install/fake_data/lib/python3.10/site-packages:${PYTHONPATH} /usr/bin/python3 setup.py egg_info --egg-base ../../build/fake_data build --build-base /home/nir/Desktop/Dailybot_GUI/build/fake_data/build install --record /home/nir/Desktop/Dailybot_GUI/build/fake_data/install.log --single-version-externally-managed
[1.151s] Level 1:colcon.colcon_core.environment:checking '/home/nir/Desktop/Dailybot_GUI/install/fake_data' for CMake module files
[1.151s] Level 1:colcon.colcon_core.environment:checking '/home/nir/Desktop/Dailybot_GUI/install/fake_data' for CMake config files
[1.152s] Level 1:colcon.colcon_core.environment:checking '/home/nir/Desktop/Dailybot_GUI/install/fake_data/lib'
[1.152s] Level 1:colcon.colcon_core.environment:checking '/home/nir/Desktop/Dailybot_GUI/install/fake_data/bin'
[1.152s] Level 1:colcon.colcon_core.environment:checking '/home/nir/Desktop/Dailybot_GUI/install/fake_data/lib/pkgconfig/fake_data.pc'
[1.152s] Level 1:colcon.colcon_core.environment:checking '/home/nir/Desktop/Dailybot_GUI/install/fake_data/lib/python3.10/site-packages'
[1.152s] Level 1:colcon.colcon_core.shell:create_environment_hook('fake_data', 'pythonpath')
[1.153s] INFO:colcon.colcon_core.shell:Creating environment hook '/home/nir/Desktop/Dailybot_GUI/install/fake_data/share/fake_data/hook/pythonpath.ps1'
[1.153s] INFO:colcon.colcon_core.shell:Creating environment descriptor '/home/nir/Desktop/Dailybot_GUI/install/fake_data/share/fake_data/hook/pythonpath.dsv'
[1.154s] INFO:colcon.colcon_core.shell:Creating environment hook '/home/nir/Desktop/Dailybot_GUI/install/fake_data/share/fake_data/hook/pythonpath.sh'
[1.154s] Level 1:colcon.colcon_core.environment:checking '/home/nir/Desktop/Dailybot_GUI/install/fake_data/bin'
[1.154s] Level 1:colcon.colcon_core.environment:create_environment_scripts_only(fake_data)
[1.155s] INFO:colcon.colcon_core.shell:Creating package script '/home/nir/Desktop/Dailybot_GUI/install/fake_data/share/fake_data/package.ps1'
[1.155s] INFO:colcon.colcon_core.shell:Creating package descriptor '/home/nir/Desktop/Dailybot_GUI/install/fake_data/share/fake_data/package.dsv'
[1.156s] INFO:colcon.colcon_core.shell:Creating package script '/home/nir/Desktop/Dailybot_GUI/install/fake_data/share/fake_data/package.sh'
[1.156s] INFO:colcon.colcon_core.shell:Creating package script '/home/nir/Desktop/Dailybot_GUI/install/fake_data/share/fake_data/package.bash'
[1.156s] INFO:colcon.colcon_core.shell:Creating package script '/home/nir/Desktop/Dailybot_GUI/install/fake_data/share/fake_data/package.zsh'
[1.157s] Level 1:colcon.colcon_core.environment:create_file_with_runtime_dependencies(/home/nir/Desktop/Dailybot_GUI/install/fake_data/share/colcon-core/packages/fake_data)
[1.245s] Level 1:colcon.colcon_core.environment:checking '/home/nir/Desktop/Dailybot_GUI/install/gui' for CMake module files
[1.246s] DEBUG:colcon.colcon_core.event_handler.log_command:Invoked command in '/home/nir/Desktop/Dailybot_GUI/src/gui' returned '0': CONDA_PROMPT_MODIFIER=(base) PYTHONPATH=/home/nir/Desktop/Dailybot_GUI/build/gui/prefix_override:/home/nir/Desktop/Dailybot_GUI/install/gui/lib/python3.10/site-packages:${PYTHONPATH} /usr/bin/python3 setup.py egg_info --egg-base ../../build/gui build --build-base /home/nir/Desktop/Dailybot_GUI/build/gui/build install --record /home/nir/Desktop/Dailybot_GUI/build/gui/install.log --single-version-externally-managed
[1.246s] Level 1:colcon.colcon_core.environment:checking '/home/nir/Desktop/Dailybot_GUI/install/gui' for CMake config files
[1.247s] Level 1:colcon.colcon_core.environment:checking '/home/nir/Desktop/Dailybot_GUI/install/gui/lib'
[1.247s] Level 1:colcon.colcon_core.environment:checking '/home/nir/Desktop/Dailybot_GUI/install/gui/bin'
[1.247s] Level 1:colcon.colcon_core.environment:checking '/home/nir/Desktop/Dailybot_GUI/install/gui/lib/pkgconfig/gui.pc'
[1.247s] Level 1:colcon.colcon_core.environment:checking '/home/nir/Desktop/Dailybot_GUI/install/gui/lib/python3.10/site-packages'
[1.247s] Level 1:colcon.colcon_core.shell:create_environment_hook('gui', 'pythonpath')
[1.248s] INFO:colcon.colcon_core.shell:Creating environment hook '/home/nir/Desktop/Dailybot_GUI/install/gui/share/gui/hook/pythonpath.ps1'
[1.248s] INFO:colcon.colcon_core.shell:Creating environment descriptor '/home/nir/Desktop/Dailybot_GUI/install/gui/share/gui/hook/pythonpath.dsv'
[1.248s] INFO:colcon.colcon_core.shell:Creating environment hook '/home/nir/Desktop/Dailybot_GUI/install/gui/share/gui/hook/pythonpath.sh'
[1.249s] Level 1:colcon.colcon_core.environment:checking '/home/nir/Desktop/Dailybot_GUI/install/gui/bin'
[1.249s] Level 1:colcon.colcon_core.environment:create_environment_scripts_only(gui)
[1.249s] INFO:colcon.colcon_core.shell:Creating package script '/home/nir/Desktop/Dailybot_GUI/install/gui/share/gui/package.ps1'
[1.250s] INFO:colcon.colcon_core.shell:Creating package descriptor '/home/nir/Desktop/Dailybot_GUI/install/gui/share/gui/package.dsv'
[1.250s] INFO:colcon.colcon_core.shell:Creating package script '/home/nir/Desktop/Dailybot_GUI/install/gui/share/gui/package.sh'
[1.250s] INFO:colcon.colcon_core.shell:Creating package script '/home/nir/Desktop/Dailybot_GUI/install/gui/share/gui/package.bash'
[1.250s] INFO:colcon.colcon_core.shell:Creating package script '/home/nir/Desktop/Dailybot_GUI/install/gui/share/gui/package.zsh'
[1.250s] Level 1:colcon.colcon_core.environment:create_file_with_runtime_dependencies(/home/nir/Desktop/Dailybot_GUI/install/gui/share/colcon-core/packages/gui)
[1.251s] DEBUG:colcon.colcon_parallel_executor.executor.parallel:closing loop
[1.251s] DEBUG:colcon.colcon_parallel_executor.executor.parallel:loop closed
[1.251s] DEBUG:colcon.colcon_parallel_executor.executor.parallel:run_until_complete finished with '0'
[1.251s] DEBUG:colcon.colcon_core.event_reactor:joining thread
[1.256s] INFO:colcon.colcon_core.plugin_system:Skipping extension 'colcon_notification.desktop_notification.terminal_notifier': Not used on non-Darwin systems
[1.256s] INFO:colcon.colcon_core.plugin_system:Skipping extension 'colcon_notification.desktop_notification.win32': Not used on non-Windows systems
[1.256s] INFO:colcon.colcon_notification.desktop_notification:Sending desktop notification using 'notify2'
[1.264s] DEBUG:colcon.colcon_core.event_reactor:joined thread
[1.265s] INFO:colcon.colcon_core.shell:Creating prefix script '/home/nir/Desktop/Dailybot_GUI/install/local_setup.ps1'
[1.266s] INFO:colcon.colcon_core.shell:Creating prefix util module '/home/nir/Desktop/Dailybot_GUI/install/_local_setup_util_ps1.py'
[1.267s] INFO:colcon.colcon_core.shell:Creating prefix chain script '/home/nir/Desktop/Dailybot_GUI/install/setup.ps1'
[1.268s] INFO:colcon.colcon_core.shell:Creating prefix script '/home/nir/Desktop/Dailybot_GUI/install/local_setup.sh'
[1.268s] INFO:colcon.colcon_core.shell:Creating prefix util module '/home/nir/Desktop/Dailybot_GUI/install/_local_setup_util_sh.py'
[1.268s] INFO:colcon.colcon_core.shell:Creating prefix chain script '/home/nir/Desktop/Dailybot_GUI/install/setup.sh'
[1.269s] INFO:colcon.colcon_core.shell:Creating prefix script '/home/nir/Desktop/Dailybot_GUI/install/local_setup.bash'
[1.269s] INFO:colcon.colcon_core.shell:Creating prefix chain script '/home/nir/Desktop/Dailybot_GUI/install/setup.bash'
[1.270s] INFO:colcon.colcon_core.shell:Creating prefix script '/home/nir/Desktop/Dailybot_GUI/install/local_setup.zsh'
[1.270s] INFO:colcon.colcon_core.shell:Creating prefix chain script '/home/nir/Desktop/Dailybot_GUI/install/setup.zsh'
