[0.685s] Invoking command in '/home/nir/Desktop/Dailybot_GUI/src/gui': CONDA_PROMPT_MODIFIER=(base) PYTHONPATH=/home/nir/Desktop/Dailybot_GUI/build/gui/prefix_override:/home/nir/Desktop/Dailybot_GUI/install/gui/lib/python3.10/site-packages:${PYTHONPATH} /usr/bin/python3 setup.py egg_info --egg-base ../../build/gui build --build-base /home/nir/Desktop/Dailybot_GUI/build/gui/build install --record /home/nir/Desktop/Dailybot_GUI/build/gui/install.log --single-version-externally-managed
[0.849s] running egg_info
[0.849s] writing ../../build/gui/gui.egg-info/PKG-INFO
[0.849s] writing dependency_links to ../../build/gui/gui.egg-info/dependency_links.txt
[0.849s] writing entry points to ../../build/gui/gui.egg-info/entry_points.txt
[0.849s] writing requirements to ../../build/gui/gui.egg-info/requires.txt
[0.849s] writing top-level names to ../../build/gui/gui.egg-info/top_level.txt
[0.850s] reading manifest file '../../build/gui/gui.egg-info/SOURCES.txt'
[0.852s] writing manifest file '../../build/gui/gui.egg-info/SOURCES.txt'
[0.852s] running build
[0.852s] running build_py
[0.852s] copying gui/gui.py -> /home/nir/Desktop/Dailybot_GUI/build/gui/build/lib/gui
[0.855s] running install
[0.855s] running install_lib
[0.857s] copying /home/nir/Desktop/Dailybot_GUI/build/gui/build/lib/gui/gui.py -> /home/nir/Desktop/Dailybot_GUI/install/gui/lib/python3.10/site-packages/gui
[0.858s] byte-compiling /home/nir/Desktop/Dailybot_GUI/install/gui/lib/python3.10/site-packages/gui/gui.py to gui.cpython-310.pyc
[0.865s] running install_data
[0.865s] running install_egg_info
[0.866s] removing '/home/nir/Desktop/Dailybot_GUI/install/gui/lib/python3.10/site-packages/gui-0.0.0-py3.10.egg-info' (and everything under it)
[0.866s] Copying ../../build/gui/gui.egg-info to /home/nir/Desktop/Dailybot_GUI/install/gui/lib/python3.10/site-packages/gui-0.0.0-py3.10.egg-info
[0.867s] running install_scripts
[0.880s] Installing run_gui script to /home/nir/Desktop/Dailybot_GUI/install/gui/lib/gui
[0.881s] writing list of installed files to '/home/nir/Desktop/Dailybot_GUI/build/gui/install.log'
[0.900s] Invoked command in '/home/nir/Desktop/Dailybot_GUI/src/gui' returned '0': CONDA_PROMPT_MODIFIER=(base) PYTHONPATH=/home/nir/Desktop/Dailybot_GUI/build/gui/prefix_override:/home/nir/Desktop/Dailybot_GUI/install/gui/lib/python3.10/site-packages:${PYTHONPATH} /usr/bin/python3 setup.py egg_info --egg-base ../../build/gui build --build-base /home/nir/Desktop/Dailybot_GUI/build/gui/build install --record /home/nir/Desktop/Dailybot_GUI/build/gui/install.log --single-version-externally-managed
