[1.140s] Invoking command in '/home/nir/Desktop/Dailybot_GUI/src/gui': CONDA_PROMPT_MODIFIER=(base) PYTHONPATH=/home/nir/Desktop/Dailybot_GUI/build/gui/prefix_override:/home/nir/Desktop/Dailybot_GUI/install/gui/lib/python3.10/site-packages:${PYTHONPATH} /usr/bin/python3 setup.py egg_info --egg-base ../../build/gui build --build-base /home/nir/Desktop/Dailybot_GUI/build/gui/build install --record /home/nir/Desktop/Dailybot_GUI/build/gui/install.log --single-version-externally-managed
[1.328s] running egg_info
[1.329s] writing ../../build/gui/gui.egg-info/PKG-INFO
[1.329s] writing dependency_links to ../../build/gui/gui.egg-info/dependency_links.txt
[1.329s] writing entry points to ../../build/gui/gui.egg-info/entry_points.txt
[1.329s] writing requirements to ../../build/gui/gui.egg-info/requires.txt
[1.329s] writing top-level names to ../../build/gui/gui.egg-info/top_level.txt
[1.332s] reading manifest file '../../build/gui/gui.egg-info/SOURCES.txt'
[1.334s] writing manifest file '../../build/gui/gui.egg-info/SOURCES.txt'
[1.334s] running build
[1.334s] running build_py
[1.335s] copying gui/dashboards.py -> /home/nir/Desktop/Dailybot_GUI/build/gui/build/lib/gui
[1.335s] copying gui/model_testing.py -> /home/nir/Desktop/Dailybot_GUI/build/gui/build/lib/gui
[1.335s] copying gui/logg.py -> /home/nir/Desktop/Dailybot_GUI/build/gui/build/lib/gui
[1.335s] copying gui/Gripper.py -> /home/nir/Desktop/Dailybot_GUI/build/gui/build/lib/gui
[1.335s] copying gui/cameras.py -> /home/nir/Desktop/Dailybot_GUI/build/gui/build/lib/gui
[1.335s] copying gui/cutter.py -> /home/nir/Desktop/Dailybot_GUI/build/gui/build/lib/gui
[1.335s] copying gui/gui.py -> /home/nir/Desktop/Dailybot_GUI/build/gui/build/lib/gui
[1.336s] copying gui/settings.py -> /home/nir/Desktop/Dailybot_GUI/build/gui/build/lib/gui
[1.340s] running install
[1.340s] running install_lib
[1.341s] copying /home/nir/Desktop/Dailybot_GUI/build/gui/build/lib/gui/dashboards.py -> /home/nir/Desktop/Dailybot_GUI/install/gui/lib/python3.10/site-packages/gui
[1.341s] copying /home/nir/Desktop/Dailybot_GUI/build/gui/build/lib/gui/model_testing.py -> /home/nir/Desktop/Dailybot_GUI/install/gui/lib/python3.10/site-packages/gui
[1.341s] copying /home/nir/Desktop/Dailybot_GUI/build/gui/build/lib/gui/logg.py -> /home/nir/Desktop/Dailybot_GUI/install/gui/lib/python3.10/site-packages/gui
[1.341s] copying /home/nir/Desktop/Dailybot_GUI/build/gui/build/lib/gui/Gripper.py -> /home/nir/Desktop/Dailybot_GUI/install/gui/lib/python3.10/site-packages/gui
[1.341s] copying /home/nir/Desktop/Dailybot_GUI/build/gui/build/lib/gui/cameras.py -> /home/nir/Desktop/Dailybot_GUI/install/gui/lib/python3.10/site-packages/gui
[1.341s] copying /home/nir/Desktop/Dailybot_GUI/build/gui/build/lib/gui/cutter.py -> /home/nir/Desktop/Dailybot_GUI/install/gui/lib/python3.10/site-packages/gui
[1.343s] copying /home/nir/Desktop/Dailybot_GUI/build/gui/build/lib/gui/gui.py -> /home/nir/Desktop/Dailybot_GUI/install/gui/lib/python3.10/site-packages/gui
[1.343s] copying /home/nir/Desktop/Dailybot_GUI/build/gui/build/lib/gui/settings.py -> /home/nir/Desktop/Dailybot_GUI/install/gui/lib/python3.10/site-packages/gui
[1.343s] byte-compiling /home/nir/Desktop/Dailybot_GUI/install/gui/lib/python3.10/site-packages/gui/dashboards.py to dashboards.cpython-310.pyc
[1.345s] byte-compiling /home/nir/Desktop/Dailybot_GUI/install/gui/lib/python3.10/site-packages/gui/model_testing.py to model_testing.cpython-310.pyc
[1.345s] byte-compiling /home/nir/Desktop/Dailybot_GUI/install/gui/lib/python3.10/site-packages/gui/logg.py to logg.cpython-310.pyc
[1.346s] byte-compiling /home/nir/Desktop/Dailybot_GUI/install/gui/lib/python3.10/site-packages/gui/Gripper.py to Gripper.cpython-310.pyc
[1.348s] byte-compiling /home/nir/Desktop/Dailybot_GUI/install/gui/lib/python3.10/site-packages/gui/cameras.py to cameras.cpython-310.pyc
[1.349s] byte-compiling /home/nir/Desktop/Dailybot_GUI/install/gui/lib/python3.10/site-packages/gui/cutter.py to cutter.cpython-310.pyc
[1.351s] byte-compiling /home/nir/Desktop/Dailybot_GUI/install/gui/lib/python3.10/site-packages/gui/gui.py to gui.cpython-310.pyc
[1.354s] byte-compiling /home/nir/Desktop/Dailybot_GUI/install/gui/lib/python3.10/site-packages/gui/settings.py to settings.cpython-310.pyc
[1.354s] running install_data
[1.354s] running install_egg_info
[1.356s] removing '/home/nir/Desktop/Dailybot_GUI/install/gui/lib/python3.10/site-packages/gui-0.0.0-py3.10.egg-info' (and everything under it)
[1.356s] Copying ../../build/gui/gui.egg-info to /home/nir/Desktop/Dailybot_GUI/install/gui/lib/python3.10/site-packages/gui-0.0.0-py3.10.egg-info
[1.356s] running install_scripts
[1.373s] Installing run_gui script to /home/nir/Desktop/Dailybot_GUI/install/gui/lib/gui
[1.374s] writing list of installed files to '/home/nir/Desktop/Dailybot_GUI/build/gui/install.log'
[1.398s] Invoked command in '/home/nir/Desktop/Dailybot_GUI/src/gui' returned '0': CONDA_PROMPT_MODIFIER=(base) PYTHONPATH=/home/nir/Desktop/Dailybot_GUI/build/gui/prefix_override:/home/nir/Desktop/Dailybot_GUI/install/gui/lib/python3.10/site-packages:${PYTHONPATH} /usr/bin/python3 setup.py egg_info --egg-base ../../build/gui build --build-base /home/nir/Desktop/Dailybot_GUI/build/gui/build install --record /home/nir/Desktop/Dailybot_GUI/build/gui/install.log --single-version-externally-managed
