running egg_info
creating ../../build/fake_data/fake_data.egg-info
writing ../../build/fake_data/fake_data.egg-info/PKG-INFO
writing dependency_links to ../../build/fake_data/fake_data.egg-info/dependency_links.txt
writing entry points to ../../build/fake_data/fake_data.egg-info/entry_points.txt
writing requirements to ../../build/fake_data/fake_data.egg-info/requires.txt
writing top-level names to ../../build/fake_data/fake_data.egg-info/top_level.txt
writing manifest file '../../build/fake_data/fake_data.egg-info/SOURCES.txt'
reading manifest file '../../build/fake_data/fake_data.egg-info/SOURCES.txt'
writing manifest file '../../build/fake_data/fake_data.egg-info/SOURCES.txt'
running build
running build_py
creating /home/nir/Desktop/Dailybot_GUI/build/fake_data/build
creating /home/nir/Desktop/Dailybot_GUI/build/fake_data/build/lib
creating /home/nir/Desktop/Dailybot_GUI/build/fake_data/build/lib/fake_data
copying fake_data/__init__.py -> /home/nir/Desktop/Dailybot_GUI/build/fake_data/build/lib/fake_data
copying fake_data/fake_data.py -> /home/nir/Desktop/Dailybot_GUI/build/fake_data/build/lib/fake_data
running install
running install_lib
creating /home/nir/Desktop/Dailybot_GUI/install/fake_data/lib/python3.10/site-packages/fake_data
copying /home/nir/Desktop/Dailybot_GUI/build/fake_data/build/lib/fake_data/__init__.py -> /home/nir/Desktop/Dailybot_GUI/install/fake_data/lib/python3.10/site-packages/fake_data
copying /home/nir/Desktop/Dailybot_GUI/build/fake_data/build/lib/fake_data/fake_data.py -> /home/nir/Desktop/Dailybot_GUI/install/fake_data/lib/python3.10/site-packages/fake_data
byte-compiling /home/nir/Desktop/Dailybot_GUI/install/fake_data/lib/python3.10/site-packages/fake_data/__init__.py to __init__.cpython-310.pyc
byte-compiling /home/nir/Desktop/Dailybot_GUI/install/fake_data/lib/python3.10/site-packages/fake_data/fake_data.py to fake_data.cpython-310.pyc
running install_data
creating /home/nir/Desktop/Dailybot_GUI/install/fake_data/share/ament_index
creating /home/nir/Desktop/Dailybot_GUI/install/fake_data/share/ament_index/resource_index
creating /home/nir/Desktop/Dailybot_GUI/install/fake_data/share/ament_index/resource_index/packages
copying resource/fake_data -> /home/nir/Desktop/Dailybot_GUI/install/fake_data/share/ament_index/resource_index/packages
copying package.xml -> /home/nir/Desktop/Dailybot_GUI/install/fake_data/share/fake_data
running install_egg_info
Copying ../../build/fake_data/fake_data.egg-info to /home/nir/Desktop/Dailybot_GUI/install/fake_data/lib/python3.10/site-packages/fake_data-0.0.0-py3.10.egg-info
running install_scripts
Installing publish_fake_data script to /home/nir/Desktop/Dailybot_GUI/install/fake_data/lib/fake_data
writing list of installed files to '/home/nir/Desktop/Dailybot_GUI/build/fake_data/install.log'
