[0.642s] Invoking command in '/home/nir/Desktop/Dailybot_GUI/src/fake_data': CONDA_PROMPT_MODIFIER=(base) PYTHONPATH=/home/nir/Desktop/Dailybot_GUI/build/fake_data/prefix_override:/home/nir/Desktop/Dailybot_GUI/install/fake_data/lib/python3.10/site-packages:${PYTHONPATH} /usr/bin/python3 setup.py egg_info --egg-base ../../build/fake_data build --build-base /home/nir/Desktop/Dailybot_GUI/build/fake_data/build install --record /home/nir/Desktop/Dailybot_GUI/build/fake_data/install.log --single-version-externally-managed
[0.801s] running egg_info
[0.801s] creating ../../build/fake_data/fake_data.egg-info
[0.801s] writing ../../build/fake_data/fake_data.egg-info/PKG-INFO
[0.801s] writing dependency_links to ../../build/fake_data/fake_data.egg-info/dependency_links.txt
[0.801s] writing entry points to ../../build/fake_data/fake_data.egg-info/entry_points.txt
[0.801s] writing requirements to ../../build/fake_data/fake_data.egg-info/requires.txt
[0.801s] writing top-level names to ../../build/fake_data/fake_data.egg-info/top_level.txt
[0.801s] writing manifest file '../../build/fake_data/fake_data.egg-info/SOURCES.txt'
[0.802s] reading manifest file '../../build/fake_data/fake_data.egg-info/SOURCES.txt'
[0.802s] writing manifest file '../../build/fake_data/fake_data.egg-info/SOURCES.txt'
[0.803s] running build
[0.803s] running build_py
[0.803s] creating /home/nir/Desktop/Dailybot_GUI/build/fake_data/build
[0.803s] creating /home/nir/Desktop/Dailybot_GUI/build/fake_data/build/lib
[0.803s] creating /home/nir/Desktop/Dailybot_GUI/build/fake_data/build/lib/fake_data
[0.803s] copying fake_data/__init__.py -> /home/nir/Desktop/Dailybot_GUI/build/fake_data/build/lib/fake_data
[0.803s] copying fake_data/fake_data.py -> /home/nir/Desktop/Dailybot_GUI/build/fake_data/build/lib/fake_data
[0.803s] running install
[0.803s] running install_lib
[0.803s] creating /home/nir/Desktop/Dailybot_GUI/install/fake_data/lib/python3.10/site-packages/fake_data
[0.804s] copying /home/nir/Desktop/Dailybot_GUI/build/fake_data/build/lib/fake_data/__init__.py -> /home/nir/Desktop/Dailybot_GUI/install/fake_data/lib/python3.10/site-packages/fake_data
[0.804s] copying /home/nir/Desktop/Dailybot_GUI/build/fake_data/build/lib/fake_data/fake_data.py -> /home/nir/Desktop/Dailybot_GUI/install/fake_data/lib/python3.10/site-packages/fake_data
[0.804s] byte-compiling /home/nir/Desktop/Dailybot_GUI/install/fake_data/lib/python3.10/site-packages/fake_data/__init__.py to __init__.cpython-310.pyc
[0.804s] byte-compiling /home/nir/Desktop/Dailybot_GUI/install/fake_data/lib/python3.10/site-packages/fake_data/fake_data.py to fake_data.cpython-310.pyc
[0.805s] running install_data
[0.805s] creating /home/nir/Desktop/Dailybot_GUI/install/fake_data/share/ament_index
[0.805s] creating /home/nir/Desktop/Dailybot_GUI/install/fake_data/share/ament_index/resource_index
[0.805s] creating /home/nir/Desktop/Dailybot_GUI/install/fake_data/share/ament_index/resource_index/packages
[0.805s] copying resource/fake_data -> /home/nir/Desktop/Dailybot_GUI/install/fake_data/share/ament_index/resource_index/packages
[0.805s] copying package.xml -> /home/nir/Desktop/Dailybot_GUI/install/fake_data/share/fake_data
[0.805s] running install_egg_info
[0.806s] Copying ../../build/fake_data/fake_data.egg-info to /home/nir/Desktop/Dailybot_GUI/install/fake_data/lib/python3.10/site-packages/fake_data-0.0.0-py3.10.egg-info
[0.806s] running install_scripts
[0.820s] Installing publish_fake_data script to /home/nir/Desktop/Dailybot_GUI/install/fake_data/lib/fake_data
[0.821s] writing list of installed files to '/home/nir/Desktop/Dailybot_GUI/build/fake_data/install.log'
[0.839s] Invoked command in '/home/nir/Desktop/Dailybot_GUI/src/fake_data' returned '0': CONDA_PROMPT_MODIFIER=(base) PYTHONPATH=/home/nir/Desktop/Dailybot_GUI/build/fake_data/prefix_override:/home/nir/Desktop/Dailybot_GUI/install/fake_data/lib/python3.10/site-packages:${PYTHONPATH} /usr/bin/python3 setup.py egg_info --egg-base ../../build/fake_data build --build-base /home/nir/Desktop/Dailybot_GUI/build/fake_data/build install --record /home/nir/Desktop/Dailybot_GUI/build/fake_data/install.log --single-version-externally-managed
