[0.212s] DEBUG:colcon:Command line arguments: ['/usr/bin/colcon', 'build']
[0.212s] DEBUG:colcon:Parsed command line arguments: Namespace(log_base=None, log_level=None, verb_name='build', build_base='build', install_base='install', merge_install=False, symlink_install=False, test_result_base=None, continue_on_error=False, executor='parallel', parallel_workers=20, event_handlers=None, ignore_user_meta=False, metas=['./colcon.meta'], base_paths=['.'], packages_ignore=None, packages_ignore_regex=None, paths=None, packages_up_to=None, packages_up_to_regex=None, packages_above=None, packages_above_and_dependencies=None, packages_above_depth=None, packages_select_by_dep=None, packages_skip_by_dep=None, packages_skip_up_to=None, packages_select_build_failed=False, packages_skip_build_finished=False, packages_select_test_failures=False, packages_skip_test_passed=False, packages_select=None, packages_skip=None, packages_select_regex=None, packages_skip_regex=None, packages_start=None, packages_end=None, allow_overriding=[], cmake_args=None, cmake_target=None, cmake_target_skip_unavailable=False, cmake_clean_cache=False, cmake_clean_first=False, cmake_force_configure=False, ament_cmake_args=None, catkin_cmake_args=None, catkin_skip_building_tests=False, verb_parser=<colcon_defaults.argument_parser.defaults.DefaultArgumentsDecorator object at 0x7fa7064878e0>, verb_extension=<colcon_core.verb.build.BuildVerb object at 0x7fa706487370>, main=<bound method BuildVerb.main of <colcon_core.verb.build.BuildVerb object at 0x7fa706487370>>)
[0.227s] Level 1:colcon.colcon_core.package_discovery:discover_packages(colcon_meta) check parameters
[0.228s] Level 1:colcon.colcon_core.package_discovery:discover_packages(recursive) check parameters
[0.228s] Level 1:colcon.colcon_core.package_discovery:discover_packages(ignore) check parameters
[0.228s] Level 1:colcon.colcon_core.package_discovery:discover_packages(path) check parameters
[0.228s] Level 1:colcon.colcon_core.package_discovery:discover_packages(colcon_meta) discover
[0.228s] Level 1:colcon.colcon_core.package_discovery:discover_packages(recursive) discover
[0.228s] INFO:colcon.colcon_core.package_discovery:Crawling recursively for packages in '/home/nir/Desktop/Dailybot_GUI'
[0.228s] Level 1:colcon.colcon_core.package_identification:_identify(.) by extensions ['ignore', 'ignore_ament_install']
[0.228s] Level 1:colcon.colcon_core.package_identification:_identify(.) by extension 'ignore'
[0.228s] Level 1:colcon.colcon_core.package_identification:_identify(.) by extension 'ignore_ament_install'
[0.228s] Level 1:colcon.colcon_core.package_identification:_identify(.) by extensions ['colcon_pkg']
[0.228s] Level 1:colcon.colcon_core.package_identification:_identify(.) by extension 'colcon_pkg'
[0.228s] Level 1:colcon.colcon_core.package_identification:_identify(.) by extensions ['colcon_meta']
[0.228s] Level 1:colcon.colcon_core.package_identification:_identify(.) by extension 'colcon_meta'
[0.228s] Level 1:colcon.colcon_core.package_identification:_identify(.) by extensions ['ros']
[0.228s] Level 1:colcon.colcon_core.package_identification:_identify(.) by extension 'ros'
[0.236s] Level 1:colcon.colcon_core.package_identification:_identify(.) by extensions ['cmake', 'python']
[0.236s] Level 1:colcon.colcon_core.package_identification:_identify(.) by extension 'cmake'
[0.236s] Level 1:colcon.colcon_core.package_identification:_identify(.) by extension 'python'
[0.236s] Level 1:colcon.colcon_core.package_identification:_identify(.) by extensions ['python_setup_py']
[0.236s] Level 1:colcon.colcon_core.package_identification:_identify(.) by extension 'python_setup_py'
[0.236s] Level 1:colcon.colcon_core.package_identification:_identify(Recordings) by extensions ['ignore', 'ignore_ament_install']
[0.236s] Level 1:colcon.colcon_core.package_identification:_identify(Recordings) by extension 'ignore'
[0.236s] Level 1:colcon.colcon_core.package_identification:_identify(Recordings) by extension 'ignore_ament_install'
[0.236s] Level 1:colcon.colcon_core.package_identification:_identify(Recordings) by extensions ['colcon_pkg']
[0.236s] Level 1:colcon.colcon_core.package_identification:_identify(Recordings) by extension 'colcon_pkg'
[0.236s] Level 1:colcon.colcon_core.package_identification:_identify(Recordings) by extensions ['colcon_meta']
[0.236s] Level 1:colcon.colcon_core.package_identification:_identify(Recordings) by extension 'colcon_meta'
[0.236s] Level 1:colcon.colcon_core.package_identification:_identify(Recordings) by extensions ['ros']
[0.236s] Level 1:colcon.colcon_core.package_identification:_identify(Recordings) by extension 'ros'
[0.236s] Level 1:colcon.colcon_core.package_identification:_identify(Recordings) by extensions ['cmake', 'python']
[0.236s] Level 1:colcon.colcon_core.package_identification:_identify(Recordings) by extension 'cmake'
[0.236s] Level 1:colcon.colcon_core.package_identification:_identify(Recordings) by extension 'python'
[0.236s] Level 1:colcon.colcon_core.package_identification:_identify(Recordings) by extensions ['python_setup_py']
[0.236s] Level 1:colcon.colcon_core.package_identification:_identify(Recordings) by extension 'python_setup_py'
[0.236s] Level 1:colcon.colcon_core.package_identification:_identify(build) by extensions ['ignore', 'ignore_ament_install']
[0.236s] Level 1:colcon.colcon_core.package_identification:_identify(build) by extension 'ignore'
[0.236s] Level 1:colcon.colcon_core.package_identification:_identify(build) ignored
[0.236s] Level 1:colcon.colcon_core.package_identification:_identify(config) by extensions ['ignore', 'ignore_ament_install']
[0.237s] Level 1:colcon.colcon_core.package_identification:_identify(config) by extension 'ignore'
[0.237s] Level 1:colcon.colcon_core.package_identification:_identify(config) by extension 'ignore_ament_install'
[0.237s] Level 1:colcon.colcon_core.package_identification:_identify(config) by extensions ['colcon_pkg']
[0.237s] Level 1:colcon.colcon_core.package_identification:_identify(config) by extension 'colcon_pkg'
[0.237s] Level 1:colcon.colcon_core.package_identification:_identify(config) by extensions ['colcon_meta']
[0.237s] Level 1:colcon.colcon_core.package_identification:_identify(config) by extension 'colcon_meta'
[0.237s] Level 1:colcon.colcon_core.package_identification:_identify(config) by extensions ['ros']
[0.237s] Level 1:colcon.colcon_core.package_identification:_identify(config) by extension 'ros'
[0.237s] Level 1:colcon.colcon_core.package_identification:_identify(config) by extensions ['cmake', 'python']
[0.237s] Level 1:colcon.colcon_core.package_identification:_identify(config) by extension 'cmake'
[0.237s] Level 1:colcon.colcon_core.package_identification:_identify(config) by extension 'python'
[0.237s] Level 1:colcon.colcon_core.package_identification:_identify(config) by extensions ['python_setup_py']
[0.237s] Level 1:colcon.colcon_core.package_identification:_identify(config) by extension 'python_setup_py'
[0.237s] Level 1:colcon.colcon_core.package_identification:_identify(install) by extensions ['ignore', 'ignore_ament_install']
[0.237s] Level 1:colcon.colcon_core.package_identification:_identify(install) by extension 'ignore'
[0.237s] Level 1:colcon.colcon_core.package_identification:_identify(install) ignored
[0.237s] Level 1:colcon.colcon_core.package_identification:_identify(log) by extensions ['ignore', 'ignore_ament_install']
[0.237s] Level 1:colcon.colcon_core.package_identification:_identify(log) by extension 'ignore'
[0.237s] Level 1:colcon.colcon_core.package_identification:_identify(log) ignored
[0.237s] Level 1:colcon.colcon_core.package_identification:_identify(logs) by extensions ['ignore', 'ignore_ament_install']
[0.237s] Level 1:colcon.colcon_core.package_identification:_identify(logs) by extension 'ignore'
[0.237s] Level 1:colcon.colcon_core.package_identification:_identify(logs) by extension 'ignore_ament_install'
[0.237s] Level 1:colcon.colcon_core.package_identification:_identify(logs) by extensions ['colcon_pkg']
[0.237s] Level 1:colcon.colcon_core.package_identification:_identify(logs) by extension 'colcon_pkg'
[0.237s] Level 1:colcon.colcon_core.package_identification:_identify(logs) by extensions ['colcon_meta']
[0.237s] Level 1:colcon.colcon_core.package_identification:_identify(logs) by extension 'colcon_meta'
[0.237s] Level 1:colcon.colcon_core.package_identification:_identify(logs) by extensions ['ros']
[0.237s] Level 1:colcon.colcon_core.package_identification:_identify(logs) by extension 'ros'
[0.237s] Level 1:colcon.colcon_core.package_identification:_identify(logs) by extensions ['cmake', 'python']
[0.237s] Level 1:colcon.colcon_core.package_identification:_identify(logs) by extension 'cmake'
[0.237s] Level 1:colcon.colcon_core.package_identification:_identify(logs) by extension 'python'
[0.237s] Level 1:colcon.colcon_core.package_identification:_identify(logs) by extensions ['python_setup_py']
[0.237s] Level 1:colcon.colcon_core.package_identification:_identify(logs) by extension 'python_setup_py'
[0.237s] Level 1:colcon.colcon_core.package_identification:_identify(src) by extensions ['ignore', 'ignore_ament_install']
[0.238s] Level 1:colcon.colcon_core.package_identification:_identify(src) by extension 'ignore'
[0.238s] Level 1:colcon.colcon_core.package_identification:_identify(src) by extension 'ignore_ament_install'
[0.238s] Level 1:colcon.colcon_core.package_identification:_identify(src) by extensions ['colcon_pkg']
[0.238s] Level 1:colcon.colcon_core.package_identification:_identify(src) by extension 'colcon_pkg'
[0.238s] Level 1:colcon.colcon_core.package_identification:_identify(src) by extensions ['colcon_meta']
[0.238s] Level 1:colcon.colcon_core.package_identification:_identify(src) by extension 'colcon_meta'
[0.238s] Level 1:colcon.colcon_core.package_identification:_identify(src) by extensions ['ros']
[0.238s] Level 1:colcon.colcon_core.package_identification:_identify(src) by extension 'ros'
[0.238s] Level 1:colcon.colcon_core.package_identification:_identify(src) by extensions ['cmake', 'python']
[0.238s] Level 1:colcon.colcon_core.package_identification:_identify(src) by extension 'cmake'
[0.238s] Level 1:colcon.colcon_core.package_identification:_identify(src) by extension 'python'
[0.238s] Level 1:colcon.colcon_core.package_identification:_identify(src) by extensions ['python_setup_py']
[0.238s] Level 1:colcon.colcon_core.package_identification:_identify(src) by extension 'python_setup_py'
[0.238s] Level 1:colcon.colcon_core.package_identification:_identify(src/fake_data) by extensions ['ignore', 'ignore_ament_install']
[0.238s] Level 1:colcon.colcon_core.package_identification:_identify(src/fake_data) by extension 'ignore'
[0.238s] Level 1:colcon.colcon_core.package_identification:_identify(src/fake_data) by extension 'ignore_ament_install'
[0.238s] Level 1:colcon.colcon_core.package_identification:_identify(src/fake_data) by extensions ['colcon_pkg']
[0.238s] Level 1:colcon.colcon_core.package_identification:_identify(src/fake_data) by extension 'colcon_pkg'
[0.238s] Level 1:colcon.colcon_core.package_identification:_identify(src/fake_data) by extensions ['colcon_meta']
[0.238s] Level 1:colcon.colcon_core.package_identification:_identify(src/fake_data) by extension 'colcon_meta'
[0.238s] Level 1:colcon.colcon_core.package_identification:_identify(src/fake_data) by extensions ['ros']
[0.238s] Level 1:colcon.colcon_core.package_identification:_identify(src/fake_data) by extension 'ros'
[0.240s] DEBUG:colcon.colcon_core.package_identification:Package 'src/fake_data' with type 'ros.ament_python' and name 'fake_data'
[0.240s] Level 1:colcon.colcon_core.package_identification:_identify(src/gui) by extensions ['ignore', 'ignore_ament_install']
[0.240s] Level 1:colcon.colcon_core.package_identification:_identify(src/gui) by extension 'ignore'
[0.240s] Level 1:colcon.colcon_core.package_identification:_identify(src/gui) by extension 'ignore_ament_install'
[0.240s] Level 1:colcon.colcon_core.package_identification:_identify(src/gui) by extensions ['colcon_pkg']
[0.240s] Level 1:colcon.colcon_core.package_identification:_identify(src/gui) by extension 'colcon_pkg'
[0.240s] Level 1:colcon.colcon_core.package_identification:_identify(src/gui) by extensions ['colcon_meta']
[0.240s] Level 1:colcon.colcon_core.package_identification:_identify(src/gui) by extension 'colcon_meta'
[0.240s] Level 1:colcon.colcon_core.package_identification:_identify(src/gui) by extensions ['ros']
[0.240s] Level 1:colcon.colcon_core.package_identification:_identify(src/gui) by extension 'ros'
[0.241s] DEBUG:colcon.colcon_core.package_identification:Package 'src/gui' with type 'ros.ament_python' and name 'gui'
[0.241s] Level 1:colcon.colcon_core.package_identification:_identify(src/logger) by extensions ['ignore', 'ignore_ament_install']
[0.241s] Level 1:colcon.colcon_core.package_identification:_identify(src/logger) by extension 'ignore'
[0.241s] Level 1:colcon.colcon_core.package_identification:_identify(src/logger) by extension 'ignore_ament_install'
[0.241s] Level 1:colcon.colcon_core.package_identification:_identify(src/logger) by extensions ['colcon_pkg']
[0.241s] Level 1:colcon.colcon_core.package_identification:_identify(src/logger) by extension 'colcon_pkg'
[0.241s] Level 1:colcon.colcon_core.package_identification:_identify(src/logger) by extensions ['colcon_meta']
[0.241s] Level 1:colcon.colcon_core.package_identification:_identify(src/logger) by extension 'colcon_meta'
[0.241s] Level 1:colcon.colcon_core.package_identification:_identify(src/logger) by extensions ['ros']
[0.241s] Level 1:colcon.colcon_core.package_identification:_identify(src/logger) by extension 'ros'
[0.241s] DEBUG:colcon.colcon_core.package_identification:Package 'src/logger' with type 'ros.ament_python' and name 'logger'
[0.241s] Level 1:colcon.colcon_core.package_identification:_identify(src/process_data) by extensions ['ignore', 'ignore_ament_install']
[0.241s] Level 1:colcon.colcon_core.package_identification:_identify(src/process_data) by extension 'ignore'
[0.241s] Level 1:colcon.colcon_core.package_identification:_identify(src/process_data) by extension 'ignore_ament_install'
[0.241s] Level 1:colcon.colcon_core.package_identification:_identify(src/process_data) by extensions ['colcon_pkg']
[0.242s] Level 1:colcon.colcon_core.package_identification:_identify(src/process_data) by extension 'colcon_pkg'
[0.242s] Level 1:colcon.colcon_core.package_identification:_identify(src/process_data) by extensions ['colcon_meta']
[0.242s] Level 1:colcon.colcon_core.package_identification:_identify(src/process_data) by extension 'colcon_meta'
[0.242s] Level 1:colcon.colcon_core.package_identification:_identify(src/process_data) by extensions ['ros']
[0.242s] Level 1:colcon.colcon_core.package_identification:_identify(src/process_data) by extension 'ros'
[0.242s] DEBUG:colcon.colcon_core.package_identification:Package 'src/process_data' with type 'ros.ament_python' and name 'process_data'
[0.242s] Level 1:colcon.colcon_core.package_discovery:discover_packages(recursive) using defaults
[0.242s] Level 1:colcon.colcon_core.package_discovery:discover_packages(ignore) discover
[0.242s] Level 1:colcon.colcon_core.package_discovery:discover_packages(ignore) using defaults
[0.242s] Level 1:colcon.colcon_core.package_discovery:discover_packages(path) discover
[0.242s] Level 1:colcon.colcon_core.package_discovery:discover_packages(path) using defaults
[0.257s] Level 1:colcon.colcon_core.package_discovery:discover_packages(prefix_path) check parameters
[0.258s] Level 1:colcon.colcon_core.package_discovery:discover_packages(prefix_path) discover
[0.259s] DEBUG:colcon.colcon_installed_package_information.package_discovery:Found 4 installed packages in /home/nir/Desktop/Dailybot_GUI/install
[0.261s] DEBUG:colcon.colcon_installed_package_information.package_discovery:Found 423 installed packages in /opt/ros/humble
[0.262s] Level 1:colcon.colcon_core.package_discovery:discover_packages(prefix_path) using defaults
[0.306s] Level 5:colcon.colcon_core.verb:set package 'fake_data' build argument 'cmake_args' from command line to 'None'
[0.306s] Level 5:colcon.colcon_core.verb:set package 'fake_data' build argument 'cmake_target' from command line to 'None'
[0.306s] Level 5:colcon.colcon_core.verb:set package 'fake_data' build argument 'cmake_target_skip_unavailable' from command line to 'False'
[0.306s] Level 5:colcon.colcon_core.verb:set package 'fake_data' build argument 'cmake_clean_cache' from command line to 'False'
[0.306s] Level 5:colcon.colcon_core.verb:set package 'fake_data' build argument 'cmake_clean_first' from command line to 'False'
[0.306s] Level 5:colcon.colcon_core.verb:set package 'fake_data' build argument 'cmake_force_configure' from command line to 'False'
[0.306s] Level 5:colcon.colcon_core.verb:set package 'fake_data' build argument 'ament_cmake_args' from command line to 'None'
[0.306s] Level 5:colcon.colcon_core.verb:set package 'fake_data' build argument 'catkin_cmake_args' from command line to 'None'
[0.306s] Level 5:colcon.colcon_core.verb:set package 'fake_data' build argument 'catkin_skip_building_tests' from command line to 'False'
[0.306s] DEBUG:colcon.colcon_core.verb:Building package 'fake_data' with the following arguments: {'ament_cmake_args': None, 'build_base': '/home/nir/Desktop/Dailybot_GUI/build/fake_data', 'catkin_cmake_args': None, 'catkin_skip_building_tests': False, 'cmake_args': None, 'cmake_clean_cache': False, 'cmake_clean_first': False, 'cmake_force_configure': False, 'cmake_target': None, 'cmake_target_skip_unavailable': False, 'install_base': '/home/nir/Desktop/Dailybot_GUI/install/fake_data', 'merge_install': False, 'path': '/home/nir/Desktop/Dailybot_GUI/src/fake_data', 'symlink_install': False, 'test_result_base': None}
[0.307s] Level 5:colcon.colcon_core.verb:set package 'gui' build argument 'cmake_args' from command line to 'None'
[0.307s] Level 5:colcon.colcon_core.verb:set package 'gui' build argument 'cmake_target' from command line to 'None'
[0.307s] Level 5:colcon.colcon_core.verb:set package 'gui' build argument 'cmake_target_skip_unavailable' from command line to 'False'
[0.307s] Level 5:colcon.colcon_core.verb:set package 'gui' build argument 'cmake_clean_cache' from command line to 'False'
[0.307s] Level 5:colcon.colcon_core.verb:set package 'gui' build argument 'cmake_clean_first' from command line to 'False'
[0.307s] Level 5:colcon.colcon_core.verb:set package 'gui' build argument 'cmake_force_configure' from command line to 'False'
[0.307s] Level 5:colcon.colcon_core.verb:set package 'gui' build argument 'ament_cmake_args' from command line to 'None'
[0.307s] Level 5:colcon.colcon_core.verb:set package 'gui' build argument 'catkin_cmake_args' from command line to 'None'
[0.307s] Level 5:colcon.colcon_core.verb:set package 'gui' build argument 'catkin_skip_building_tests' from command line to 'False'
[0.307s] DEBUG:colcon.colcon_core.verb:Building package 'gui' with the following arguments: {'ament_cmake_args': None, 'build_base': '/home/nir/Desktop/Dailybot_GUI/build/gui', 'catkin_cmake_args': None, 'catkin_skip_building_tests': False, 'cmake_args': None, 'cmake_clean_cache': False, 'cmake_clean_first': False, 'cmake_force_configure': False, 'cmake_target': None, 'cmake_target_skip_unavailable': False, 'install_base': '/home/nir/Desktop/Dailybot_GUI/install/gui', 'merge_install': False, 'path': '/home/nir/Desktop/Dailybot_GUI/src/gui', 'symlink_install': False, 'test_result_base': None}
[0.307s] Level 5:colcon.colcon_core.verb:set package 'logger' build argument 'cmake_args' from command line to 'None'
[0.308s] Level 5:colcon.colcon_core.verb:set package 'logger' build argument 'cmake_target' from command line to 'None'
[0.308s] Level 5:colcon.colcon_core.verb:set package 'logger' build argument 'cmake_target_skip_unavailable' from command line to 'False'
[0.308s] Level 5:colcon.colcon_core.verb:set package 'logger' build argument 'cmake_clean_cache' from command line to 'False'
[0.308s] Level 5:colcon.colcon_core.verb:set package 'logger' build argument 'cmake_clean_first' from command line to 'False'
[0.308s] Level 5:colcon.colcon_core.verb:set package 'logger' build argument 'cmake_force_configure' from command line to 'False'
[0.308s] Level 5:colcon.colcon_core.verb:set package 'logger' build argument 'ament_cmake_args' from command line to 'None'
[0.308s] Level 5:colcon.colcon_core.verb:set package 'logger' build argument 'catkin_cmake_args' from command line to 'None'
[0.308s] Level 5:colcon.colcon_core.verb:set package 'logger' build argument 'catkin_skip_building_tests' from command line to 'False'
[0.308s] DEBUG:colcon.colcon_core.verb:Building package 'logger' with the following arguments: {'ament_cmake_args': None, 'build_base': '/home/nir/Desktop/Dailybot_GUI/build/logger', 'catkin_cmake_args': None, 'catkin_skip_building_tests': False, 'cmake_args': None, 'cmake_clean_cache': False, 'cmake_clean_first': False, 'cmake_force_configure': False, 'cmake_target': None, 'cmake_target_skip_unavailable': False, 'install_base': '/home/nir/Desktop/Dailybot_GUI/install/logger', 'merge_install': False, 'path': '/home/nir/Desktop/Dailybot_GUI/src/logger', 'symlink_install': False, 'test_result_base': None}
[0.308s] Level 5:colcon.colcon_core.verb:set package 'process_data' build argument 'cmake_args' from command line to 'None'
[0.308s] Level 5:colcon.colcon_core.verb:set package 'process_data' build argument 'cmake_target' from command line to 'None'
[0.308s] Level 5:colcon.colcon_core.verb:set package 'process_data' build argument 'cmake_target_skip_unavailable' from command line to 'False'
[0.308s] Level 5:colcon.colcon_core.verb:set package 'process_data' build argument 'cmake_clean_cache' from command line to 'False'
[0.308s] Level 5:colcon.colcon_core.verb:set package 'process_data' build argument 'cmake_clean_first' from command line to 'False'
[0.308s] Level 5:colcon.colcon_core.verb:set package 'process_data' build argument 'cmake_force_configure' from command line to 'False'
[0.308s] Level 5:colcon.colcon_core.verb:set package 'process_data' build argument 'ament_cmake_args' from command line to 'None'
[0.308s] Level 5:colcon.colcon_core.verb:set package 'process_data' build argument 'catkin_cmake_args' from command line to 'None'
[0.308s] Level 5:colcon.colcon_core.verb:set package 'process_data' build argument 'catkin_skip_building_tests' from command line to 'False'
[0.308s] DEBUG:colcon.colcon_core.verb:Building package 'process_data' with the following arguments: {'ament_cmake_args': None, 'build_base': '/home/nir/Desktop/Dailybot_GUI/build/process_data', 'catkin_cmake_args': None, 'catkin_skip_building_tests': False, 'cmake_args': None, 'cmake_clean_cache': False, 'cmake_clean_first': False, 'cmake_force_configure': False, 'cmake_target': None, 'cmake_target_skip_unavailable': False, 'install_base': '/home/nir/Desktop/Dailybot_GUI/install/process_data', 'merge_install': False, 'path': '/home/nir/Desktop/Dailybot_GUI/src/process_data', 'symlink_install': False, 'test_result_base': None}
[0.309s] INFO:colcon.colcon_core.executor:Executing jobs using 'parallel' executor
[0.311s] DEBUG:colcon.colcon_parallel_executor.executor.parallel:run_until_complete
[0.311s] INFO:colcon.colcon_ros.task.ament_python.build:Building ROS package in '/home/nir/Desktop/Dailybot_GUI/src/fake_data' with build type 'ament_python'
[0.311s] Level 1:colcon.colcon_core.shell:create_environment_hook('fake_data', 'ament_prefix_path')
[0.314s] INFO:colcon.colcon_core.plugin_system:Skipping extension 'colcon_core.shell.bat': Not used on non-Windows systems
[0.314s] INFO:colcon.colcon_core.shell:Creating environment hook '/home/nir/Desktop/Dailybot_GUI/install/fake_data/share/fake_data/hook/ament_prefix_path.ps1'
[0.314s] INFO:colcon.colcon_core.shell:Creating environment descriptor '/home/nir/Desktop/Dailybot_GUI/install/fake_data/share/fake_data/hook/ament_prefix_path.dsv'
[0.315s] INFO:colcon.colcon_core.shell:Creating environment hook '/home/nir/Desktop/Dailybot_GUI/install/fake_data/share/fake_data/hook/ament_prefix_path.sh'
[0.316s] INFO:colcon.colcon_core.shell:Skip shell extension 'powershell' for command environment: Not usable outside of PowerShell
[0.316s] DEBUG:colcon.colcon_core.shell:Skip shell extension 'dsv' for command environment
[0.319s] INFO:colcon.colcon_ros.task.ament_python.build:Building ROS package in '/home/nir/Desktop/Dailybot_GUI/src/gui' with build type 'ament_python'
[0.319s] Level 1:colcon.colcon_core.shell:create_environment_hook('gui', 'ament_prefix_path')
[0.320s] INFO:colcon.colcon_core.shell:Creating environment hook '/home/nir/Desktop/Dailybot_GUI/install/gui/share/gui/hook/ament_prefix_path.ps1'
[0.320s] INFO:colcon.colcon_core.shell:Creating environment descriptor '/home/nir/Desktop/Dailybot_GUI/install/gui/share/gui/hook/ament_prefix_path.dsv'
[0.321s] INFO:colcon.colcon_core.shell:Creating environment hook '/home/nir/Desktop/Dailybot_GUI/install/gui/share/gui/hook/ament_prefix_path.sh'
[0.321s] INFO:colcon.colcon_core.shell:Skip shell extension 'powershell' for command environment: Not usable outside of PowerShell
[0.322s] DEBUG:colcon.colcon_core.shell:Skip shell extension 'dsv' for command environment
[0.324s] INFO:colcon.colcon_ros.task.ament_python.build:Building ROS package in '/home/nir/Desktop/Dailybot_GUI/src/logger' with build type 'ament_python'
[0.325s] Level 1:colcon.colcon_core.shell:create_environment_hook('logger', 'ament_prefix_path')
[0.325s] INFO:colcon.colcon_core.shell:Creating environment hook '/home/nir/Desktop/Dailybot_GUI/install/logger/share/logger/hook/ament_prefix_path.ps1'
[0.326s] INFO:colcon.colcon_core.shell:Creating environment descriptor '/home/nir/Desktop/Dailybot_GUI/install/logger/share/logger/hook/ament_prefix_path.dsv'
[0.326s] INFO:colcon.colcon_core.shell:Creating environment hook '/home/nir/Desktop/Dailybot_GUI/install/logger/share/logger/hook/ament_prefix_path.sh'
[0.327s] INFO:colcon.colcon_core.shell:Skip shell extension 'powershell' for command environment: Not usable outside of PowerShell
[0.327s] DEBUG:colcon.colcon_core.shell:Skip shell extension 'dsv' for command environment
[0.330s] INFO:colcon.colcon_ros.task.ament_python.build:Building ROS package in '/home/nir/Desktop/Dailybot_GUI/src/process_data' with build type 'ament_python'
[0.330s] Level 1:colcon.colcon_core.shell:create_environment_hook('process_data', 'ament_prefix_path')
[0.331s] INFO:colcon.colcon_core.shell:Creating environment hook '/home/nir/Desktop/Dailybot_GUI/install/process_data/share/process_data/hook/ament_prefix_path.ps1'
[0.332s] INFO:colcon.colcon_core.shell:Creating environment descriptor '/home/nir/Desktop/Dailybot_GUI/install/process_data/share/process_data/hook/ament_prefix_path.dsv'
[0.332s] INFO:colcon.colcon_core.shell:Creating environment hook '/home/nir/Desktop/Dailybot_GUI/install/process_data/share/process_data/hook/ament_prefix_path.sh'
[0.333s] INFO:colcon.colcon_core.shell:Skip shell extension 'powershell' for command environment: Not usable outside of PowerShell
[0.334s] DEBUG:colcon.colcon_core.shell:Skip shell extension 'dsv' for command environment
[0.512s] INFO:colcon.colcon_core.task.python.build:Building Python package in '/home/nir/Desktop/Dailybot_GUI/src/fake_data'
[0.513s] INFO:colcon.colcon_core.shell:Skip shell extension 'powershell' for command environment: Not usable outside of PowerShell
[0.513s] DEBUG:colcon.colcon_core.shell:Skip shell extension 'dsv' for command environment
[0.693s] INFO:colcon.colcon_core.task.python.build:Building Python package in '/home/nir/Desktop/Dailybot_GUI/src/gui'
[0.694s] INFO:colcon.colcon_core.shell:Skip shell extension 'powershell' for command environment: Not usable outside of PowerShell
[0.694s] DEBUG:colcon.colcon_core.shell:Skip shell extension 'dsv' for command environment
[0.874s] INFO:colcon.colcon_core.task.python.build:Building Python package in '/home/nir/Desktop/Dailybot_GUI/src/logger'
[0.876s] INFO:colcon.colcon_core.shell:Skip shell extension 'powershell' for command environment: Not usable outside of PowerShell
[0.876s] DEBUG:colcon.colcon_core.shell:Skip shell extension 'dsv' for command environment
[1.053s] INFO:colcon.colcon_core.task.python.build:Building Python package in '/home/nir/Desktop/Dailybot_GUI/src/process_data'
[1.055s] INFO:colcon.colcon_core.shell:Skip shell extension 'powershell' for command environment: Not usable outside of PowerShell
[1.055s] DEBUG:colcon.colcon_core.shell:Skip shell extension 'dsv' for command environment
[1.351s] DEBUG:colcon.colcon_core.event_handler.log_command:Invoking command in '/home/nir/Desktop/Dailybot_GUI/src/gui': CONDA_PROMPT_MODIFIER=(base) PYTHONPATH=/home/nir/Desktop/Dailybot_GUI/build/gui/prefix_override:/home/nir/Desktop/Dailybot_GUI/install/gui/lib/python3.10/site-packages:${PYTHONPATH} /usr/bin/python3 setup.py egg_info --egg-base ../../build/gui build --build-base /home/nir/Desktop/Dailybot_GUI/build/gui/build install --record /home/nir/Desktop/Dailybot_GUI/build/gui/install.log --single-version-externally-managed
[1.355s] DEBUG:colcon.colcon_core.event_handler.log_command:Invoking command in '/home/nir/Desktop/Dailybot_GUI/src/logger': CONDA_PROMPT_MODIFIER=(base) PYTHONPATH=/home/nir/Desktop/Dailybot_GUI/build/logger/prefix_override:/home/nir/Desktop/Dailybot_GUI/install/logger/lib/python3.10/site-packages:${PYTHONPATH} /usr/bin/python3 setup.py egg_info --egg-base ../../build/logger build --build-base /home/nir/Desktop/Dailybot_GUI/build/logger/build install --record /home/nir/Desktop/Dailybot_GUI/build/logger/install.log --single-version-externally-managed
[1.356s] DEBUG:colcon.colcon_core.event_handler.log_command:Invoking command in '/home/nir/Desktop/Dailybot_GUI/src/fake_data': CONDA_PROMPT_MODIFIER=(base) PYTHONPATH=/home/nir/Desktop/Dailybot_GUI/build/fake_data/prefix_override:/home/nir/Desktop/Dailybot_GUI/install/fake_data/lib/python3.10/site-packages:${PYTHONPATH} /usr/bin/python3 setup.py egg_info --egg-base ../../build/fake_data build --build-base /home/nir/Desktop/Dailybot_GUI/build/fake_data/build install --record /home/nir/Desktop/Dailybot_GUI/build/fake_data/install.log --single-version-externally-managed
[1.359s] DEBUG:colcon.colcon_core.event_handler.log_command:Invoking command in '/home/nir/Desktop/Dailybot_GUI/src/process_data': CONDA_PROMPT_MODIFIER=(base) PYTHONPATH=/home/nir/Desktop/Dailybot_GUI/build/process_data/prefix_override:/home/nir/Desktop/Dailybot_GUI/install/process_data/lib/python3.10/site-packages:${PYTHONPATH} /usr/bin/python3 setup.py egg_info --egg-base ../../build/process_data build --build-base /home/nir/Desktop/Dailybot_GUI/build/process_data/build install --record /home/nir/Desktop/Dailybot_GUI/build/process_data/install.log --single-version-externally-managed
[1.560s] DEBUG:colcon.colcon_core.event_handler.log_command:Invoked command in '/home/nir/Desktop/Dailybot_GUI/src/logger' returned '0': CONDA_PROMPT_MODIFIER=(base) PYTHONPATH=/home/nir/Desktop/Dailybot_GUI/build/logger/prefix_override:/home/nir/Desktop/Dailybot_GUI/install/logger/lib/python3.10/site-packages:${PYTHONPATH} /usr/bin/python3 setup.py egg_info --egg-base ../../build/logger build --build-base /home/nir/Desktop/Dailybot_GUI/build/logger/build install --record /home/nir/Desktop/Dailybot_GUI/build/logger/install.log --single-version-externally-managed
[1.564s] Level 1:colcon.colcon_core.environment:checking '/home/nir/Desktop/Dailybot_GUI/install/logger' for CMake module files
[1.564s] Level 1:colcon.colcon_core.environment:checking '/home/nir/Desktop/Dailybot_GUI/install/logger' for CMake config files
[1.564s] Level 1:colcon.colcon_core.environment:checking '/home/nir/Desktop/Dailybot_GUI/install/logger/lib'
[1.565s] Level 1:colcon.colcon_core.environment:checking '/home/nir/Desktop/Dailybot_GUI/install/logger/bin'
[1.565s] Level 1:colcon.colcon_core.environment:checking '/home/nir/Desktop/Dailybot_GUI/install/logger/lib/pkgconfig/logger.pc'
[1.565s] Level 1:colcon.colcon_core.environment:checking '/home/nir/Desktop/Dailybot_GUI/install/logger/lib/python3.10/site-packages'
[1.565s] Level 1:colcon.colcon_core.shell:create_environment_hook('logger', 'pythonpath')
[1.566s] INFO:colcon.colcon_core.shell:Creating environment hook '/home/nir/Desktop/Dailybot_GUI/install/logger/share/logger/hook/pythonpath.ps1'
[1.566s] INFO:colcon.colcon_core.shell:Creating environment descriptor '/home/nir/Desktop/Dailybot_GUI/install/logger/share/logger/hook/pythonpath.dsv'
[1.567s] INFO:colcon.colcon_core.shell:Creating environment hook '/home/nir/Desktop/Dailybot_GUI/install/logger/share/logger/hook/pythonpath.sh'
[1.567s] Level 1:colcon.colcon_core.environment:checking '/home/nir/Desktop/Dailybot_GUI/install/logger/bin'
[1.567s] Level 1:colcon.colcon_core.environment:create_environment_scripts_only(logger)
[1.568s] INFO:colcon.colcon_core.shell:Creating package script '/home/nir/Desktop/Dailybot_GUI/install/logger/share/logger/package.ps1'
[1.568s] INFO:colcon.colcon_core.shell:Creating package descriptor '/home/nir/Desktop/Dailybot_GUI/install/logger/share/logger/package.dsv'
[1.569s] INFO:colcon.colcon_core.shell:Creating package script '/home/nir/Desktop/Dailybot_GUI/install/logger/share/logger/package.sh'
[1.569s] INFO:colcon.colcon_core.shell:Creating package script '/home/nir/Desktop/Dailybot_GUI/install/logger/share/logger/package.bash'
[1.570s] INFO:colcon.colcon_core.shell:Creating package script '/home/nir/Desktop/Dailybot_GUI/install/logger/share/logger/package.zsh'
[1.570s] Level 1:colcon.colcon_core.environment:create_file_with_runtime_dependencies(/home/nir/Desktop/Dailybot_GUI/install/logger/share/colcon-core/packages/logger)
[1.572s] Level 1:colcon.colcon_core.environment:checking '/home/nir/Desktop/Dailybot_GUI/install/process_data' for CMake module files
[1.573s] DEBUG:colcon.colcon_core.event_handler.log_command:Invoked command in '/home/nir/Desktop/Dailybot_GUI/src/process_data' returned '0': CONDA_PROMPT_MODIFIER=(base) PYTHONPATH=/home/nir/Desktop/Dailybot_GUI/build/process_data/prefix_override:/home/nir/Desktop/Dailybot_GUI/install/process_data/lib/python3.10/site-packages:${PYTHONPATH} /usr/bin/python3 setup.py egg_info --egg-base ../../build/process_data build --build-base /home/nir/Desktop/Dailybot_GUI/build/process_data/build install --record /home/nir/Desktop/Dailybot_GUI/build/process_data/install.log --single-version-externally-managed
[1.573s] Level 1:colcon.colcon_core.environment:checking '/home/nir/Desktop/Dailybot_GUI/install/process_data' for CMake config files
[1.573s] Level 1:colcon.colcon_core.environment:checking '/home/nir/Desktop/Dailybot_GUI/install/process_data/lib'
[1.573s] Level 1:colcon.colcon_core.environment:checking '/home/nir/Desktop/Dailybot_GUI/install/process_data/bin'
[1.573s] Level 1:colcon.colcon_core.environment:checking '/home/nir/Desktop/Dailybot_GUI/install/process_data/lib/pkgconfig/process_data.pc'
[1.573s] Level 1:colcon.colcon_core.environment:checking '/home/nir/Desktop/Dailybot_GUI/install/process_data/lib/python3.10/site-packages'
[1.573s] Level 1:colcon.colcon_core.shell:create_environment_hook('process_data', 'pythonpath')
[1.574s] INFO:colcon.colcon_core.shell:Creating environment hook '/home/nir/Desktop/Dailybot_GUI/install/process_data/share/process_data/hook/pythonpath.ps1'
[1.574s] INFO:colcon.colcon_core.shell:Creating environment descriptor '/home/nir/Desktop/Dailybot_GUI/install/process_data/share/process_data/hook/pythonpath.dsv'
[1.575s] INFO:colcon.colcon_core.shell:Creating environment hook '/home/nir/Desktop/Dailybot_GUI/install/process_data/share/process_data/hook/pythonpath.sh'
[1.575s] Level 1:colcon.colcon_core.environment:checking '/home/nir/Desktop/Dailybot_GUI/install/process_data/bin'
[1.575s] Level 1:colcon.colcon_core.environment:create_environment_scripts_only(process_data)
[1.576s] INFO:colcon.colcon_core.shell:Creating package script '/home/nir/Desktop/Dailybot_GUI/install/process_data/share/process_data/package.ps1'
[1.576s] INFO:colcon.colcon_core.shell:Creating package descriptor '/home/nir/Desktop/Dailybot_GUI/install/process_data/share/process_data/package.dsv'
[1.576s] INFO:colcon.colcon_core.shell:Creating package script '/home/nir/Desktop/Dailybot_GUI/install/process_data/share/process_data/package.sh'
[1.577s] INFO:colcon.colcon_core.shell:Creating package script '/home/nir/Desktop/Dailybot_GUI/install/process_data/share/process_data/package.bash'
[1.577s] INFO:colcon.colcon_core.shell:Creating package script '/home/nir/Desktop/Dailybot_GUI/install/process_data/share/process_data/package.zsh'
[1.577s] Level 1:colcon.colcon_core.environment:create_file_with_runtime_dependencies(/home/nir/Desktop/Dailybot_GUI/install/process_data/share/colcon-core/packages/process_data)
[1.578s] Level 1:colcon.colcon_core.environment:checking '/home/nir/Desktop/Dailybot_GUI/install/fake_data' for CMake module files
[1.579s] Level 1:colcon.colcon_core.environment:checking '/home/nir/Desktop/Dailybot_GUI/install/fake_data' for CMake config files
[1.579s] DEBUG:colcon.colcon_core.event_handler.log_command:Invoked command in '/home/nir/Desktop/Dailybot_GUI/src/fake_data' returned '0': CONDA_PROMPT_MODIFIER=(base) PYTHONPATH=/home/nir/Desktop/Dailybot_GUI/build/fake_data/prefix_override:/home/nir/Desktop/Dailybot_GUI/install/fake_data/lib/python3.10/site-packages:${PYTHONPATH} /usr/bin/python3 setup.py egg_info --egg-base ../../build/fake_data build --build-base /home/nir/Desktop/Dailybot_GUI/build/fake_data/build install --record /home/nir/Desktop/Dailybot_GUI/build/fake_data/install.log --single-version-externally-managed
[1.579s] Level 1:colcon.colcon_core.environment:checking '/home/nir/Desktop/Dailybot_GUI/install/fake_data/lib'
[1.579s] Level 1:colcon.colcon_core.environment:checking '/home/nir/Desktop/Dailybot_GUI/install/fake_data/bin'
[1.579s] Level 1:colcon.colcon_core.environment:checking '/home/nir/Desktop/Dailybot_GUI/install/fake_data/lib/pkgconfig/fake_data.pc'
[1.579s] Level 1:colcon.colcon_core.environment:checking '/home/nir/Desktop/Dailybot_GUI/install/fake_data/lib/python3.10/site-packages'
[1.579s] Level 1:colcon.colcon_core.shell:create_environment_hook('fake_data', 'pythonpath')
[1.580s] INFO:colcon.colcon_core.shell:Creating environment hook '/home/nir/Desktop/Dailybot_GUI/install/fake_data/share/fake_data/hook/pythonpath.ps1'
[1.580s] INFO:colcon.colcon_core.shell:Creating environment descriptor '/home/nir/Desktop/Dailybot_GUI/install/fake_data/share/fake_data/hook/pythonpath.dsv'
[1.581s] INFO:colcon.colcon_core.shell:Creating environment hook '/home/nir/Desktop/Dailybot_GUI/install/fake_data/share/fake_data/hook/pythonpath.sh'
[1.581s] Level 1:colcon.colcon_core.environment:checking '/home/nir/Desktop/Dailybot_GUI/install/fake_data/bin'
[1.581s] Level 1:colcon.colcon_core.environment:create_environment_scripts_only(fake_data)
[1.582s] INFO:colcon.colcon_core.shell:Creating package script '/home/nir/Desktop/Dailybot_GUI/install/fake_data/share/fake_data/package.ps1'
[1.582s] INFO:colcon.colcon_core.shell:Creating package descriptor '/home/nir/Desktop/Dailybot_GUI/install/fake_data/share/fake_data/package.dsv'
[1.582s] INFO:colcon.colcon_core.shell:Creating package script '/home/nir/Desktop/Dailybot_GUI/install/fake_data/share/fake_data/package.sh'
[1.582s] INFO:colcon.colcon_core.shell:Creating package script '/home/nir/Desktop/Dailybot_GUI/install/fake_data/share/fake_data/package.bash'
[1.583s] INFO:colcon.colcon_core.shell:Creating package script '/home/nir/Desktop/Dailybot_GUI/install/fake_data/share/fake_data/package.zsh'
[1.583s] Level 1:colcon.colcon_core.environment:create_file_with_runtime_dependencies(/home/nir/Desktop/Dailybot_GUI/install/fake_data/share/colcon-core/packages/fake_data)
[1.584s] Level 1:colcon.colcon_core.environment:checking '/home/nir/Desktop/Dailybot_GUI/install/gui' for CMake module files
[1.584s] Level 1:colcon.colcon_core.environment:checking '/home/nir/Desktop/Dailybot_GUI/install/gui' for CMake config files
[1.585s] DEBUG:colcon.colcon_core.event_handler.log_command:Invoked command in '/home/nir/Desktop/Dailybot_GUI/src/gui' returned '0': CONDA_PROMPT_MODIFIER=(base) PYTHONPATH=/home/nir/Desktop/Dailybot_GUI/build/gui/prefix_override:/home/nir/Desktop/Dailybot_GUI/install/gui/lib/python3.10/site-packages:${PYTHONPATH} /usr/bin/python3 setup.py egg_info --egg-base ../../build/gui build --build-base /home/nir/Desktop/Dailybot_GUI/build/gui/build install --record /home/nir/Desktop/Dailybot_GUI/build/gui/install.log --single-version-externally-managed
[1.585s] Level 1:colcon.colcon_core.environment:checking '/home/nir/Desktop/Dailybot_GUI/install/gui/lib'
[1.585s] Level 1:colcon.colcon_core.environment:checking '/home/nir/Desktop/Dailybot_GUI/install/gui/bin'
[1.585s] Level 1:colcon.colcon_core.environment:checking '/home/nir/Desktop/Dailybot_GUI/install/gui/lib/pkgconfig/gui.pc'
[1.585s] Level 1:colcon.colcon_core.environment:checking '/home/nir/Desktop/Dailybot_GUI/install/gui/lib/python3.10/site-packages'
[1.585s] Level 1:colcon.colcon_core.shell:create_environment_hook('gui', 'pythonpath')
[1.586s] INFO:colcon.colcon_core.shell:Creating environment hook '/home/nir/Desktop/Dailybot_GUI/install/gui/share/gui/hook/pythonpath.ps1'
[1.586s] INFO:colcon.colcon_core.shell:Creating environment descriptor '/home/nir/Desktop/Dailybot_GUI/install/gui/share/gui/hook/pythonpath.dsv'
[1.587s] INFO:colcon.colcon_core.shell:Creating environment hook '/home/nir/Desktop/Dailybot_GUI/install/gui/share/gui/hook/pythonpath.sh'
[1.587s] Level 1:colcon.colcon_core.environment:checking '/home/nir/Desktop/Dailybot_GUI/install/gui/bin'
[1.587s] Level 1:colcon.colcon_core.environment:create_environment_scripts_only(gui)
[1.588s] INFO:colcon.colcon_core.shell:Creating package script '/home/nir/Desktop/Dailybot_GUI/install/gui/share/gui/package.ps1'
[1.588s] INFO:colcon.colcon_core.shell:Creating package descriptor '/home/nir/Desktop/Dailybot_GUI/install/gui/share/gui/package.dsv'
[1.588s] INFO:colcon.colcon_core.shell:Creating package script '/home/nir/Desktop/Dailybot_GUI/install/gui/share/gui/package.sh'
[1.588s] INFO:colcon.colcon_core.shell:Creating package script '/home/nir/Desktop/Dailybot_GUI/install/gui/share/gui/package.bash'
[1.589s] INFO:colcon.colcon_core.shell:Creating package script '/home/nir/Desktop/Dailybot_GUI/install/gui/share/gui/package.zsh'
[1.589s] Level 1:colcon.colcon_core.environment:create_file_with_runtime_dependencies(/home/nir/Desktop/Dailybot_GUI/install/gui/share/colcon-core/packages/gui)
[1.589s] DEBUG:colcon.colcon_parallel_executor.executor.parallel:closing loop
[1.589s] DEBUG:colcon.colcon_parallel_executor.executor.parallel:loop closed
[1.589s] DEBUG:colcon.colcon_parallel_executor.executor.parallel:run_until_complete finished with '0'
[1.589s] DEBUG:colcon.colcon_core.event_reactor:joining thread
[1.596s] INFO:colcon.colcon_core.plugin_system:Skipping extension 'colcon_notification.desktop_notification.terminal_notifier': Not used on non-Darwin systems
[1.597s] INFO:colcon.colcon_core.plugin_system:Skipping extension 'colcon_notification.desktop_notification.win32': Not used on non-Windows systems
[1.597s] INFO:colcon.colcon_notification.desktop_notification:Sending desktop notification using 'notify2'
[1.611s] DEBUG:colcon.colcon_core.event_reactor:joined thread
[1.613s] INFO:colcon.colcon_core.shell:Creating prefix script '/home/nir/Desktop/Dailybot_GUI/install/local_setup.ps1'
[1.614s] INFO:colcon.colcon_core.shell:Creating prefix util module '/home/nir/Desktop/Dailybot_GUI/install/_local_setup_util_ps1.py'
[1.615s] INFO:colcon.colcon_core.shell:Creating prefix chain script '/home/nir/Desktop/Dailybot_GUI/install/setup.ps1'
[1.617s] INFO:colcon.colcon_core.shell:Creating prefix script '/home/nir/Desktop/Dailybot_GUI/install/local_setup.sh'
[1.617s] INFO:colcon.colcon_core.shell:Creating prefix util module '/home/nir/Desktop/Dailybot_GUI/install/_local_setup_util_sh.py'
[1.618s] INFO:colcon.colcon_core.shell:Creating prefix chain script '/home/nir/Desktop/Dailybot_GUI/install/setup.sh'
[1.619s] INFO:colcon.colcon_core.shell:Creating prefix script '/home/nir/Desktop/Dailybot_GUI/install/local_setup.bash'
[1.619s] INFO:colcon.colcon_core.shell:Creating prefix chain script '/home/nir/Desktop/Dailybot_GUI/install/setup.bash'
[1.620s] INFO:colcon.colcon_core.shell:Creating prefix script '/home/nir/Desktop/Dailybot_GUI/install/local_setup.zsh'
[1.621s] INFO:colcon.colcon_core.shell:Creating prefix chain script '/home/nir/Desktop/Dailybot_GUI/install/setup.zsh'
