[1.201s] Invoking command in '/home/nir/Desktop/Dailybot_GUI/src/logger': CONDA_PROMPT_MODIFIER=(base) PYTHONPATH=/home/nir/Desktop/Dailybot_GUI/build/logger/prefix_override:/home/nir/Desktop/Dailybot_GUI/install/logger/lib/python3.10/site-packages:${PYTHONPATH} /usr/bin/python3 setup.py egg_info --egg-base ../../build/logger build --build-base /home/nir/Desktop/Dailybot_GUI/build/logger/build install --record /home/nir/Desktop/Dailybot_GUI/build/logger/install.log --single-version-externally-managed
[1.375s] running egg_info
[1.377s] writing ../../build/logger/logger.egg-info/PKG-INFO
[1.377s] writing dependency_links to ../../build/logger/logger.egg-info/dependency_links.txt
[1.377s] writing entry points to ../../build/logger/logger.egg-info/entry_points.txt
[1.377s] writing requirements to ../../build/logger/logger.egg-info/requires.txt
[1.377s] writing top-level names to ../../build/logger/logger.egg-info/top_level.txt
[1.378s] reading manifest file '../../build/logger/logger.egg-info/SOURCES.txt'
[1.379s] writing manifest file '../../build/logger/logger.egg-info/SOURCES.txt'
[1.379s] running build
[1.379s] running build_py
[1.379s] running install
[1.379s] running install_lib
[1.381s] running install_data
[1.381s] running install_egg_info
[1.382s] removing '/home/nir/Desktop/Dailybot_GUI/install/logger/lib/python3.10/site-packages/logger-0.0.0-py3.10.egg-info' (and everything under it)
[1.382s] Copying ../../build/logger/logger.egg-info to /home/nir/Desktop/Dailybot_GUI/install/logger/lib/python3.10/site-packages/logger-0.0.0-py3.10.egg-info
[1.383s] running install_scripts
[1.398s] writing list of installed files to '/home/nir/Desktop/Dailybot_GUI/build/logger/install.log'
[1.438s] Invoked command in '/home/nir/Desktop/Dailybot_GUI/src/logger' returned '0': CONDA_PROMPT_MODIFIER=(base) PYTHONPATH=/home/nir/Desktop/Dailybot_GUI/build/logger/prefix_override:/home/nir/Desktop/Dailybot_GUI/install/logger/lib/python3.10/site-packages:${PYTHONPATH} /usr/bin/python3 setup.py egg_info --egg-base ../../build/logger build --build-base /home/nir/Desktop/Dailybot_GUI/build/logger/build install --record /home/nir/Desktop/Dailybot_GUI/build/logger/install.log --single-version-externally-managed
